[ 25%] [32mBuilding CXX object CMakeFiles/positioning_node.dir/src/ukf.cpp.o[0m
[ 50%] [32mBuilding CXX object CMakeFiles/positioning_node.dir/src/positioning_node.cpp.o[0m
[ 75%] [32m[1mLinking CXX executable positioning_node[0m
[100%] Built target positioning_node
-- Install configuration: ""
-- Installing: /home/studamr/ros2_ws_exer01/install/kalman_positioning/lib/kalman_positioning/positioning_node
-- Set non-toolchain portion of runtime path of "/home/studamr/ros2_ws_exer01/install/kalman_positioning/lib/kalman_positioning/positioning_node" to ""
-- Up-to-date: /home/studamr/ros2_ws_exer01/install/kalman_positioning/include
-- Up-to-date: /home/studamr/ros2_ws_exer01/install/kalman_positioning/include/kalman_positioning
-- Up-to-date: /home/studamr/ros2_ws_exer01/install/kalman_positioning/include/kalman_positioning/ukf.hpp
-- Up-to-date: /home/studamr/ros2_ws_exer01/install/kalman_positioning/include/kalman_positioning/landmark_manager.hpp
-- Up-to-date: /home/studamr/ros2_ws_exer01/install/kalman_positioning/share/kalman_positioning/launch
-- Up-to-date: /home/studamr/ros2_ws_exer01/install/kalman_positioning/share/kalman_positioning/launch/positioning.launch.py
-- Up-to-date: /home/studamr/ros2_ws_exer01/install/kalman_positioning/share/kalman_positioning/data
-- Up-to-date: /home/studamr/ros2_ws_exer01/install/kalman_positioning/share/kalman_positioning/data/landmarks.csv
-- Up-to-date: /home/studamr/ros2_ws_exer01/install/kalman_positioning/share/ament_index/resource_index/package_run_dependencies/kalman_positioning
-- Up-to-date: /home/studamr/ros2_ws_exer01/install/kalman_positioning/share/ament_index/resource_index/parent_prefix_path/kalman_positioning
-- Up-to-date: /home/studamr/ros2_ws_exer01/install/kalman_positioning/share/kalman_positioning/environment/ament_prefix_path.sh
-- Up-to-date: /home/studamr/ros2_ws_exer01/install/kalman_positioning/share/kalman_positioning/environment/ament_prefix_path.dsv
-- Up-to-date: /home/studamr/ros2_ws_exer01/install/kalman_positioning/share/kalman_positioning/environment/path.sh
-- Up-to-date: /home/studamr/ros2_ws_exer01/install/kalman_positioning/share/kalman_positioning/environment/path.dsv
-- Up-to-date: /home/studamr/ros2_ws_exer01/install/kalman_positioning/share/kalman_positioning/local_setup.bash
-- Up-to-date: /home/studamr/ros2_ws_exer01/install/kalman_positioning/share/kalman_positioning/local_setup.sh
-- Up-to-date: /home/studamr/ros2_ws_exer01/install/kalman_positioning/share/kalman_positioning/local_setup.zsh
-- Up-to-date: /home/studamr/ros2_ws_exer01/install/kalman_positioning/share/kalman_positioning/local_setup.dsv
-- Installing: /home/studamr/ros2_ws_exer01/install/kalman_positioning/share/kalman_positioning/package.dsv
-- Up-to-date: /home/studamr/ros2_ws_exer01/install/kalman_positioning/share/ament_index/resource_index/packages/kalman_positioning
-- Up-to-date: /home/studamr/ros2_ws_exer01/install/kalman_positioning/share/kalman_positioning/cmake/kalman_positioningConfig.cmake
-- Up-to-date: /home/studamr/ros2_ws_exer01/install/kalman_positioning/share/kalman_positioning/cmake/kalman_positioningConfig-version.cmake
-- Up-to-date: /home/studamr/ros2_ws_exer01/install/kalman_positioning/share/kalman_positioning/package.xml
