[0.047s] Invoking command in '/home/studamr/ros2_ws_exer01/build/kalman_positioning': CMAKE_PREFIX_PATH=${CMAKE_PREFIX_PATH}:/opt/ros/kilted DEBUGINFOD_URLS=https://debuginfod.ubuntu.com /usr/bin/cmake --build /home/studamr/ros2_ws_exer01/build/kalman_positioning -- -j4 -l4
[0.147s] -- Found ament_cmake: 2.7.3 (/opt/ros/kilted/share/ament_cmake/cmake)
[0.747s] -- Found rclcpp: 29.5.3 (/opt/ros/kilted/share/rclcpp/cmake)
[0.814s] -- Found rosidl_generator_c: 4.9.5 (/opt/ros/kilted/share/rosidl_generator_c/cmake)
[0.826s] -- Found rosidl_generator_cpp: 4.9.5 (/opt/ros/kilted/share/rosidl_generator_cpp/cmake)
[0.849s] -- Using all available rosidl_typesupport_c: rosidl_typesupport_fastrtps_c;rosidl_typesupport_introspection_c
[0.872s] -- Using all available rosidl_typesupport_cpp: rosidl_typesupport_fastrtps_cpp;rosidl_typesupport_introspection_cpp
[0.959s] -- Found rmw_implementation_cmake: 7.8.2 (/opt/ros/kilted/share/rmw_implementation_cmake/cmake)
[0.963s] -- Found rmw_fastrtps_cpp: 9.3.3 (/opt/ros/kilted/share/rmw_fastrtps_cpp/cmake)
[1.041s] -- Using RMW implementation 'rmw_fastrtps_cpp' as default
[1.153s] -- Found nav_msgs: 5.5.1 (/opt/ros/kilted/share/nav_msgs/cmake)
[1.235s] -- Found sensor_msgs: 5.5.1 (/opt/ros/kilted/share/sensor_msgs/cmake)
[1.273s] -- Found tf2: 0.41.2 (/opt/ros/kilted/share/tf2/cmake)
[1.279s] -- Found tf2_geometry_msgs: 0.41.2 (/opt/ros/kilted/share/tf2_geometry_msgs/cmake)
[1.287s] -- Found eigen3_cmake_module: 0.4.0 (/opt/ros/kilted/share/eigen3_cmake_module/cmake)
[1.290s] -- Ensuring Eigen3 include directory is part of orocos-kdl CMake target
[1.446s] [0mCMake Deprecation Warning at /opt/ros/kilted/share/ament_cmake_target_dependencies/cmake/ament_target_dependencies.cmake:87 (message):
[1.447s]   ament_target_dependencies() is deprecated.  Use target_link_libraries()
[1.447s]   with modern CMake targets instead.  Try replacing this call with:
[1.447s] 
[1.447s]     target_link_libraries(positioning_node PUBLIC
[1.447s]       ${geometry_msgs_TARGETS}
[1.447s]       ${nav_msgs_TARGETS}
[1.447s]       ${sensor_msgs_TARGETS}
[1.447s]       rclcpp::rclcpp
[1.447s]       sensor_msgs::sensor_msgs_library
[1.447s]       tf2::tf2
[1.447s]       tf2_geometry_msgs::tf2_geometry_msgs
[1.448s]     )
[1.448s] 
[1.448s] Call Stack (most recent call first):
[1.448s]   CMakeLists.txt:36 (ament_target_dependencies)
[1.448s] 
[1.448s] [0m
[1.448s] [31mCMake Error at CMakeLists.txt:61 (install):
[1.448s]   install FILES given directory "data" to install.
[1.448s] 
[1.448s] [0m
[1.448s] -- Found ament_lint_auto: 0.19.2 (/opt/ros/kilted/share/ament_lint_auto/cmake)
[1.675s] -- Added test 'cppcheck' to perform static code analysis on C / C++ code
[1.722s] -- Configured cppcheck include dirs: /home/studamr/ros2_ws_exer01/src/kalman_positioning/include
[1.722s] -- Configured cppcheck exclude dirs and/or files: 
[1.722s] -- Added test 'flake8' to check Python code syntax and style conventions
[1.723s] -- Configured 'flake8' exclude dirs and/or files: 
[1.723s] -- Added test 'lint_cmake' to check CMake code style
[1.723s] -- Added test 'pep257' to check Python code against some of the docstring style conventions in PEP 257
[1.723s] -- Added test 'uncrustify' to check C / C++ code style
[1.723s] -- Configured uncrustify additional arguments: 
[1.723s] -- Added test 'xmllint' to check XML markup files
[1.723s] -- Configuring incomplete, errors occurred!
[1.732s] gmake: *** [Makefile:321: cmake_check_build_system] Error 1
[1.735s] Invoked command in '/home/studamr/ros2_ws_exer01/build/kalman_positioning' returned '2': CMAKE_PREFIX_PATH=${CMAKE_PREFIX_PATH}:/opt/ros/kilted DEBUGINFOD_URLS=https://debuginfod.ubuntu.com /usr/bin/cmake --build /home/studamr/ros2_ws_exer01/build/kalman_positioning -- -j4 -l4
