[0.078s] Invoking command in '/home/studamr/ros2_ws_exer01/build/kalman_positioning': CMAKE_PREFIX_PATH=${CMAKE_PREFIX_PATH}:/opt/ros/kilted DEBUGINFOD_URLS=https://debuginfod.ubuntu.com /usr/bin/cmake --build /home/studamr/ros2_ws_exer01/build/kalman_positioning -- -j4 -l4
[0.416s] [100%] Built target positioning_node
[0.551s] Invoked command in '/home/studamr/ros2_ws_exer01/build/kalman_positioning' returned '0': CMAKE_PREFIX_PATH=${CMAKE_PREFIX_PATH}:/opt/ros/kilted DEBUGINFOD_URLS=https://debuginfod.ubuntu.com /usr/bin/cmake --build /home/studamr/ros2_ws_exer01/build/kalman_positioning -- -j4 -l4
[0.558s] Invoking command in '/home/studamr/ros2_ws_exer01/build/kalman_positioning': CMAKE_PREFIX_PATH=${CMAKE_PREFIX_PATH}:/opt/ros/kilted DEBUGINFOD_URLS=https://debuginfod.ubuntu.com /usr/bin/cmake --install /home/studamr/ros2_ws_exer01/build/kalman_positioning
[0.599s] -- Install configuration: ""
[0.606s] -- Up-to-date: /home/studamr/ros2_ws_exer01/install/kalman_positioning/lib/kalman_positioning/positioning_node
[0.606s] -- Up-to-date: /home/studamr/ros2_ws_exer01/install/kalman_positioning/include
[0.610s] -- Up-to-date: /home/studamr/ros2_ws_exer01/install/kalman_positioning/include/kalman_positioning
[0.610s] -- Up-to-date: /home/studamr/ros2_ws_exer01/install/kalman_positioning/include/kalman_positioning/ukf.hpp
[0.610s] -- Up-to-date: /home/studamr/ros2_ws_exer01/install/kalman_positioning/include/kalman_positioning/landmark_manager.hpp
[0.610s] -- Up-to-date: /home/studamr/ros2_ws_exer01/install/kalman_positioning/share/kalman_positioning/launch
[0.610s] -- Up-to-date: /home/studamr/ros2_ws_exer01/install/kalman_positioning/share/kalman_positioning/launch/positioning.launch.py
[0.610s] -- Up-to-date: /home/studamr/ros2_ws_exer01/install/kalman_positioning/share/kalman_positioning/data
[0.610s] -- Installing: /home/studamr/ros2_ws_exer01/install/kalman_positioning/share/kalman_positioning/data/landmarks.csv
[0.610s] -- Up-to-date: /home/studamr/ros2_ws_exer01/install/kalman_positioning/share/ament_index/resource_index/package_run_dependencies/kalman_positioning
[0.610s] -- Up-to-date: /home/studamr/ros2_ws_exer01/install/kalman_positioning/share/ament_index/resource_index/parent_prefix_path/kalman_positioning
[0.610s] -- Up-to-date: /home/studamr/ros2_ws_exer01/install/kalman_positioning/share/kalman_positioning/environment/ament_prefix_path.sh
[0.611s] -- Up-to-date: /home/studamr/ros2_ws_exer01/install/kalman_positioning/share/kalman_positioning/environment/ament_prefix_path.dsv
[0.611s] -- Up-to-date: /home/studamr/ros2_ws_exer01/install/kalman_positioning/share/kalman_positioning/environment/path.sh
[0.616s] -- Up-to-date: /home/studamr/ros2_ws_exer01/install/kalman_positioning/share/kalman_positioning/environment/path.dsv
[0.616s] -- Up-to-date: /home/studamr/ros2_ws_exer01/install/kalman_positioning/share/kalman_positioning/local_setup.bash
[0.617s] -- Up-to-date: /home/studamr/ros2_ws_exer01/install/kalman_positioning/share/kalman_positioning/local_setup.sh
[0.617s] -- Up-to-date: /home/studamr/ros2_ws_exer01/install/kalman_positioning/share/kalman_positioning/local_setup.zsh
[0.617s] -- Up-to-date: /home/studamr/ros2_ws_exer01/install/kalman_positioning/share/kalman_positioning/local_setup.dsv
[0.617s] -- Installing: /home/studamr/ros2_ws_exer01/install/kalman_positioning/share/kalman_positioning/package.dsv
[0.617s] -- Up-to-date: /home/studamr/ros2_ws_exer01/install/kalman_positioning/share/ament_index/resource_index/packages/kalman_positioning
[0.617s] -- Up-to-date: /home/studamr/ros2_ws_exer01/install/kalman_positioning/share/kalman_positioning/cmake/kalman_positioningConfig.cmake
[0.617s] -- Up-to-date: /home/studamr/ros2_ws_exer01/install/kalman_positioning/share/kalman_positioning/cmake/kalman_positioningConfig-version.cmake
[0.617s] -- Up-to-date: /home/studamr/ros2_ws_exer01/install/kalman_positioning/share/kalman_positioning/package.xml
[0.627s] Invoked command in '/home/studamr/ros2_ws_exer01/build/kalman_positioning' returned '0': CMAKE_PREFIX_PATH=${CMAKE_PREFIX_PATH}:/opt/ros/kilted DEBUGINFOD_URLS=https://debuginfod.ubuntu.com /usr/bin/cmake --install /home/studamr/ros2_ws_exer01/build/kalman_positioning
