[ 25%] [32mBuilding CXX object CMakeFiles/positioning_node.dir/src/positioning_node.cpp.o[0m
[01m[K/home/studamr/ros2_ws_exer01/src/kalman_positioning/src/positioning_node.cpp:[m[K In member function ‘[01m[Kvoid PositioningNode::[01;32m[KlandmarksObservedCallback[m[K(sensor_msgs::msg::PointCloud2_<std::allocator<void> >::SharedPtr)[m[K’:
[01m[K/home/studamr/ros2_ws_exer01/src/kalman_positioning/src/positioning_node.cpp:322:18:[m[K [01;31m[Kerror: [m[Kcannot convert ‘[01m[Kstd::vector<std::tuple<int, double, double, double> >::empty[m[K’ from type ‘[01m[Kbool (std::vector<std::tuple<int, double, double, double> >::)() const noexcept[m[K’ to type ‘[01m[Kbool[m[K’
  322 |         if (!obs.[01;31m[Kempty[m[K){
      |                  [01;31m[K^~~~~[m[K
[01m[K/home/studamr/ros2_ws_exer01/src/kalman_positioning/src/positioning_node.cpp:322:18:[m[K [01;31m[Kerror: [m[Kin argument to unary !
  322 |         if (![01;31m[Kobs.empty[m[K){
      |              [01;31m[K~~~~^~~~~[m[K
[01m[K/home/studamr/ros2_ws_exer01/src/kalman_positioning/src/positioning_node.cpp:323:18:[m[K [01;31m[Kerror: [m[K‘[01m[Kclass std::unique_ptr<UKF>[m[K’ has no member named ‘[01m[Kupdate[m[K’
  323 |             ukf_.[01;31m[Kupdate[m[K(obs);
      |                  [01;31m[K^~~~~~[m[K
In file included from [01m[K/usr/include/x86_64-linux-gnu/c++/13/bits/c++allocator.h:33[m[K,
                 from [01m[K/usr/include/c++/13/bits/allocator.h:46[m[K,
                 from [01m[K/usr/include/c++/13/memory:65[m[K,
                 from [01m[K/opt/ros/kilted/include/rclcpp/rclcpp/rclcpp.hpp:169[m[K,
                 from [01m[K/home/studamr/ros2_ws_exer01/src/kalman_positioning/src/positioning_node.cpp:1[m[K:
/usr/include/c++/13/bits/new_allocator.h: In instantiation of ‘[01m[Kvoid std::__new_allocator<_Tp>::[01;32m[Kconstruct[m[K(_Up*, _Args&& ...) [35m[K[with _Up = std::tuple<int, double, double, double>; _Args = {int&, float&, float&}; _Tp = std::tuple<int, double, double, double>][m[K[m[K’:
[01m[K/usr/include/c++/13/bits/alloc_traits.h:538:17:[m[K   required from ‘[01m[Kstatic void std::allocator_traits<std::allocator<_Tp1> >::[01;32m[Kconstruct[m[K(allocator_type&, _Up*, _Args&& ...) [35m[K[with _Up = std::tuple<int, double, double, double>; _Args = {int&, float&, float&}; _Tp = std::tuple<int, double, double, double>; allocator_type = std::allocator<std::tuple<int, double, double, double> >][m[K[m[K’
[01m[K/usr/include/c++/13/bits/vector.tcc:117:30:[m[K   required from ‘[01m[Kstd::vector<_Tp, _Alloc>::reference std::vector<_Tp, _Alloc>::[01;32m[Kemplace_back[m[K(_Args&& ...) [35m[K[with _Args = {int&, float&, float&}; _Tp = std::tuple<int, double, double, double>; _Alloc = std::allocator<std::tuple<int, double, double, double> >; reference = std::tuple<int, double, double, double>&][m[K[m[K’
[01m[K/home/studamr/ros2_ws_exer01/src/kalman_positioning/src/positioning_node.cpp:312:33:[m[K   required from here
[01m[K/usr/include/c++/13/bits/new_allocator.h:191:11:[m[K [01;31m[Kerror: [m[Kno matching function for call to ‘[01m[Kstd::tuple<int, double, double, double>::tuple(int&, float&, float&)[m[K’
  191 |         { [01;31m[K::new((void *)__p) _Up(std::forward<_Args>(__args)...)[m[K; }
      |           [01;31m[K^~~~~~~~~~~~~~~~~~~~~~~~~~~~~~~~~~~~~~~~~~~~~~~~~~~~~~[m[K
In file included from [01m[K/usr/include/c++/13/bits/unique_ptr.h:36[m[K,
                 from [01m[K/usr/include/c++/13/memory:78[m[K:
[01m[K/usr/include/c++/13/tuple:1065:9:[m[K [01;36m[Knote: [m[Kcandidate: ‘[01m[Ktemplate<class _Alloc, class ... _UElements, bool _Valid, typename std::enable_if<std::tuple<int, double, double, double>::_TCC<_Valid>::__is_explicitly_constructible<_UElements ...>(), bool>::type <anonymous> > std::tuple< <template-parameter-1-1> >::[01;32m[Ktuple[m[K(std::allocator_arg_t, const _Alloc&, std::tuple<_Args2 ...>&&) [35m[K[with _UElements = _Alloc; bool _Valid = {_UElements ...}; typename std::enable_if<_TCC<_Valid>::__is_explicitly_constructible<_UElements ...>(), bool>::type <anonymous> = _Valid; _Elements = {int, double, double, double}][m[K[m[K’
 1065 |         [01;36m[Ktuple[m[K(allocator_arg_t __tag, const _Alloc& __a,
      |         [01;36m[K^~~~~[m[K
[01m[K/usr/include/c++/13/tuple:1065:9:[m[K [01;36m[Knote: [m[K  template argument deduction/substitution failed:
[01m[K/usr/include/c++/13/bits/new_allocator.h:191:11:[m[K [01;36m[Knote: [m[K  mismatched types ‘[01m[Kstd::tuple<_UTypes ...>[m[K’ and ‘[01m[Kfloat[m[K’
  191 |         { [01;36m[K::new((void *)__p) _Up(std::forward<_Args>(__args)...)[m[K; }
      |           [01;36m[K^~~~~~~~~~~~~~~~~~~~~~~~~~~~~~~~~~~~~~~~~~~~~~~~~~~~~~[m[K
[01m[K/usr/include/c++/13/tuple:1053:9:[m[K [01;36m[Knote: [m[Kcandidate: ‘[01m[Ktemplate<class _Alloc, class ... _UElements, bool _Valid, typename std::enable_if<std::tuple<int, double, double, double>::_TCC<_Valid>::__is_implicitly_constructible<_UElements ...>(), bool>::type <anonymous> > std::tuple< <template-parameter-1-1> >::[01;32m[Ktuple[m[K(std::allocator_arg_t, const _Alloc&, std::tuple<_Args2 ...>&&) [35m[K[with _UElements = _Alloc; bool _Valid = {_UElements ...}; typename std::enable_if<_TCC<_Valid>::__is_implicitly_constructible<_UElements ...>(), bool>::type <anonymous> = _Valid; _Elements = {int, double, double, double}][m[K[m[K’
 1053 |         [01;36m[Ktuple[m[K(allocator_arg_t __tag, const _Alloc& __a,
      |         [01;36m[K^~~~~[m[K
[01m[K/usr/include/c++/13/tuple:1053:9:[m[K [01;36m[Knote: [m[K  template argument deduction/substitution failed:
[01m[K/usr/include/c++/13/bits/new_allocator.h:191:11:[m[K [01;36m[Knote: [m[K  mismatched types ‘[01m[Kstd::tuple<_UTypes ...>[m[K’ and ‘[01m[Kfloat[m[K’
  191 |         { [01;36m[K::new((void *)__p) _Up(std::forward<_Args>(__args)...)[m[K; }
      |           [01;36m[K^~~~~~~~~~~~~~~~~~~~~~~~~~~~~~~~~~~~~~~~~~~~~~~~~~~~~~[m[K
[01m[K/usr/include/c++/13/tuple:1042:9:[m[K [01;36m[Knote: [m[Kcandidate: ‘[01m[Ktemplate<class _Alloc, class ... _UElements, bool _Valid, typename std::enable_if<std::tuple<int, double, double, double>::_TCC<_Valid>::__is_explicitly_constructible<const _UElements& ...>(), bool>::type <anonymous> > std::tuple< <template-parameter-1-1> >::[01;32m[Ktuple[m[K(std::allocator_arg_t, const _Alloc&, const std::tuple<_Args2 ...>&) [35m[K[with _UElements = _Alloc; bool _Valid = {_UElements ...}; typename std::enable_if<_TCC<_Valid>::__is_explicitly_constructible<const _UElements& ...>(), bool>::type <anonymous> = _Valid; _Elements = {int, double, double, double}][m[K[m[K’
 1042 |         [01;36m[Ktuple[m[K(allocator_arg_t __tag, const _Alloc& __a,
      |         [01;36m[K^~~~~[m[K
[01m[K/usr/include/c++/13/tuple:1042:9:[m[K [01;36m[Knote: [m[K  template argument deduction/substitution failed:
[01m[K/usr/include/c++/13/bits/new_allocator.h:191:11:[m[K [01;36m[Knote: [m[K  mismatched types ‘[01m[Kconst std::tuple<_UTypes ...>[m[K’ and ‘[01m[Kfloat[m[K’
  191 |         { [01;36m[K::new((void *)__p) _Up(std::forward<_Args>(__args)...)[m[K; }
      |           [01;36m[K^~~~~~~~~~~~~~~~~~~~~~~~~~~~~~~~~~~~~~~~~~~~~~~~~~~~~~[m[K
[01m[K/usr/include/c++/13/tuple:1030:9:[m[K [01;36m[Knote: [m[Kcandidate: ‘[01m[Ktemplate<class _Alloc, class ... _UElements, bool _Valid, typename std::enable_if<std::tuple<int, double, double, double>::_TCC<_Valid>::__is_implicitly_constructible<const _UElements& ...>(), bool>::type <anonymous> > std::tuple< <template-parameter-1-1> >::[01;32m[Ktuple[m[K(std::allocator_arg_t, const _Alloc&, const std::tuple<_Args2 ...>&) [35m[K[with _UElements = _Alloc; bool _Valid = {_UElements ...}; typename std::enable_if<_TCC<_Valid>::__is_implicitly_constructible<const _UElements& ...>(), bool>::type <anonymous> = _Valid; _Elements = {int, double, double, double}][m[K[m[K’
 1030 |         [01;36m[Ktuple[m[K(allocator_arg_t __tag, const _Alloc& __a,
      |         [01;36m[K^~~~~[m[K
[01m[K/usr/include/c++/13/tuple:1030:9:[m[K [01;36m[Knote: [m[K  template argument deduction/substitution failed:
[01m[K/usr/include/c++/13/bits/new_allocator.h:191:11:[m[K [01;36m[Knote: [m[K  mismatched types ‘[01m[Kconst std::tuple<_UTypes ...>[m[K’ and ‘[01m[Kfloat[m[K’
  191 |         { [01;36m[K::new((void *)__p) _Up(std::forward<_Args>(__args)...)[m[K; }
      |           [01;36m[K^~~~~~~~~~~~~~~~~~~~~~~~~~~~~~~~~~~~~~~~~~~~~~~~~~~~~~[m[K
[01m[K/usr/include/c++/13/tuple:1022:9:[m[K [01;36m[Knote: [m[Kcandidate: ‘[01m[Ktemplate<class _Alloc> std::tuple< <template-parameter-1-1> >::[01;32m[Ktuple[m[K(std::allocator_arg_t, const _Alloc&, std::tuple< <template-parameter-1-1> >&&) [35m[K[with _Elements = {int, double, double, double}][m[K[m[K’
 1022 |         [01;36m[Ktuple[m[K(allocator_arg_t __tag, const _Alloc& __a, tuple&& __in)
      |         [01;36m[K^~~~~[m[K
[01m[K/usr/include/c++/13/tuple:1022:9:[m[K [01;36m[Knote: [m[K  template argument deduction/substitution failed:
[01m[K/usr/include/c++/13/bits/new_allocator.h:191:11:[m[K [01;36m[Knote: [m[K  cannot convert ‘[01m[Kstd::forward<int&>((* & __args#0))[m[K’ (type ‘[01m[Kint[m[K’) to type ‘[01m[Kstd::allocator_arg_t[m[K’
  191 |         { [01;36m[K::new((void *)__p) _Up(std::forward<_Args>(__args)...)[m[K; }
      |           [01;36m[K^~~~~~~~~~~~~~~~~~~~~~~~~~~~~~~~~~~~~~~~~~~~~~~~~~~~~~[m[K
[01m[K/usr/include/c++/13/tuple:1017:9:[m[K [01;36m[Knote: [m[Kcandidate: ‘[01m[Ktemplate<class _Alloc> std::tuple< <template-parameter-1-1> >::[01;32m[Ktuple[m[K(std::allocator_arg_t, const _Alloc&, const std::tuple< <template-parameter-1-1> >&) [35m[K[with _Elements = {int, double, double, double}][m[K[m[K’
 1017 |         [01;36m[Ktuple[m[K(allocator_arg_t __tag, const _Alloc& __a, const tuple& __in)
      |         [01;36m[K^~~~~[m[K
[01m[K/usr/include/c++/13/tuple:1017:9:[m[K [01;36m[Knote: [m[K  template argument deduction/substitution failed:
[01m[K/usr/include/c++/13/bits/new_allocator.h:191:11:[m[K [01;36m[Knote: [m[K  cannot convert ‘[01m[Kstd::forward<int&>((* & __args#0))[m[K’ (type ‘[01m[Kint[m[K’) to type ‘[01m[Kstd::allocator_arg_t[m[K’
  191 |         { [01;36m[K::new((void *)__p) _Up(std::forward<_Args>(__args)...)[m[K; }
      |           [01;36m[K^~~~~~~~~~~~~~~~~~~~~~~~~~~~~~~~~~~~~~~~~~~~~~~~~~~~~~[m[K
[01m[K/usr/include/c++/13/tuple:1010:9:[m[K [01;36m[Knote: [m[Kcandidate: ‘[01m[Ktemplate<class _Alloc, class ... _UElements, bool _Valid, typename std::enable_if<std::tuple<int, double, double, double>::_TCC<_Valid>::__is_explicitly_constructible<_UElements ...>(), bool>::type <anonymous> > std::tuple< <template-parameter-1-1> >::[01;32m[Ktuple[m[K(std::allocator_arg_t, const _Alloc&, _UElements&& ...) [35m[K[with _UElements = _Alloc; bool _Valid = {_UElements ...}; typename std::enable_if<_TCC<_Valid>::__is_explicitly_constructible<_UElements ...>(), bool>::type <anonymous> = _Valid; _Elements = {int, double, double, double}][m[K[m[K’
 1010 |         [01;36m[Ktuple[m[K(allocator_arg_t __tag, const _Alloc& __a,
      |         [01;36m[K^~~~~[m[K
[01m[K/usr/include/c++/13/tuple:1010:9:[m[K [01;36m[Knote: [m[K  template argument deduction/substitution failed:
[01m[K/usr/include/c++/13/tuple:1007:55:[m[K [01;31m[Kerror: [m[Kno type named ‘[01m[Ktype[m[K’ in ‘[01m[Kstruct std::enable_if<false, bool>[m[K’
 1007 |                _ExplicitCtor<_Valid, _UElements...> = [01;31m[Kfalse[m[K>
      |                                                       [01;31m[K^~~~~[m[K
[01m[K/usr/include/c++/13/tuple:1000:9:[m[K [01;36m[Knote: [m[Kcandidate: ‘[01m[Ktemplate<class _Alloc, class ... _UElements, bool _Valid, typename std::enable_if<std::tuple<int, double, double, double>::_TCC<_Valid>::__is_implicitly_constructible<_UElements ...>(), bool>::type <anonymous> > std::tuple< <template-parameter-1-1> >::[01;32m[Ktuple[m[K(std::allocator_arg_t, const _Alloc&, _UElements&& ...) [35m[K[with _UElements = _Alloc; bool _Valid = {_UElements ...}; typename std::enable_if<_TCC<_Valid>::__is_implicitly_constructible<_UElements ...>(), bool>::type <anonymous> = _Valid; _Elements = {int, double, double, double}][m[K[m[K’
 1000 |         [01;36m[Ktuple[m[K(allocator_arg_t __tag, const _Alloc& __a,
      |         [01;36m[K^~~~~[m[K
[01m[K/usr/include/c++/13/tuple:1000:9:[m[K [01;36m[Knote: [m[K  template argument deduction/substitution failed:
[01m[K/usr/include/c++/13/tuple:998:55:[m[K [01;31m[Kerror: [m[Kno type named ‘[01m[Ktype[m[K’ in ‘[01m[Kstruct std::enable_if<false, bool>[m[K’
  998 |                _ImplicitCtor<_Valid, _UElements...> = [01;31m[Ktrue[m[K>
      |                                                       [01;31m[K^~~~[m[K
[01m[K/usr/include/c++/13/tuple:992:9:[m[K [01;36m[Knote: [m[Kcandidate: ‘[01m[Ktemplate<class _Alloc, bool _NotEmpty, typename std::enable_if<std::tuple<int, double, double, double>::_TCC<_Valid>::__is_explicitly_constructible<const int&, const double&, const double&, const double&>(), bool>::type <anonymous> > std::tuple< <template-parameter-1-1> >::[01;32m[Ktuple[m[K(std::allocator_arg_t, const _Alloc&, const _Elements& ...) [35m[K[with bool _NotEmpty = _Alloc; typename std::enable_if<_TCC<_Valid>::__is_explicitly_constructible<const _Elements& ...>(), bool>::type <anonymous> = _NotEmpty; _Elements = {int, double, double, double}][m[K[m[K’
  992 |         [01;36m[Ktuple[m[K(allocator_arg_t __tag, const _Alloc& __a,
      |         [01;36m[K^~~~~[m[K
[01m[K/usr/include/c++/13/tuple:992:9:[m[K [01;36m[Knote: [m[K  template argument deduction/substitution failed:
[01m[K/usr/include/c++/13/bits/new_allocator.h:191:11:[m[K [01;36m[Knote: [m[K  candidate expects 6 arguments, 3 provided
  191 |         { [01;36m[K::new((void *)__p) _Up(std::forward<_Args>(__args)...)[m[K; }
      |           [01;36m[K^~~~~~~~~~~~~~~~~~~~~~~~~~~~~~~~~~~~~~~~~~~~~~~~~~~~~~[m[K
[01m[K/usr/include/c++/13/tuple:984:9:[m[K [01;36m[Knote: [m[Kcandidate: ‘[01m[Ktemplate<class _Alloc, bool _NotEmpty, typename std::enable_if<std::tuple<int, double, double, double>::_TCC<_Valid>::__is_implicitly_constructible<const int&, const double&, const double&, const double&>(), bool>::type <anonymous> > std::tuple< <template-parameter-1-1> >::[01;32m[Ktuple[m[K(std::allocator_arg_t, const _Alloc&, const _Elements& ...) [35m[K[with bool _NotEmpty = _Alloc; typename std::enable_if<_TCC<_Valid>::__is_implicitly_constructible<const _Elements& ...>(), bool>::type <anonymous> = _NotEmpty; _Elements = {int, double, double, double}][m[K[m[K’
  984 |         [01;36m[Ktuple[m[K(allocator_arg_t __tag, const _Alloc& __a,
      |         [01;36m[K^~~~~[m[K
[01m[K/usr/include/c++/13/tuple:984:9:[m[K [01;36m[Knote: [m[K  template argument deduction/substitution failed:
[01m[K/usr/include/c++/13/bits/new_allocator.h:191:11:[m[K [01;36m[Knote: [m[K  candidate expects 6 arguments, 3 provided
  191 |         { [01;36m[K::new((void *)__p) _Up(std::forward<_Args>(__args)...)[m[K; }
      |           [01;36m[K^~~~~~~~~~~~~~~~~~~~~~~~~~~~~~~~~~~~~~~~~~~~~~~~~~~~~~[m[K
[01m[K/usr/include/c++/13/tuple:978:9:[m[K [01;36m[Knote: [m[Kcandidate: ‘[01m[Ktemplate<class _Alloc, typename std::enable_if<std::tuple<int, double, double, double>::_TCC<std::is_object<_Alloc>::value>::__is_explicitly_default_constructible(), bool>::type <anonymous> > std::tuple< <template-parameter-1-1> >::[01;32m[Ktuple[m[K(std::allocator_arg_t, const _Alloc&) [35m[K[with typename std::enable_if<_TCC<std::is_object<_Alloc>::value>::__is_explicitly_default_constructible(), bool>::type <anonymous> = _Alloc; _Elements = {int, double, double, double}][m[K[m[K’
  978 |         [01;36m[Ktuple[m[K(allocator_arg_t __tag, const _Alloc& __a)
      |         [01;36m[K^~~~~[m[K
[01m[K/usr/include/c++/13/tuple:978:9:[m[K [01;36m[Knote: [m[K  template argument deduction/substitution failed:
[01m[K/usr/include/c++/13/bits/new_allocator.h:191:11:[m[K [01;36m[Knote: [m[K  candidate expects 2 arguments, 3 provided
  191 |         { [01;36m[K::new((void *)__p) _Up(std::forward<_Args>(__args)...)[m[K; }
      |           [01;36m[K^~~~~~~~~~~~~~~~~~~~~~~~~~~~~~~~~~~~~~~~~~~~~~~~~~~~~~[m[K
[01m[K/usr/include/c++/13/tuple:971:9:[m[K [01;36m[Knote: [m[Kcandidate: ‘[01m[Ktemplate<class _Alloc, typename std::enable_if<std::tuple<int, double, double, double>::_TCC<std::is_object<_Alloc>::value>::__is_implicitly_default_constructible(), bool>::type <anonymous> > std::tuple< <template-parameter-1-1> >::[01;32m[Ktuple[m[K(std::allocator_arg_t, const _Alloc&) [35m[K[with typename std::enable_if<_TCC<std::is_object<_Alloc>::value>::__is_implicitly_default_constructible(), bool>::type <anonymous> = _Alloc; _Elements = {int, double, double, double}][m[K[m[K’
  971 |         [01;36m[Ktuple[m[K(allocator_arg_t __tag, const _Alloc& __a)
      |         [01;36m[K^~~~~[m[K
[01m[K/usr/include/c++/13/tuple:971:9:[m[K [01;36m[Knote: [m[K  template argument deduction/substitution failed:
[01m[K/usr/include/c++/13/bits/new_allocator.h:191:11:[m[K [01;36m[Knote: [m[K  candidate expects 2 arguments, 3 provided
  191 |         { [01;36m[K::new((void *)__p) _Up(std::forward<_Args>(__args)...)[m[K; }
      |           [01;36m[K^~~~~~~~~~~~~~~~~~~~~~~~~~~~~~~~~~~~~~~~~~~~~~~~~~~~~~[m[K
[01m[K/usr/include/c++/13/tuple:939:9:[m[K [01;36m[Knote: [m[Kcandidate: ‘[01m[Ktemplate<class ... _UElements, bool _Valid, typename std::enable_if<std::tuple<int, double, double, double>::_TCC<_Valid>::__is_explicitly_constructible<_UElements ...>(), bool>::type <anonymous> > constexpr std::tuple< <template-parameter-1-1> >::[01;32m[Ktuple[m[K(std::tuple<_Args1 ...>&&) [35m[K[with _UElements = {_UElements ...}; bool _Valid = _Valid; typename std::enable_if<_TCC<_Valid>::__is_explicitly_constructible<_UElements ...>(), bool>::type <anonymous> = <anonymous>; _Elements = {int, double, double, double}][m[K[m[K’
  939 |         [01;36m[Ktuple[m[K(tuple<_UElements...>&& __in)
      |         [01;36m[K^~~~~[m[K
[01m[K/usr/include/c++/13/tuple:939:9:[m[K [01;36m[Knote: [m[K  template argument deduction/substitution failed:
[01m[K/usr/include/c++/13/bits/new_allocator.h:191:11:[m[K [01;36m[Knote: [m[K  mismatched types ‘[01m[Kstd::tuple<_UTypes ...>[m[K’ and ‘[01m[Kint[m[K’
  191 |         { [01;36m[K::new((void *)__p) _Up(std::forward<_Args>(__args)...)[m[K; }
      |           [01;36m[K^~~~~~~~~~~~~~~~~~~~~~~~~~~~~~~~~~~~~~~~~~~~~~~~~~~~~~[m[K
[01m[K/usr/include/c++/13/tuple:930:9:[m[K [01;36m[Knote: [m[Kcandidate: ‘[01m[Ktemplate<class ... _UElements, bool _Valid, typename std::enable_if<std::tuple<int, double, double, double>::_TCC<_Valid>::__is_implicitly_constructible<_UElements ...>(), bool>::type <anonymous> > constexpr std::tuple< <template-parameter-1-1> >::[01;32m[Ktuple[m[K(std::tuple<_Args1 ...>&&) [35m[K[with _UElements = {_UElements ...}; bool _Valid = _Valid; typename std::enable_if<_TCC<_Valid>::__is_implicitly_constructible<_UElements ...>(), bool>::type <anonymous> = <anonymous>; _Elements = {int, double, double, double}][m[K[m[K’
  930 |         [01;36m[Ktuple[m[K(tuple<_UElements...>&& __in)
      |         [01;36m[K^~~~~[m[K
[01m[K/usr/include/c++/13/tuple:930:9:[m[K [01;36m[Knote: [m[K  template argument deduction/substitution failed:
[01m[K/usr/include/c++/13/bits/new_allocator.h:191:11:[m[K [01;36m[Knote: [m[K  mismatched types ‘[01m[Kstd::tuple<_UTypes ...>[m[K’ and ‘[01m[Kint[m[K’
  191 |         { [01;36m[K::new((void *)__p) _Up(std::forward<_Args>(__args)...)[m[K; }
      |           [01;36m[K^~~~~~~~~~~~~~~~~~~~~~~~~~~~~~~~~~~~~~~~~~~~~~~~~~~~~~[m[K
[01m[K/usr/include/c++/13/tuple:920:9:[m[K [01;36m[Knote: [m[Kcandidate: ‘[01m[Ktemplate<class ... _UElements, bool _Valid, typename std::enable_if<std::tuple<int, double, double, double>::_TCC<_Valid>::__is_explicitly_constructible<const _UElements& ...>(), bool>::type <anonymous> > constexpr std::tuple< <template-parameter-1-1> >::[01;32m[Ktuple[m[K(const std::tuple<_Args1 ...>&) [35m[K[with _UElements = {_UElements ...}; bool _Valid = _Valid; typename std::enable_if<_TCC<_Valid>::__is_explicitly_constructible<const _UElements& ...>(), bool>::type <anonymous> = <anonymous>; _Elements = {int, double, double, double}][m[K[m[K’
  920 |         [01;36m[Ktuple[m[K(const tuple<_UElements...>& __in)
      |         [01;36m[K^~~~~[m[K
[01m[K/usr/include/c++/13/tuple:920:9:[m[K [01;36m[Knote: [m[K  template argument deduction/substitution failed:
[01m[K/usr/include/c++/13/bits/new_allocator.h:191:11:[m[K [01;36m[Knote: [m[K  mismatched types ‘[01m[Kconst std::tuple<_UTypes ...>[m[K’ and ‘[01m[Kint[m[K’
  191 |         { [01;36m[K::new((void *)__p) _Up(std::forward<_Args>(__args)...)[m[K; }
      |           [01;36m[K^~~~~~~~~~~~~~~~~~~~~~~~~~~~~~~~~~~~~~~~~~~~~~~~~~~~~~[m[K
[01m[K/usr/include/c++/13/tuple:910:9:[m[K [01;36m[Knote: [m[Kcandidate: ‘[01m[Ktemplate<class ... _UElements, bool _Valid, typename std::enable_if<std::tuple<int, double, double, double>::_TCC<_Valid>::__is_implicitly_constructible<const _UElements& ...>(), bool>::type <anonymous> > constexpr std::tuple< <template-parameter-1-1> >::[01;32m[Ktuple[m[K(const std::tuple<_Args1 ...>&) [35m[K[with _UElements = {_UElements ...}; bool _Valid = _Valid; typename std::enable_if<_TCC<_Valid>::__is_implicitly_constructible<const _UElements& ...>(), bool>::type <anonymous> = <anonymous>; _Elements = {int, double, double, double}][m[K[m[K’
  910 |         [01;36m[Ktuple[m[K(const tuple<_UElements...>& __in)
      |         [01;36m[K^~~~~[m[K
[01m[K/usr/include/c++/13/tuple:910:9:[m[K [01;36m[Knote: [m[K  template argument deduction/substitution failed:
[01m[K/usr/include/c++/13/bits/new_allocator.h:191:11:[m[K [01;36m[Knote: [m[K  mismatched types ‘[01m[Kconst std::tuple<_UTypes ...>[m[K’ and ‘[01m[Kint[m[K’
  191 |         { [01;36m[K::new((void *)__p) _Up(std::forward<_Args>(__args)...)[m[K; }
      |           [01;36m[K^~~~~~~~~~~~~~~~~~~~~~~~~~~~~~~~~~~~~~~~~~~~~~~~~~~~~~[m[K
[01m[K/usr/include/c++/13/tuple:897:9:[m[K [01;36m[Knote: [m[Kcandidate: ‘[01m[Ktemplate<class ... _UElements, bool _Valid, typename std::enable_if<std::tuple<int, double, double, double>::_TCC<_Valid>::__is_explicitly_constructible<_UElements ...>(), bool>::type <anonymous> > constexpr std::tuple< <template-parameter-1-1> >::[01;32m[Ktuple[m[K(_UElements&& ...) [35m[K[with _UElements = {_UElements ...}; bool _Valid = _Valid; typename std::enable_if<_TCC<_Valid>::__is_explicitly_constructible<_UElements ...>(), bool>::type <anonymous> = <anonymous>; _Elements = {int, double, double, double}][m[K[m[K’
  897 |         [01;36m[Ktuple[m[K(_UElements&&... __elements)
      |         [01;36m[K^~~~~[m[K
[01m[K/usr/include/c++/13/tuple:897:9:[m[K [01;36m[Knote: [m[K  template argument deduction/substitution failed:
[01m[K/usr/include/c++/13/tuple:895:55:[m[K [01;31m[Kerror: [m[Kno type named ‘[01m[Ktype[m[K’ in ‘[01m[Kstruct std::enable_if<false, bool>[m[K’
  895 |                _ExplicitCtor<_Valid, _UElements...> = [01;31m[Kfalse[m[K>
      |                                                       [01;31m[K^~~~~[m[K
[01m[K/usr/include/c++/13/tuple:889:9:[m[K [01;36m[Knote: [m[Kcandidate: ‘[01m[Ktemplate<class ... _UElements, bool _Valid, typename std::enable_if<std::tuple<int, double, double, double>::_TCC<_Valid>::__is_implicitly_constructible<_UElements ...>(), bool>::type <anonymous> > constexpr std::tuple< <template-parameter-1-1> >::[01;32m[Ktuple[m[K(_UElements&& ...) [35m[K[with _UElements = {_UElements ...}; bool _Valid = _Valid; typename std::enable_if<_TCC<_Valid>::__is_implicitly_constructible<_UElements ...>(), bool>::type <anonymous> = <anonymous>; _Elements = {int, double, double, double}][m[K[m[K’
  889 |         [01;36m[Ktuple[m[K(_UElements&&... __elements)
      |         [01;36m[K^~~~~[m[K
[01m[K/usr/include/c++/13/tuple:889:9:[m[K [01;36m[Knote: [m[K  template argument deduction/substitution failed:
[01m[K/usr/include/c++/13/tuple:887:55:[m[K [01;31m[Kerror: [m[Kno type named ‘[01m[Ktype[m[K’ in ‘[01m[Kstruct std::enable_if<false, bool>[m[K’
  887 |                _ImplicitCtor<_Valid, _UElements...> = [01;31m[Ktrue[m[K>
      |                                                       [01;31m[K^~~~[m[K
[01m[K/usr/include/c++/13/tuple:881:9:[m[K [01;36m[Knote: [m[Kcandidate: ‘[01m[Ktemplate<bool _NotEmpty, typename std::enable_if<std::tuple<int, double, double, double>::_TCC<_Cond>::__is_explicitly_constructible<const int&, const double&, const double&, const double&>(), bool>::type <anonymous> > constexpr std::tuple< <template-parameter-1-1> >::[01;32m[Ktuple[m[K(const _Elements& ...) [35m[K[with bool _NotEmpty = _NotEmpty; typename std::enable_if<_TCC<_Dummy>::__is_explicitly_constructible<const _Elements& ...>(), bool>::type <anonymous> = <anonymous>; _Elements = {int, double, double, double}][m[K[m[K’
  881 |         [01;36m[Ktuple[m[K(const _Elements&... __elements)
      |         [01;36m[K^~~~~[m[K
[01m[K/usr/include/c++/13/tuple:881:9:[m[K [01;36m[Knote: [m[K  template argument deduction/substitution failed:
[01m[K/usr/include/c++/13/bits/new_allocator.h:191:11:[m[K [01;36m[Knote: [m[K  candidate expects 4 arguments, 3 provided
  191 |         { [01;36m[K::new((void *)__p) _Up(std::forward<_Args>(__args)...)[m[K; }
      |           [01;36m[K^~~~~~~~~~~~~~~~~~~~~~~~~~~~~~~~~~~~~~~~~~~~~~~~~~~~~~[m[K
[01m[K/usr/include/c++/13/tuple:874:9:[m[K [01;36m[Knote: [m[Kcandidate: ‘[01m[Ktemplate<bool _NotEmpty, typename std::enable_if<std::tuple<int, double, double, double>::_TCC<_Cond>::__is_implicitly_constructible<const int&, const double&, const double&, const double&>(), bool>::type <anonymous> > constexpr std::tuple< <template-parameter-1-1> >::[01;32m[Ktuple[m[K(const _Elements& ...) [35m[K[with bool _NotEmpty = _NotEmpty; typename std::enable_if<_TCC<_Dummy>::__is_implicitly_constructible<const _Elements& ...>(), bool>::type <anonymous> = <anonymous>; _Elements = {int, double, double, double}][m[K[m[K’
  874 |         [01;36m[Ktuple[m[K(const _Elements&... __elements)
      |         [01;36m[K^~~~~[m[K
[01m[K/usr/include/c++/13/tuple:874:9:[m[K [01;36m[Knote: [m[K  template argument deduction/substitution failed:
[01m[K/usr/include/c++/13/bits/new_allocator.h:191:11:[m[K [01;36m[Knote: [m[K  candidate expects 4 arguments, 3 provided
  191 |         { [01;36m[K::new((void *)__p) _Up(std::forward<_Args>(__args)...)[m[K; }
      |           [01;36m[K^~~~~~~~~~~~~~~~~~~~~~~~~~~~~~~~~~~~~~~~~~~~~~~~~~~~~~[m[K
[01m[K/usr/include/c++/13/tuple:867:9:[m[K [01;36m[Knote: [m[Kcandidate: ‘[01m[Ktemplate<class _Dummy, typename std::enable_if<std::tuple<int, double, double, double>::_TCC<std::is_void<_Tp>::value>::__is_explicitly_default_constructible(), bool>::type <anonymous> > constexpr std::tuple< <template-parameter-1-1> >::[01;32m[Ktuple[m[K() [35m[K[with typename std::enable_if<_TCC<std::is_void<_Dummy>::value>::__is_explicitly_default_constructible(), bool>::type <anonymous> = _Dummy; _Elements = {int, double, double, double}][m[K[m[K’
  867 |         [01;36m[Ktuple[m[K()
      |         [01;36m[K^~~~~[m[K
[01m[K/usr/include/c++/13/tuple:867:9:[m[K [01;36m[Knote: [m[K  template argument deduction/substitution failed:
[01m[K/usr/include/c++/13/bits/new_allocator.h:191:11:[m[K [01;36m[Knote: [m[K  candidate expects 0 arguments, 3 provided
  191 |         { [01;36m[K::new((void *)__p) _Up(std::forward<_Args>(__args)...)[m[K; }
      |           [01;36m[K^~~~~~~~~~~~~~~~~~~~~~~~~~~~~~~~~~~~~~~~~~~~~~~~~~~~~~[m[K
[01m[K/usr/include/c++/13/tuple:860:9:[m[K [01;36m[Knote: [m[Kcandidate: ‘[01m[Ktemplate<class _Dummy, typename std::enable_if<std::tuple<int, double, double, double>::_TCC<std::is_void<_Tp>::value>::__is_implicitly_default_constructible(), bool>::type <anonymous> > constexpr std::tuple< <template-parameter-1-1> >::[01;32m[Ktuple[m[K() [35m[K[with typename std::enable_if<_TCC<std::is_void<_Dummy>::value>::__is_implicitly_default_constructible(), bool>::type <anonymous> = _Dummy; _Elements = {int, double, double, double}][m[K[m[K’
  860 |         [01;36m[Ktuple[m[K()
      |         [01;36m[K^~~~~[m[K
[01m[K/usr/include/c++/13/tuple:860:9:[m[K [01;36m[Knote: [m[K  template argument deduction/substitution failed:
[01m[K/usr/include/c++/13/bits/new_allocator.h:191:11:[m[K [01;36m[Knote: [m[K  candidate expects 0 arguments, 3 provided
  191 |         { [01;36m[K::new((void *)__p) _Up(std::forward<_Args>(__args)...)[m[K; }
      |           [01;36m[K^~~~~~~~~~~~~~~~~~~~~~~~~~~~~~~~~~~~~~~~~~~~~~~~~~~~~~[m[K
[01m[K/usr/include/c++/13/tuple:903:17:[m[K [01;36m[Knote: [m[Kcandidate: ‘[01m[Kconstexpr std::tuple< <template-parameter-1-1> >::[01;32m[Ktuple[m[K(std::tuple< <template-parameter-1-1> >&&) [35m[K[with _Elements = {int, double, double, double}][m[K[m[K’
  903 |       constexpr [01;36m[Ktuple[m[K(tuple&&) = default;
      |                 [01;36m[K^~~~~[m[K
[01m[K/usr/include/c++/13/tuple:903:17:[m[K [01;36m[Knote: [m[K  candidate expects 1 argument, 3 provided
[01m[K/usr/include/c++/13/tuple:901:17:[m[K [01;36m[Knote: [m[Kcandidate: ‘[01m[Kconstexpr std::tuple< <template-parameter-1-1> >::[01;32m[Ktuple[m[K(const std::tuple< <template-parameter-1-1> >&) [35m[K[with _Elements = {int, double, double, double}][m[K[m[K’
  901 |       constexpr [01;36m[Ktuple[m[K(const tuple&) = default;
      |                 [01;36m[K^~~~~[m[K
[01m[K/usr/include/c++/13/tuple:901:17:[m[K [01;36m[Knote: [m[K  candidate expects 1 argument, 3 provided
gmake[2]: *** [CMakeFiles/positioning_node.dir/build.make:76: CMakeFiles/positioning_node.dir/src/positioning_node.cpp.o] Error 1
gmake[1]: *** [CMakeFiles/Makefile2:137: CMakeFiles/positioning_node.dir/all] Error 2
gmake: *** [Makefile:146: all] Error 2
