[0.186s] DEBUG:colcon:Command line arguments: ['/usr/bin/colcon', 'build']
[0.186s] DEBUG:colcon:Parsed command line arguments: Namespace(log_base=None, log_level=None, verb_name='build', build_base='build', install_base='install', merge_install=False, symlink_install=False, test_result_base=None, continue_on_error=False, executor='parallel', parallel_workers=4, event_handlers=None, ignore_user_meta=False, metas=['./colcon.meta'], base_paths=['.'], packages_ignore=None, packages_ignore_regex=None, paths=None, packages_up_to=None, packages_up_to_regex=None, packages_above=None, packages_above_and_dependencies=None, packages_above_depth=None, packages_select_by_dep=None, packages_skip_by_dep=None, packages_skip_up_to=None, packages_select_build_failed=False, packages_skip_build_finished=False, packages_select_test_failures=False, packages_skip_test_passed=False, packages_select=None, packages_skip=None, packages_select_regex=None, packages_skip_regex=None, packages_start=None, packages_end=None, allow_overriding=[], cmake_args=None, cmake_target=None, cmake_target_skip_unavailable=False, cmake_clean_cache=False, cmake_clean_first=False, cmake_force_configure=False, ament_cmake_args=None, catkin_cmake_args=None, catkin_skip_building_tests=False, mixin_files=None, mixin=None, verb_parser=<colcon_mixin.mixin.mixin_argument.MixinArgumentDecorator object at 0x7f34512b0050>, verb_extension=<colcon_core.verb.build.BuildVerb object at 0x7f345128b230>, main=<bound method BuildVerb.main of <colcon_core.verb.build.BuildVerb object at 0x7f345128b230>>, mixin_verb=('build',))
[0.261s] Level 1:colcon.colcon_core.package_discovery:discover_packages(colcon_meta) check parameters
[0.261s] Level 1:colcon.colcon_core.package_discovery:discover_packages(recursive) check parameters
[0.261s] Level 1:colcon.colcon_core.package_discovery:discover_packages(ignore) check parameters
[0.261s] Level 1:colcon.colcon_core.package_discovery:discover_packages(path) check parameters
[0.261s] Level 1:colcon.colcon_core.package_discovery:discover_packages(colcon_meta) discover
[0.261s] Level 1:colcon.colcon_core.package_discovery:discover_packages(recursive) discover
[0.261s] INFO:colcon.colcon_core.package_discovery:Crawling recursively for packages in '/home/studamr/ros2_ws_exer01'
[0.262s] Level 1:colcon.colcon_core.package_identification:_identify(.) by extensions ['ignore', 'ignore_ament_install']
[0.262s] Level 1:colcon.colcon_core.package_identification:_identify(.) by extension 'ignore'
[0.262s] Level 1:colcon.colcon_core.package_identification:_identify(.) by extension 'ignore_ament_install'
[0.262s] Level 1:colcon.colcon_core.package_identification:_identify(.) by extensions ['colcon_pkg']
[0.262s] Level 1:colcon.colcon_core.package_identification:_identify(.) by extension 'colcon_pkg'
[0.262s] Level 1:colcon.colcon_core.package_identification:_identify(.) by extensions ['colcon_meta']
[0.262s] Level 1:colcon.colcon_core.package_identification:_identify(.) by extension 'colcon_meta'
[0.262s] Level 1:colcon.colcon_core.package_identification:_identify(.) by extensions ['ros']
[0.263s] Level 1:colcon.colcon_core.package_identification:_identify(.) by extension 'ros'
[0.321s] Level 1:colcon.colcon_core.package_identification:_identify(.) by extensions ['cmake', 'python']
[0.322s] Level 1:colcon.colcon_core.package_identification:_identify(.) by extension 'cmake'
[0.322s] Level 1:colcon.colcon_core.package_identification:_identify(.) by extension 'python'
[0.322s] Level 1:colcon.colcon_core.package_identification:_identify(.) by extensions ['python_setup_py']
[0.322s] Level 1:colcon.colcon_core.package_identification:_identify(.) by extension 'python_setup_py'
[0.322s] Level 1:colcon.colcon_core.package_identification:_identify(build) by extensions ['ignore', 'ignore_ament_install']
[0.323s] Level 1:colcon.colcon_core.package_identification:_identify(build) by extension 'ignore'
[0.323s] Level 1:colcon.colcon_core.package_identification:_identify(build) ignored
[0.323s] Level 1:colcon.colcon_core.package_identification:_identify(install) by extensions ['ignore', 'ignore_ament_install']
[0.324s] Level 1:colcon.colcon_core.package_identification:_identify(install) by extension 'ignore'
[0.325s] Level 1:colcon.colcon_core.package_identification:_identify(install) ignored
[0.328s] Level 1:colcon.colcon_core.package_identification:_identify(log) by extensions ['ignore', 'ignore_ament_install']
[0.329s] Level 1:colcon.colcon_core.package_identification:_identify(log) by extension 'ignore'
[0.330s] Level 1:colcon.colcon_core.package_identification:_identify(log) ignored
[0.330s] Level 1:colcon.colcon_core.package_identification:_identify(src) by extensions ['ignore', 'ignore_ament_install']
[0.330s] Level 1:colcon.colcon_core.package_identification:_identify(src) by extension 'ignore'
[0.331s] Level 1:colcon.colcon_core.package_identification:_identify(src) by extension 'ignore_ament_install'
[0.331s] Level 1:colcon.colcon_core.package_identification:_identify(src) by extensions ['colcon_pkg']
[0.331s] Level 1:colcon.colcon_core.package_identification:_identify(src) by extension 'colcon_pkg'
[0.331s] Level 1:colcon.colcon_core.package_identification:_identify(src) by extensions ['colcon_meta']
[0.331s] Level 1:colcon.colcon_core.package_identification:_identify(src) by extension 'colcon_meta'
[0.331s] Level 1:colcon.colcon_core.package_identification:_identify(src) by extensions ['ros']
[0.331s] Level 1:colcon.colcon_core.package_identification:_identify(src) by extension 'ros'
[0.331s] Level 1:colcon.colcon_core.package_identification:_identify(src) by extensions ['cmake', 'python']
[0.331s] Level 1:colcon.colcon_core.package_identification:_identify(src) by extension 'cmake'
[0.331s] Level 1:colcon.colcon_core.package_identification:_identify(src) by extension 'python'
[0.331s] Level 1:colcon.colcon_core.package_identification:_identify(src) by extensions ['python_setup_py']
[0.331s] Level 1:colcon.colcon_core.package_identification:_identify(src) by extension 'python_setup_py'
[0.332s] Level 1:colcon.colcon_core.package_identification:_identify(src/build) by extensions ['ignore', 'ignore_ament_install']
[0.332s] Level 1:colcon.colcon_core.package_identification:_identify(src/build) by extension 'ignore'
[0.332s] Level 1:colcon.colcon_core.package_identification:_identify(src/build) ignored
[0.332s] Level 1:colcon.colcon_core.package_identification:_identify(src/fake_robot) by extensions ['ignore', 'ignore_ament_install']
[0.332s] Level 1:colcon.colcon_core.package_identification:_identify(src/fake_robot) by extension 'ignore'
[0.332s] Level 1:colcon.colcon_core.package_identification:_identify(src/fake_robot) by extension 'ignore_ament_install'
[0.332s] Level 1:colcon.colcon_core.package_identification:_identify(src/fake_robot) by extensions ['colcon_pkg']
[0.332s] Level 1:colcon.colcon_core.package_identification:_identify(src/fake_robot) by extension 'colcon_pkg'
[0.332s] Level 1:colcon.colcon_core.package_identification:_identify(src/fake_robot) by extensions ['colcon_meta']
[0.332s] Level 1:colcon.colcon_core.package_identification:_identify(src/fake_robot) by extension 'colcon_meta'
[0.332s] Level 1:colcon.colcon_core.package_identification:_identify(src/fake_robot) by extensions ['ros']
[0.332s] Level 1:colcon.colcon_core.package_identification:_identify(src/fake_robot) by extension 'ros'
[0.345s] DEBUG:colcon.colcon_core.package_identification:Package 'src/fake_robot' with type 'ros.ament_cmake' and name 'fake_robot'
[0.346s] Level 1:colcon.colcon_core.package_identification:_identify(src/install) by extensions ['ignore', 'ignore_ament_install']
[0.347s] Level 1:colcon.colcon_core.package_identification:_identify(src/install) by extension 'ignore'
[0.347s] Level 1:colcon.colcon_core.package_identification:_identify(src/install) ignored
[0.347s] Level 1:colcon.colcon_core.package_identification:_identify(src/kalman_positioning) by extensions ['ignore', 'ignore_ament_install']
[0.348s] Level 1:colcon.colcon_core.package_identification:_identify(src/kalman_positioning) by extension 'ignore'
[0.349s] Level 1:colcon.colcon_core.package_identification:_identify(src/kalman_positioning) by extension 'ignore_ament_install'
[0.353s] Level 1:colcon.colcon_core.package_identification:_identify(src/kalman_positioning) by extensions ['colcon_pkg']
[0.353s] Level 1:colcon.colcon_core.package_identification:_identify(src/kalman_positioning) by extension 'colcon_pkg'
[0.354s] Level 1:colcon.colcon_core.package_identification:_identify(src/kalman_positioning) by extensions ['colcon_meta']
[0.354s] Level 1:colcon.colcon_core.package_identification:_identify(src/kalman_positioning) by extension 'colcon_meta'
[0.355s] Level 1:colcon.colcon_core.package_identification:_identify(src/kalman_positioning) by extensions ['ros']
[0.355s] Level 1:colcon.colcon_core.package_identification:_identify(src/kalman_positioning) by extension 'ros'
[0.359s] DEBUG:colcon.colcon_core.package_identification:Package 'src/kalman_positioning' with type 'ros.ament_cmake' and name 'kalman_positioning'
[0.359s] Level 1:colcon.colcon_core.package_identification:_identify(src/log) by extensions ['ignore', 'ignore_ament_install']
[0.360s] Level 1:colcon.colcon_core.package_identification:_identify(src/log) by extension 'ignore'
[0.360s] Level 1:colcon.colcon_core.package_identification:_identify(src/log) ignored
[0.360s] Level 1:colcon.colcon_core.package_identification:_identify(src/rosbag2_2025_11_28-19_41_00) by extensions ['ignore', 'ignore_ament_install']
[0.360s] Level 1:colcon.colcon_core.package_identification:_identify(src/rosbag2_2025_11_28-19_41_00) by extension 'ignore'
[0.360s] Level 1:colcon.colcon_core.package_identification:_identify(src/rosbag2_2025_11_28-19_41_00) by extension 'ignore_ament_install'
[0.360s] Level 1:colcon.colcon_core.package_identification:_identify(src/rosbag2_2025_11_28-19_41_00) by extensions ['colcon_pkg']
[0.360s] Level 1:colcon.colcon_core.package_identification:_identify(src/rosbag2_2025_11_28-19_41_00) by extension 'colcon_pkg'
[0.360s] Level 1:colcon.colcon_core.package_identification:_identify(src/rosbag2_2025_11_28-19_41_00) by extensions ['colcon_meta']
[0.360s] Level 1:colcon.colcon_core.package_identification:_identify(src/rosbag2_2025_11_28-19_41_00) by extension 'colcon_meta'
[0.361s] Level 1:colcon.colcon_core.package_identification:_identify(src/rosbag2_2025_11_28-19_41_00) by extensions ['ros']
[0.361s] Level 1:colcon.colcon_core.package_identification:_identify(src/rosbag2_2025_11_28-19_41_00) by extension 'ros'
[0.361s] Level 1:colcon.colcon_core.package_identification:_identify(src/rosbag2_2025_11_28-19_41_00) by extensions ['cmake', 'python']
[0.361s] Level 1:colcon.colcon_core.package_identification:_identify(src/rosbag2_2025_11_28-19_41_00) by extension 'cmake'
[0.361s] Level 1:colcon.colcon_core.package_identification:_identify(src/rosbag2_2025_11_28-19_41_00) by extension 'python'
[0.361s] Level 1:colcon.colcon_core.package_identification:_identify(src/rosbag2_2025_11_28-19_41_00) by extensions ['python_setup_py']
[0.361s] Level 1:colcon.colcon_core.package_identification:_identify(src/rosbag2_2025_11_28-19_41_00) by extension 'python_setup_py'
[0.361s] Level 1:colcon.colcon_core.package_discovery:discover_packages(recursive) using defaults
[0.361s] Level 1:colcon.colcon_core.package_discovery:discover_packages(ignore) discover
[0.361s] Level 1:colcon.colcon_core.package_discovery:discover_packages(ignore) using defaults
[0.361s] Level 1:colcon.colcon_core.package_discovery:discover_packages(path) discover
[0.361s] Level 1:colcon.colcon_core.package_discovery:discover_packages(path) using defaults
[0.424s] Level 1:colcon.colcon_core.package_discovery:discover_packages(prefix_path) check parameters
[0.425s] Level 1:colcon.colcon_core.package_discovery:discover_packages(prefix_path) discover
[0.437s] DEBUG:colcon.colcon_installed_package_information.package_discovery:Found 2 installed packages in /home/studamr/ros2_ws_exer01/install
[0.444s] DEBUG:colcon.colcon_installed_package_information.package_discovery:Found 322 installed packages in /opt/ros/kilted
[0.450s] Level 1:colcon.colcon_core.package_discovery:discover_packages(prefix_path) using defaults
[0.649s] Level 5:colcon.colcon_core.verb:set package 'fake_robot' build argument 'cmake_args' from command line to 'None'
[0.649s] Level 5:colcon.colcon_core.verb:set package 'fake_robot' build argument 'cmake_target' from command line to 'None'
[0.650s] Level 5:colcon.colcon_core.verb:set package 'fake_robot' build argument 'cmake_target_skip_unavailable' from command line to 'False'
[0.650s] Level 5:colcon.colcon_core.verb:set package 'fake_robot' build argument 'cmake_clean_cache' from command line to 'False'
[0.650s] Level 5:colcon.colcon_core.verb:set package 'fake_robot' build argument 'cmake_clean_first' from command line to 'False'
[0.650s] Level 5:colcon.colcon_core.verb:set package 'fake_robot' build argument 'cmake_force_configure' from command line to 'False'
[0.650s] Level 5:colcon.colcon_core.verb:set package 'fake_robot' build argument 'ament_cmake_args' from command line to 'None'
[0.650s] Level 5:colcon.colcon_core.verb:set package 'fake_robot' build argument 'catkin_cmake_args' from command line to 'None'
[0.650s] Level 5:colcon.colcon_core.verb:set package 'fake_robot' build argument 'catkin_skip_building_tests' from command line to 'False'
[0.650s] DEBUG:colcon.colcon_core.verb:Building package 'fake_robot' with the following arguments: {'ament_cmake_args': None, 'build_base': '/home/studamr/ros2_ws_exer01/build/fake_robot', 'catkin_cmake_args': None, 'catkin_skip_building_tests': False, 'cmake_args': None, 'cmake_clean_cache': False, 'cmake_clean_first': False, 'cmake_force_configure': False, 'cmake_target': None, 'cmake_target_skip_unavailable': False, 'install_base': '/home/studamr/ros2_ws_exer01/install/fake_robot', 'merge_install': False, 'path': '/home/studamr/ros2_ws_exer01/src/fake_robot', 'symlink_install': False, 'test_result_base': None}
[0.654s] Level 5:colcon.colcon_core.verb:set package 'kalman_positioning' build argument 'cmake_args' from command line to 'None'
[0.655s] Level 5:colcon.colcon_core.verb:set package 'kalman_positioning' build argument 'cmake_target' from command line to 'None'
[0.656s] Level 5:colcon.colcon_core.verb:set package 'kalman_positioning' build argument 'cmake_target_skip_unavailable' from command line to 'False'
[0.656s] Level 5:colcon.colcon_core.verb:set package 'kalman_positioning' build argument 'cmake_clean_cache' from command line to 'False'
[0.657s] Level 5:colcon.colcon_core.verb:set package 'kalman_positioning' build argument 'cmake_clean_first' from command line to 'False'
[0.658s] Level 5:colcon.colcon_core.verb:set package 'kalman_positioning' build argument 'cmake_force_configure' from command line to 'False'
[0.659s] Level 5:colcon.colcon_core.verb:set package 'kalman_positioning' build argument 'ament_cmake_args' from command line to 'None'
[0.659s] Level 5:colcon.colcon_core.verb:set package 'kalman_positioning' build argument 'catkin_cmake_args' from command line to 'None'
[0.659s] Level 5:colcon.colcon_core.verb:set package 'kalman_positioning' build argument 'catkin_skip_building_tests' from command line to 'False'
[0.660s] DEBUG:colcon.colcon_core.verb:Building package 'kalman_positioning' with the following arguments: {'ament_cmake_args': None, 'build_base': '/home/studamr/ros2_ws_exer01/build/kalman_positioning', 'catkin_cmake_args': None, 'catkin_skip_building_tests': False, 'cmake_args': None, 'cmake_clean_cache': False, 'cmake_clean_first': False, 'cmake_force_configure': False, 'cmake_target': None, 'cmake_target_skip_unavailable': False, 'install_base': '/home/studamr/ros2_ws_exer01/install/kalman_positioning', 'merge_install': False, 'path': '/home/studamr/ros2_ws_exer01/src/kalman_positioning', 'symlink_install': False, 'test_result_base': None}
[0.660s] INFO:colcon.colcon_core.executor:Executing jobs using 'parallel' executor
[0.662s] DEBUG:colcon.colcon_parallel_executor.executor.parallel:run_until_complete
[0.668s] INFO:colcon.colcon_ros.task.ament_cmake.build:Building ROS package in '/home/studamr/ros2_ws_exer01/src/fake_robot' with build type 'ament_cmake'
[0.670s] INFO:colcon.colcon_cmake.task.cmake.build:Building CMake package in '/home/studamr/ros2_ws_exer01/src/fake_robot'
[0.682s] INFO:colcon.colcon_core.plugin_system:Skipping extension 'colcon_core.shell.bat': Not used on non-Windows systems
[0.683s] INFO:colcon.colcon_core.shell:Skip shell extension 'powershell' for command environment: Not usable outside of PowerShell
[0.684s] DEBUG:colcon.colcon_core.shell:Skip shell extension 'dsv' for command environment
[0.700s] INFO:colcon.colcon_ros.task.ament_cmake.build:Building ROS package in '/home/studamr/ros2_ws_exer01/src/kalman_positioning' with build type 'ament_cmake'
[0.701s] INFO:colcon.colcon_cmake.task.cmake.build:Building CMake package in '/home/studamr/ros2_ws_exer01/src/kalman_positioning'
[0.701s] INFO:colcon.colcon_core.shell:Skip shell extension 'powershell' for command environment: Not usable outside of PowerShell
[0.701s] DEBUG:colcon.colcon_core.shell:Skip shell extension 'dsv' for command environment
[0.749s] DEBUG:colcon.colcon_core.event_handler.log_command:Invoking command in '/home/studamr/ros2_ws_exer01/build/fake_robot': CMAKE_PREFIX_PATH=${CMAKE_PREFIX_PATH}:/opt/ros/kilted DEBUGINFOD_URLS=https://debuginfod.ubuntu.com /usr/bin/cmake --build /home/studamr/ros2_ws_exer01/build/fake_robot -- -j4 -l4
[0.779s] DEBUG:colcon.colcon_core.event_handler.log_command:Invoking command in '/home/studamr/ros2_ws_exer01/build/kalman_positioning': CMAKE_PREFIX_PATH=${CMAKE_PREFIX_PATH}:/opt/ros/kilted DEBUGINFOD_URLS=https://debuginfod.ubuntu.com /usr/bin/cmake --build /home/studamr/ros2_ws_exer01/build/kalman_positioning -- -j4 -l4
[1.247s] DEBUG:colcon.colcon_core.event_handler.log_command:Invoked command in '/home/studamr/ros2_ws_exer01/build/fake_robot' returned '0': CMAKE_PREFIX_PATH=${CMAKE_PREFIX_PATH}:/opt/ros/kilted DEBUGINFOD_URLS=https://debuginfod.ubuntu.com /usr/bin/cmake --build /home/studamr/ros2_ws_exer01/build/fake_robot -- -j4 -l4
[1.281s] DEBUG:colcon.colcon_core.event_handler.log_command:Invoking command in '/home/studamr/ros2_ws_exer01/build/fake_robot': CMAKE_PREFIX_PATH=${CMAKE_PREFIX_PATH}:/opt/ros/kilted DEBUGINFOD_URLS=https://debuginfod.ubuntu.com /usr/bin/cmake --install /home/studamr/ros2_ws_exer01/build/fake_robot
[1.369s] Level 1:colcon.colcon_core.environment:create_environment_scripts_only(fake_robot)
[1.374s] DEBUG:colcon.colcon_core.event_handler.log_command:Invoked command in '/home/studamr/ros2_ws_exer01/build/fake_robot' returned '0': CMAKE_PREFIX_PATH=${CMAKE_PREFIX_PATH}:/opt/ros/kilted DEBUGINFOD_URLS=https://debuginfod.ubuntu.com /usr/bin/cmake --install /home/studamr/ros2_ws_exer01/build/fake_robot
[1.385s] Level 1:colcon.colcon_core.environment:checking '/home/studamr/ros2_ws_exer01/install/fake_robot' for CMake module files
[1.389s] Level 1:colcon.colcon_core.environment:checking '/home/studamr/ros2_ws_exer01/install/fake_robot' for CMake config files
[1.390s] Level 1:colcon.colcon_core.shell:create_environment_hook('fake_robot', 'cmake_prefix_path')
[1.391s] INFO:colcon.colcon_core.shell:Creating environment hook '/home/studamr/ros2_ws_exer01/install/fake_robot/share/fake_robot/hook/cmake_prefix_path.ps1'
[1.393s] INFO:colcon.colcon_core.shell:Creating environment descriptor '/home/studamr/ros2_ws_exer01/install/fake_robot/share/fake_robot/hook/cmake_prefix_path.dsv'
[1.397s] INFO:colcon.colcon_core.shell:Creating environment hook '/home/studamr/ros2_ws_exer01/install/fake_robot/share/fake_robot/hook/cmake_prefix_path.sh'
[1.401s] Level 1:colcon.colcon_core.environment:checking '/home/studamr/ros2_ws_exer01/install/fake_robot/lib'
[1.401s] Level 1:colcon.colcon_core.environment:checking '/home/studamr/ros2_ws_exer01/install/fake_robot/bin'
[1.402s] Level 1:colcon.colcon_core.environment:checking '/home/studamr/ros2_ws_exer01/install/fake_robot/lib/pkgconfig/fake_robot.pc'
[1.402s] Level 1:colcon.colcon_core.environment:checking '/home/studamr/ros2_ws_exer01/install/fake_robot/lib/python3.12/site-packages'
[1.403s] Level 1:colcon.colcon_core.environment:checking '/home/studamr/ros2_ws_exer01/install/fake_robot/bin'
[1.403s] INFO:colcon.colcon_core.shell:Creating package script '/home/studamr/ros2_ws_exer01/install/fake_robot/share/fake_robot/package.ps1'
[1.406s] INFO:colcon.colcon_core.shell:Creating package descriptor '/home/studamr/ros2_ws_exer01/install/fake_robot/share/fake_robot/package.dsv'
[1.411s] INFO:colcon.colcon_core.shell:Creating package script '/home/studamr/ros2_ws_exer01/install/fake_robot/share/fake_robot/package.sh'
[1.415s] INFO:colcon.colcon_core.shell:Creating package script '/home/studamr/ros2_ws_exer01/install/fake_robot/share/fake_robot/package.bash'
[1.423s] INFO:colcon.colcon_core.shell:Creating package script '/home/studamr/ros2_ws_exer01/install/fake_robot/share/fake_robot/package.zsh'
[1.430s] Level 1:colcon.colcon_core.environment:create_file_with_runtime_dependencies(/home/studamr/ros2_ws_exer01/install/fake_robot/share/colcon-core/packages/fake_robot)
[1.432s] Level 1:colcon.colcon_core.environment:create_environment_scripts_only(fake_robot)
[1.434s] Level 1:colcon.colcon_core.environment:checking '/home/studamr/ros2_ws_exer01/install/fake_robot' for CMake module files
[1.435s] Level 1:colcon.colcon_core.environment:checking '/home/studamr/ros2_ws_exer01/install/fake_robot' for CMake config files
[1.436s] Level 1:colcon.colcon_core.shell:create_environment_hook('fake_robot', 'cmake_prefix_path')
[1.437s] INFO:colcon.colcon_core.shell:Creating environment hook '/home/studamr/ros2_ws_exer01/install/fake_robot/share/fake_robot/hook/cmake_prefix_path.ps1'
[1.447s] INFO:colcon.colcon_core.shell:Creating environment descriptor '/home/studamr/ros2_ws_exer01/install/fake_robot/share/fake_robot/hook/cmake_prefix_path.dsv'
[1.450s] INFO:colcon.colcon_core.shell:Creating environment hook '/home/studamr/ros2_ws_exer01/install/fake_robot/share/fake_robot/hook/cmake_prefix_path.sh'
[1.462s] Level 1:colcon.colcon_core.environment:checking '/home/studamr/ros2_ws_exer01/install/fake_robot/lib'
[1.463s] Level 1:colcon.colcon_core.environment:checking '/home/studamr/ros2_ws_exer01/install/fake_robot/bin'
[1.468s] Level 1:colcon.colcon_core.environment:checking '/home/studamr/ros2_ws_exer01/install/fake_robot/lib/pkgconfig/fake_robot.pc'
[1.469s] Level 1:colcon.colcon_core.environment:checking '/home/studamr/ros2_ws_exer01/install/fake_robot/lib/python3.12/site-packages'
[1.469s] Level 1:colcon.colcon_core.environment:checking '/home/studamr/ros2_ws_exer01/install/fake_robot/bin'
[1.470s] INFO:colcon.colcon_core.shell:Creating package script '/home/studamr/ros2_ws_exer01/install/fake_robot/share/fake_robot/package.ps1'
[1.475s] INFO:colcon.colcon_core.shell:Creating package descriptor '/home/studamr/ros2_ws_exer01/install/fake_robot/share/fake_robot/package.dsv'
[1.476s] INFO:colcon.colcon_core.shell:Creating package script '/home/studamr/ros2_ws_exer01/install/fake_robot/share/fake_robot/package.sh'
[1.477s] INFO:colcon.colcon_core.shell:Creating package script '/home/studamr/ros2_ws_exer01/install/fake_robot/share/fake_robot/package.bash'
[1.478s] INFO:colcon.colcon_core.shell:Creating package script '/home/studamr/ros2_ws_exer01/install/fake_robot/share/fake_robot/package.zsh'
[1.480s] Level 1:colcon.colcon_core.environment:create_file_with_runtime_dependencies(/home/studamr/ros2_ws_exer01/install/fake_robot/share/colcon-core/packages/fake_robot)
[68.697s] DEBUG:colcon.colcon_core.event_handler.log_command:Invoked command in '/home/studamr/ros2_ws_exer01/build/kalman_positioning' returned '0': CMAKE_PREFIX_PATH=${CMAKE_PREFIX_PATH}:/opt/ros/kilted DEBUGINFOD_URLS=https://debuginfod.ubuntu.com /usr/bin/cmake --build /home/studamr/ros2_ws_exer01/build/kalman_positioning -- -j4 -l4
[68.707s] DEBUG:colcon.colcon_core.event_handler.log_command:Invoking command in '/home/studamr/ros2_ws_exer01/build/kalman_positioning': CMAKE_PREFIX_PATH=${CMAKE_PREFIX_PATH}:/opt/ros/kilted DEBUGINFOD_URLS=https://debuginfod.ubuntu.com /usr/bin/cmake --install /home/studamr/ros2_ws_exer01/build/kalman_positioning
[68.784s] Level 1:colcon.colcon_core.environment:create_environment_scripts_only(kalman_positioning)
[68.785s] Level 1:colcon.colcon_core.environment:checking '/home/studamr/ros2_ws_exer01/install/kalman_positioning' for CMake module files
[68.788s] DEBUG:colcon.colcon_core.event_handler.log_command:Invoked command in '/home/studamr/ros2_ws_exer01/build/kalman_positioning' returned '0': CMAKE_PREFIX_PATH=${CMAKE_PREFIX_PATH}:/opt/ros/kilted DEBUGINFOD_URLS=https://debuginfod.ubuntu.com /usr/bin/cmake --install /home/studamr/ros2_ws_exer01/build/kalman_positioning
[68.792s] Level 1:colcon.colcon_core.environment:checking '/home/studamr/ros2_ws_exer01/install/kalman_positioning' for CMake config files
[68.793s] Level 1:colcon.colcon_core.shell:create_environment_hook('kalman_positioning', 'cmake_prefix_path')
[68.793s] INFO:colcon.colcon_core.shell:Creating environment hook '/home/studamr/ros2_ws_exer01/install/kalman_positioning/share/kalman_positioning/hook/cmake_prefix_path.ps1'
[68.801s] INFO:colcon.colcon_core.shell:Creating environment descriptor '/home/studamr/ros2_ws_exer01/install/kalman_positioning/share/kalman_positioning/hook/cmake_prefix_path.dsv'
[68.807s] INFO:colcon.colcon_core.shell:Creating environment hook '/home/studamr/ros2_ws_exer01/install/kalman_positioning/share/kalman_positioning/hook/cmake_prefix_path.sh'
[68.811s] Level 1:colcon.colcon_core.environment:checking '/home/studamr/ros2_ws_exer01/install/kalman_positioning/lib'
[68.812s] Level 1:colcon.colcon_core.environment:checking '/home/studamr/ros2_ws_exer01/install/kalman_positioning/bin'
[68.812s] Level 1:colcon.colcon_core.environment:checking '/home/studamr/ros2_ws_exer01/install/kalman_positioning/lib/pkgconfig/kalman_positioning.pc'
[68.813s] Level 1:colcon.colcon_core.environment:checking '/home/studamr/ros2_ws_exer01/install/kalman_positioning/lib/python3.12/site-packages'
[68.813s] Level 1:colcon.colcon_core.environment:checking '/home/studamr/ros2_ws_exer01/install/kalman_positioning/bin'
[68.814s] INFO:colcon.colcon_core.shell:Creating package script '/home/studamr/ros2_ws_exer01/install/kalman_positioning/share/kalman_positioning/package.ps1'
[68.817s] INFO:colcon.colcon_core.shell:Creating package descriptor '/home/studamr/ros2_ws_exer01/install/kalman_positioning/share/kalman_positioning/package.dsv'
[68.826s] INFO:colcon.colcon_core.shell:Creating package script '/home/studamr/ros2_ws_exer01/install/kalman_positioning/share/kalman_positioning/package.sh'
[68.833s] INFO:colcon.colcon_core.shell:Creating package script '/home/studamr/ros2_ws_exer01/install/kalman_positioning/share/kalman_positioning/package.bash'
[68.836s] INFO:colcon.colcon_core.shell:Creating package script '/home/studamr/ros2_ws_exer01/install/kalman_positioning/share/kalman_positioning/package.zsh'
[68.838s] Level 1:colcon.colcon_core.environment:create_file_with_runtime_dependencies(/home/studamr/ros2_ws_exer01/install/kalman_positioning/share/colcon-core/packages/kalman_positioning)
[68.840s] Level 1:colcon.colcon_core.environment:create_environment_scripts_only(kalman_positioning)
[68.840s] Level 1:colcon.colcon_core.environment:checking '/home/studamr/ros2_ws_exer01/install/kalman_positioning' for CMake module files
[68.842s] Level 1:colcon.colcon_core.environment:checking '/home/studamr/ros2_ws_exer01/install/kalman_positioning' for CMake config files
[68.842s] Level 1:colcon.colcon_core.shell:create_environment_hook('kalman_positioning', 'cmake_prefix_path')
[68.843s] INFO:colcon.colcon_core.shell:Creating environment hook '/home/studamr/ros2_ws_exer01/install/kalman_positioning/share/kalman_positioning/hook/cmake_prefix_path.ps1'
[68.849s] INFO:colcon.colcon_core.shell:Creating environment descriptor '/home/studamr/ros2_ws_exer01/install/kalman_positioning/share/kalman_positioning/hook/cmake_prefix_path.dsv'
[68.854s] INFO:colcon.colcon_core.shell:Creating environment hook '/home/studamr/ros2_ws_exer01/install/kalman_positioning/share/kalman_positioning/hook/cmake_prefix_path.sh'
[68.861s] Level 1:colcon.colcon_core.environment:checking '/home/studamr/ros2_ws_exer01/install/kalman_positioning/lib'
[68.861s] Level 1:colcon.colcon_core.environment:checking '/home/studamr/ros2_ws_exer01/install/kalman_positioning/bin'
[68.862s] Level 1:colcon.colcon_core.environment:checking '/home/studamr/ros2_ws_exer01/install/kalman_positioning/lib/pkgconfig/kalman_positioning.pc'
[68.862s] Level 1:colcon.colcon_core.environment:checking '/home/studamr/ros2_ws_exer01/install/kalman_positioning/lib/python3.12/site-packages'
[68.863s] Level 1:colcon.colcon_core.environment:checking '/home/studamr/ros2_ws_exer01/install/kalman_positioning/bin'
[68.865s] INFO:colcon.colcon_core.shell:Creating package script '/home/studamr/ros2_ws_exer01/install/kalman_positioning/share/kalman_positioning/package.ps1'
[68.869s] INFO:colcon.colcon_core.shell:Creating package descriptor '/home/studamr/ros2_ws_exer01/install/kalman_positioning/share/kalman_positioning/package.dsv'
[68.875s] INFO:colcon.colcon_core.shell:Creating package script '/home/studamr/ros2_ws_exer01/install/kalman_positioning/share/kalman_positioning/package.sh'
[68.878s] INFO:colcon.colcon_core.shell:Creating package script '/home/studamr/ros2_ws_exer01/install/kalman_positioning/share/kalman_positioning/package.bash'
[68.882s] INFO:colcon.colcon_core.shell:Creating package script '/home/studamr/ros2_ws_exer01/install/kalman_positioning/share/kalman_positioning/package.zsh'
[68.885s] Level 1:colcon.colcon_core.environment:create_file_with_runtime_dependencies(/home/studamr/ros2_ws_exer01/install/kalman_positioning/share/colcon-core/packages/kalman_positioning)
[68.888s] DEBUG:colcon.colcon_parallel_executor.executor.parallel:closing loop
[68.889s] DEBUG:colcon.colcon_parallel_executor.executor.parallel:loop closed
[68.891s] DEBUG:colcon.colcon_parallel_executor.executor.parallel:run_until_complete finished with '0'
[68.891s] DEBUG:colcon.colcon_core.event_reactor:joining thread
[68.933s] INFO:colcon.colcon_core.plugin_system:Skipping extension 'colcon_notification.desktop_notification.terminal_notifier': Not used on non-Darwin systems
[68.935s] INFO:colcon.colcon_core.plugin_system:Skipping extension 'colcon_notification.desktop_notification.win32': Not used on non-Windows systems
[68.935s] INFO:colcon.colcon_notification.desktop_notification:Sending desktop notification using 'notify2'
[69.040s] DEBUG:colcon.colcon_core.event_reactor:joined thread
[69.040s] INFO:colcon.colcon_core.shell:Creating prefix script '/home/studamr/ros2_ws_exer01/install/local_setup.ps1'
[69.042s] INFO:colcon.colcon_core.shell:Creating prefix util module '/home/studamr/ros2_ws_exer01/install/_local_setup_util_ps1.py'
[69.044s] INFO:colcon.colcon_core.shell:Creating prefix chain script '/home/studamr/ros2_ws_exer01/install/setup.ps1'
[69.050s] INFO:colcon.colcon_core.shell:Creating prefix script '/home/studamr/ros2_ws_exer01/install/local_setup.sh'
[69.054s] INFO:colcon.colcon_core.shell:Creating prefix util module '/home/studamr/ros2_ws_exer01/install/_local_setup_util_sh.py'
[69.057s] INFO:colcon.colcon_core.shell:Creating prefix chain script '/home/studamr/ros2_ws_exer01/install/setup.sh'
[69.060s] INFO:colcon.colcon_core.shell:Creating prefix script '/home/studamr/ros2_ws_exer01/install/local_setup.bash'
[69.062s] INFO:colcon.colcon_core.shell:Creating prefix chain script '/home/studamr/ros2_ws_exer01/install/setup.bash'
[69.067s] INFO:colcon.colcon_core.shell:Creating prefix script '/home/studamr/ros2_ws_exer01/install/local_setup.zsh'
[69.072s] INFO:colcon.colcon_core.shell:Creating prefix chain script '/home/studamr/ros2_ws_exer01/install/setup.zsh'
