[0.107s] Invoking command in '/home/studamr/ros2_ws_exer01/build/fake_robot': CMAKE_PREFIX_PATH=${CMAKE_PREFIX_PATH}:/opt/ros/kilted DEBUGINFOD_URLS=https://debuginfod.ubuntu.com /usr/bin/cmake --build /home/studamr/ros2_ws_exer01/build/fake_robot -- -j4 -l4
[0.518s] [100%] Built target fake_robot
[0.588s] Invoked command in '/home/studamr/ros2_ws_exer01/build/fake_robot' returned '0': CMAKE_PREFIX_PATH=${CMAKE_PREFIX_PATH}:/opt/ros/kilted DEBUGINFOD_URLS=https://debuginfod.ubuntu.com /usr/bin/cmake --build /home/studamr/ros2_ws_exer01/build/fake_robot -- -j4 -l4
[0.647s] Invoking command in '/home/studamr/ros2_ws_exer01/build/fake_robot': CMAKE_PREFIX_PATH=${CMAKE_PREFIX_PATH}:/opt/ros/kilted DEBUGINFOD_URLS=https://debuginfod.ubuntu.com /usr/bin/cmake --install /home/studamr/ros2_ws_exer01/build/fake_robot
[0.735s] -- Install configuration: ""
[0.743s] -- Up-to-date: /home/studamr/ros2_ws_exer01/install/fake_robot/lib/fake_robot/fake_robot
[0.746s] -- Up-to-date: /home/studamr/ros2_ws_exer01/install/fake_robot/share/fake_robot/launch
[0.746s] -- Up-to-date: /home/studamr/ros2_ws_exer01/install/fake_robot/share/fake_robot/launch/fake_robot.launch.py
[0.747s] -- Up-to-date: /home/studamr/ros2_ws_exer01/install/fake_robot/share/fake_robot/data
[0.747s] -- Up-to-date: /home/studamr/ros2_ws_exer01/install/fake_robot/share/fake_robot/data/landmarks.csv
[0.747s] -- Up-to-date: /home/studamr/ros2_ws_exer01/install/fake_robot/share/ament_index/resource_index/package_run_dependencies/fake_robot
[0.750s] -- Up-to-date: /home/studamr/ros2_ws_exer01/install/fake_robot/share/ament_index/resource_index/parent_prefix_path/fake_robot
[0.751s] -- Up-to-date: /home/studamr/ros2_ws_exer01/install/fake_robot/share/fake_robot/environment/ament_prefix_path.sh
[0.751s] -- Up-to-date: /home/studamr/ros2_ws_exer01/install/fake_robot/share/fake_robot/environment/ament_prefix_path.dsv
[0.756s] -- Up-to-date: /home/studamr/ros2_ws_exer01/install/fake_robot/share/fake_robot/environment/path.sh
[0.757s] -- Up-to-date: /home/studamr/ros2_ws_exer01/install/fake_robot/share/fake_robot/environment/path.dsv
[0.757s] -- Up-to-date: /home/studamr/ros2_ws_exer01/install/fake_robot/share/fake_robot/local_setup.bash
[0.757s] -- Up-to-date: /home/studamr/ros2_ws_exer01/install/fake_robot/share/fake_robot/local_setup.sh
[0.757s] -- Up-to-date: /home/studamr/ros2_ws_exer01/install/fake_robot/share/fake_robot/local_setup.zsh
[0.761s] -- Up-to-date: /home/studamr/ros2_ws_exer01/install/fake_robot/share/fake_robot/local_setup.dsv
[0.762s] -- Installing: /home/studamr/ros2_ws_exer01/install/fake_robot/share/fake_robot/package.dsv
[0.765s] -- Up-to-date: /home/studamr/ros2_ws_exer01/install/fake_robot/share/ament_index/resource_index/packages/fake_robot
[0.765s] -- Up-to-date: /home/studamr/ros2_ws_exer01/install/fake_robot/share/fake_robot/cmake/fake_robotConfig.cmake
[0.765s] -- Up-to-date: /home/studamr/ros2_ws_exer01/install/fake_robot/share/fake_robot/cmake/fake_robotConfig-version.cmake
[0.790s] -- Up-to-date: /home/studamr/ros2_ws_exer01/install/fake_robot/share/fake_robot/package.xml
[0.799s] Invoked command in '/home/studamr/ros2_ws_exer01/build/fake_robot' returned '0': CMAKE_PREFIX_PATH=${CMAKE_PREFIX_PATH}:/opt/ros/kilted DEBUGINFOD_URLS=https://debuginfod.ubuntu.com /usr/bin/cmake --install /home/studamr/ros2_ws_exer01/build/fake_robot
