[0.030s] Invoking command in '/home/studamr/ros2_ws_exer01/build/fake_robot': CMAKE_PREFIX_PATH=${CMAKE_PREFIX_PATH}:/opt/ros/kilted DEBUGINFOD_URLS=https://debuginfod.ubuntu.com /usr/bin/cmake /home/studamr/ros2_ws_exer01/src/fake_robot -DCMAKE_INSTALL_PREFIX=/home/studamr/ros2_ws_exer01/install/fake_robot
[0.588s] -- The C compiler identification is GNU 13.3.0
[0.806s] -- The CXX compiler identification is GNU 13.3.0
[0.892s] -- Detecting C compiler ABI info
[1.175s] -- Detecting C compiler ABI info - done
[1.190s] -- Check for working C compiler: /usr/bin/cc - skipped
[1.193s] -- Detecting C compile features
[1.198s] -- Detecting C compile features - done
[1.221s] -- Detecting CXX compiler ABI info
[1.534s] -- Detecting CXX compiler ABI info - done
[1.553s] -- Check for working CXX compiler: /usr/bin/c++ - skipped
[1.554s] -- Detecting CXX compile features
[1.558s] -- Detecting CXX compile features - done
[1.649s] -- Found ament_cmake: 2.7.3 (/opt/ros/kilted/share/ament_cmake/cmake)
[2.020s] -- Found Python3: /usr/bin/python3 (found version "3.12.3") found components: Interpreter 
[2.224s] -- Found rclcpp: 29.5.3 (/opt/ros/kilted/share/rclcpp/cmake)
[2.323s] -- Found rosidl_generator_c: 4.9.5 (/opt/ros/kilted/share/rosidl_generator_c/cmake)
[2.343s] -- Found rosidl_generator_cpp: 4.9.5 (/opt/ros/kilted/share/rosidl_generator_cpp/cmake)
[2.425s] -- Using all available rosidl_typesupport_c: rosidl_typesupport_fastrtps_c;rosidl_typesupport_introspection_c
[2.462s] -- Using all available rosidl_typesupport_cpp: rosidl_typesupport_fastrtps_cpp;rosidl_typesupport_introspection_cpp
[2.584s] -- Found rmw_implementation_cmake: 7.8.2 (/opt/ros/kilted/share/rmw_implementation_cmake/cmake)
[2.590s] -- Found rmw_fastrtps_cpp: 9.3.3 (/opt/ros/kilted/share/rmw_fastrtps_cpp/cmake)
[2.926s] -- Found OpenSSL: /usr/lib/x86_64-linux-gnu/libcrypto.so (found version "3.0.13")  
[2.956s] -- Using RMW implementation 'rmw_fastrtps_cpp' as default
[3.113s] -- Found geometry_msgs: 5.5.1 (/opt/ros/kilted/share/geometry_msgs/cmake)
[3.178s] -- Found sensor_msgs: 5.5.1 (/opt/ros/kilted/share/sensor_msgs/cmake)
[3.228s] -- Found nav_msgs: 5.5.1 (/opt/ros/kilted/share/nav_msgs/cmake)
[3.283s] -- Found tf2_ros: 0.41.2 (/opt/ros/kilted/share/tf2_ros/cmake)
[3.555s] [0mCMake Deprecation Warning at /opt/ros/kilted/share/ament_cmake_target_dependencies/cmake/ament_target_dependencies.cmake:87 (message):
[3.555s]   ament_target_dependencies() is deprecated.  Use target_link_libraries()
[3.555s]   with modern CMake targets instead.  Try replacing this call with:
[3.555s] 
[3.555s]     target_link_libraries(fake_robot PUBLIC
[3.555s]       ${geometry_msgs_TARGETS}
[3.555s]       ${nav_msgs_TARGETS}
[3.556s]       ${sensor_msgs_TARGETS}
[3.556s]       ${std_msgs_TARGETS}
[3.556s]       rclcpp::rclcpp
[3.556s]       sensor_msgs::sensor_msgs_library
[3.556s]       tf2_ros::static_transform_broadcaster_node
[3.556s]       tf2_ros::tf2_ros
[3.556s]     )
[3.556s] 
[3.558s] Call Stack (most recent call first):
[3.559s]   CMakeLists.txt:22 (ament_target_dependencies)
[3.559s] 
[3.559s] [0m
[3.564s] -- Found ament_lint_auto: 0.19.2 (/opt/ros/kilted/share/ament_lint_auto/cmake)
[3.857s] -- Added test 'cppcheck' to perform static code analysis on C / C++ code
[3.858s] -- Configured cppcheck include dirs: $<BUILD_INTERFACE:/home/studamr/ros2_ws_exer01/src/fake_robot/include>
[3.858s] -- Configured cppcheck exclude dirs and/or files: 
[3.859s] -- Added test 'flake8' to check Python code syntax and style conventions
[3.859s] -- Configured 'flake8' exclude dirs and/or files: 
[3.862s] -- Added test 'lint_cmake' to check CMake code style
[3.867s] -- Added test 'pep257' to check Python code against some of the docstring style conventions in PEP 257
[3.874s] -- Added test 'uncrustify' to check C / C++ code style
[3.874s] -- Configured uncrustify additional arguments: 
[3.883s] -- Added test 'xmllint' to check XML markup files
[3.885s] -- Configuring done (3.8s)
[3.939s] -- Generating done (0.0s)
[3.952s] -- Build files have been written to: /home/studamr/ros2_ws_exer01/build/fake_robot
[3.982s] Invoked command in '/home/studamr/ros2_ws_exer01/build/fake_robot' returned '0': CMAKE_PREFIX_PATH=${CMAKE_PREFIX_PATH}:/opt/ros/kilted DEBUGINFOD_URLS=https://debuginfod.ubuntu.com /usr/bin/cmake /home/studamr/ros2_ws_exer01/src/fake_robot -DCMAKE_INSTALL_PREFIX=/home/studamr/ros2_ws_exer01/install/fake_robot
[3.983s] Invoking command in '/home/studamr/ros2_ws_exer01/build/fake_robot': CMAKE_PREFIX_PATH=${CMAKE_PREFIX_PATH}:/opt/ros/kilted DEBUGINFOD_URLS=https://debuginfod.ubuntu.com /usr/bin/cmake --build /home/studamr/ros2_ws_exer01/build/fake_robot -- -j4 -l4
[4.086s] [ 50%] [32mBuilding CXX object CMakeFiles/fake_robot.dir/src/fake_robot.cpp.o[0m
[14.593s] [100%] [32m[1mLinking CXX executable fake_robot[0m
[15.131s] [100%] Built target fake_robot
[15.180s] Invoked command in '/home/studamr/ros2_ws_exer01/build/fake_robot' returned '0': CMAKE_PREFIX_PATH=${CMAKE_PREFIX_PATH}:/opt/ros/kilted DEBUGINFOD_URLS=https://debuginfod.ubuntu.com /usr/bin/cmake --build /home/studamr/ros2_ws_exer01/build/fake_robot -- -j4 -l4
[15.229s] Invoking command in '/home/studamr/ros2_ws_exer01/build/fake_robot': CMAKE_PREFIX_PATH=${CMAKE_PREFIX_PATH}:/opt/ros/kilted DEBUGINFOD_URLS=https://debuginfod.ubuntu.com /usr/bin/cmake --install /home/studamr/ros2_ws_exer01/build/fake_robot
[15.260s] -- Install configuration: ""
[15.260s] -- Installing: /home/studamr/ros2_ws_exer01/install/fake_robot/lib/fake_robot/fake_robot
[15.267s] -- Set non-toolchain portion of runtime path of "/home/studamr/ros2_ws_exer01/install/fake_robot/lib/fake_robot/fake_robot" to ""
[15.268s] -- Installing: /home/studamr/ros2_ws_exer01/install/fake_robot/share/fake_robot/launch
[15.268s] -- Installing: /home/studamr/ros2_ws_exer01/install/fake_robot/share/fake_robot/launch/fake_robot.launch.py
[15.270s] -- Installing: /home/studamr/ros2_ws_exer01/install/fake_robot/share/fake_robot/data
[15.270s] -- Installing: /home/studamr/ros2_ws_exer01/install/fake_robot/share/fake_robot/data/landmarks.csv
[15.274s] -- Installing: /home/studamr/ros2_ws_exer01/install/fake_robot/share/ament_index/resource_index/package_run_dependencies/fake_robot
[15.277s] -- Installing: /home/studamr/ros2_ws_exer01/install/fake_robot/share/ament_index/resource_index/parent_prefix_path/fake_robot
[15.277s] -- Installing: /home/studamr/ros2_ws_exer01/install/fake_robot/share/fake_robot/environment/ament_prefix_path.sh
[15.278s] -- Installing: /home/studamr/ros2_ws_exer01/install/fake_robot/share/fake_robot/environment/ament_prefix_path.dsv
[15.278s] -- Installing: /home/studamr/ros2_ws_exer01/install/fake_robot/share/fake_robot/environment/path.sh
[15.279s] -- Installing: /home/studamr/ros2_ws_exer01/install/fake_robot/share/fake_robot/environment/path.dsv
[15.281s] -- Installing: /home/studamr/ros2_ws_exer01/install/fake_robot/share/fake_robot/local_setup.bash
[15.281s] -- Installing: /home/studamr/ros2_ws_exer01/install/fake_robot/share/fake_robot/local_setup.sh
[15.281s] -- Installing: /home/studamr/ros2_ws_exer01/install/fake_robot/share/fake_robot/local_setup.zsh
[15.284s] -- Installing: /home/studamr/ros2_ws_exer01/install/fake_robot/share/fake_robot/local_setup.dsv
[15.284s] -- Installing: /home/studamr/ros2_ws_exer01/install/fake_robot/share/fake_robot/package.dsv
[15.285s] -- Installing: /home/studamr/ros2_ws_exer01/install/fake_robot/share/ament_index/resource_index/packages/fake_robot
[15.286s] -- Installing: /home/studamr/ros2_ws_exer01/install/fake_robot/share/fake_robot/cmake/fake_robotConfig.cmake
[15.286s] -- Installing: /home/studamr/ros2_ws_exer01/install/fake_robot/share/fake_robot/cmake/fake_robotConfig-version.cmake
[15.287s] -- Installing: /home/studamr/ros2_ws_exer01/install/fake_robot/share/fake_robot/package.xml
[15.296s] Invoked command in '/home/studamr/ros2_ws_exer01/build/fake_robot' returned '0': CMAKE_PREFIX_PATH=${CMAKE_PREFIX_PATH}:/opt/ros/kilted DEBUGINFOD_URLS=https://debuginfod.ubuntu.com /usr/bin/cmake --install /home/studamr/ros2_ws_exer01/build/fake_robot
