[0.114s] DEBUG:colcon:Command line arguments: ['/usr/bin/colcon', 'build']
[0.115s] DEBUG:colcon:Parsed command line arguments: Namespace(log_base=None, log_level=None, verb_name='build', build_base='build', install_base='install', merge_install=False, symlink_install=False, test_result_base=None, continue_on_error=False, executor='parallel', parallel_workers=4, event_handlers=None, ignore_user_meta=False, metas=['./colcon.meta'], base_paths=['.'], packages_ignore=None, packages_ignore_regex=None, paths=None, packages_up_to=None, packages_up_to_regex=None, packages_above=None, packages_above_and_dependencies=None, packages_above_depth=None, packages_select_by_dep=None, packages_skip_by_dep=None, packages_skip_up_to=None, packages_select_build_failed=False, packages_skip_build_finished=False, packages_select_test_failures=False, packages_skip_test_passed=False, packages_select=None, packages_skip=None, packages_select_regex=None, packages_skip_regex=None, packages_start=None, packages_end=None, allow_overriding=[], cmake_args=None, cmake_target=None, cmake_target_skip_unavailable=False, cmake_clean_cache=False, cmake_clean_first=False, cmake_force_configure=False, ament_cmake_args=None, catkin_cmake_args=None, catkin_skip_building_tests=False, mixin_files=None, mixin=None, verb_parser=<colcon_mixin.mixin.mixin_argument.MixinArgumentDecorator object at 0x79c01377fe00>, verb_extension=<colcon_core.verb.build.BuildVerb object at 0x79c013816270>, main=<bound method BuildVerb.main of <colcon_core.verb.build.BuildVerb object at 0x79c013816270>>, mixin_verb=('build',))
[0.155s] Level 1:colcon.colcon_core.package_discovery:discover_packages(colcon_meta) check parameters
[0.156s] Level 1:colcon.colcon_core.package_discovery:discover_packages(recursive) check parameters
[0.156s] Level 1:colcon.colcon_core.package_discovery:discover_packages(ignore) check parameters
[0.156s] Level 1:colcon.colcon_core.package_discovery:discover_packages(path) check parameters
[0.156s] Level 1:colcon.colcon_core.package_discovery:discover_packages(colcon_meta) discover
[0.156s] Level 1:colcon.colcon_core.package_discovery:discover_packages(recursive) discover
[0.156s] INFO:colcon.colcon_core.package_discovery:Crawling recursively for packages in '/home/studamr/ros2_ws_exer01'
[0.157s] Level 1:colcon.colcon_core.package_identification:_identify(.) by extensions ['ignore', 'ignore_ament_install']
[0.157s] Level 1:colcon.colcon_core.package_identification:_identify(.) by extension 'ignore'
[0.157s] Level 1:colcon.colcon_core.package_identification:_identify(.) by extension 'ignore_ament_install'
[0.157s] Level 1:colcon.colcon_core.package_identification:_identify(.) by extensions ['colcon_pkg']
[0.157s] Level 1:colcon.colcon_core.package_identification:_identify(.) by extension 'colcon_pkg'
[0.157s] Level 1:colcon.colcon_core.package_identification:_identify(.) by extensions ['colcon_meta']
[0.157s] Level 1:colcon.colcon_core.package_identification:_identify(.) by extension 'colcon_meta'
[0.157s] Level 1:colcon.colcon_core.package_identification:_identify(.) by extensions ['ros']
[0.157s] Level 1:colcon.colcon_core.package_identification:_identify(.) by extension 'ros'
[0.183s] Level 1:colcon.colcon_core.package_identification:_identify(.) by extensions ['cmake', 'python']
[0.184s] Level 1:colcon.colcon_core.package_identification:_identify(.) by extension 'cmake'
[0.184s] Level 1:colcon.colcon_core.package_identification:_identify(.) by extension 'python'
[0.184s] Level 1:colcon.colcon_core.package_identification:_identify(.) by extensions ['python_setup_py']
[0.184s] Level 1:colcon.colcon_core.package_identification:_identify(.) by extension 'python_setup_py'
[0.184s] Level 1:colcon.colcon_core.package_identification:_identify(build) by extensions ['ignore', 'ignore_ament_install']
[0.184s] Level 1:colcon.colcon_core.package_identification:_identify(build) by extension 'ignore'
[0.185s] Level 1:colcon.colcon_core.package_identification:_identify(build) ignored
[0.185s] Level 1:colcon.colcon_core.package_identification:_identify(install) by extensions ['ignore', 'ignore_ament_install']
[0.185s] Level 1:colcon.colcon_core.package_identification:_identify(install) by extension 'ignore'
[0.186s] Level 1:colcon.colcon_core.package_identification:_identify(install) ignored
[0.186s] Level 1:colcon.colcon_core.package_identification:_identify(log) by extensions ['ignore', 'ignore_ament_install']
[0.186s] Level 1:colcon.colcon_core.package_identification:_identify(log) by extension 'ignore'
[0.186s] Level 1:colcon.colcon_core.package_identification:_identify(log) ignored
[0.186s] Level 1:colcon.colcon_core.package_identification:_identify(src) by extensions ['ignore', 'ignore_ament_install']
[0.186s] Level 1:colcon.colcon_core.package_identification:_identify(src) by extension 'ignore'
[0.187s] Level 1:colcon.colcon_core.package_identification:_identify(src) by extension 'ignore_ament_install'
[0.187s] Level 1:colcon.colcon_core.package_identification:_identify(src) by extensions ['colcon_pkg']
[0.187s] Level 1:colcon.colcon_core.package_identification:_identify(src) by extension 'colcon_pkg'
[0.187s] Level 1:colcon.colcon_core.package_identification:_identify(src) by extensions ['colcon_meta']
[0.187s] Level 1:colcon.colcon_core.package_identification:_identify(src) by extension 'colcon_meta'
[0.188s] Level 1:colcon.colcon_core.package_identification:_identify(src) by extensions ['ros']
[0.188s] Level 1:colcon.colcon_core.package_identification:_identify(src) by extension 'ros'
[0.188s] Level 1:colcon.colcon_core.package_identification:_identify(src) by extensions ['cmake', 'python']
[0.188s] Level 1:colcon.colcon_core.package_identification:_identify(src) by extension 'cmake'
[0.188s] Level 1:colcon.colcon_core.package_identification:_identify(src) by extension 'python'
[0.188s] Level 1:colcon.colcon_core.package_identification:_identify(src) by extensions ['python_setup_py']
[0.188s] Level 1:colcon.colcon_core.package_identification:_identify(src) by extension 'python_setup_py'
[0.188s] Level 1:colcon.colcon_core.package_identification:_identify(src/build) by extensions ['ignore', 'ignore_ament_install']
[0.188s] Level 1:colcon.colcon_core.package_identification:_identify(src/build) by extension 'ignore'
[0.188s] Level 1:colcon.colcon_core.package_identification:_identify(src/build) ignored
[0.188s] Level 1:colcon.colcon_core.package_identification:_identify(src/fake_robot) by extensions ['ignore', 'ignore_ament_install']
[0.189s] Level 1:colcon.colcon_core.package_identification:_identify(src/fake_robot) by extension 'ignore'
[0.189s] Level 1:colcon.colcon_core.package_identification:_identify(src/fake_robot) by extension 'ignore_ament_install'
[0.189s] Level 1:colcon.colcon_core.package_identification:_identify(src/fake_robot) by extensions ['colcon_pkg']
[0.189s] Level 1:colcon.colcon_core.package_identification:_identify(src/fake_robot) by extension 'colcon_pkg'
[0.189s] Level 1:colcon.colcon_core.package_identification:_identify(src/fake_robot) by extensions ['colcon_meta']
[0.189s] Level 1:colcon.colcon_core.package_identification:_identify(src/fake_robot) by extension 'colcon_meta'
[0.189s] Level 1:colcon.colcon_core.package_identification:_identify(src/fake_robot) by extensions ['ros']
[0.189s] Level 1:colcon.colcon_core.package_identification:_identify(src/fake_robot) by extension 'ros'
[0.193s] DEBUG:colcon.colcon_core.package_identification:Package 'src/fake_robot' with type 'ros.ament_cmake' and name 'fake_robot'
[0.194s] Level 1:colcon.colcon_core.package_identification:_identify(src/install) by extensions ['ignore', 'ignore_ament_install']
[0.195s] Level 1:colcon.colcon_core.package_identification:_identify(src/install) by extension 'ignore'
[0.195s] Level 1:colcon.colcon_core.package_identification:_identify(src/install) ignored
[0.195s] Level 1:colcon.colcon_core.package_identification:_identify(src/kalman_positioning) by extensions ['ignore', 'ignore_ament_install']
[0.195s] Level 1:colcon.colcon_core.package_identification:_identify(src/kalman_positioning) by extension 'ignore'
[0.195s] Level 1:colcon.colcon_core.package_identification:_identify(src/kalman_positioning) by extension 'ignore_ament_install'
[0.195s] Level 1:colcon.colcon_core.package_identification:_identify(src/kalman_positioning) by extensions ['colcon_pkg']
[0.195s] Level 1:colcon.colcon_core.package_identification:_identify(src/kalman_positioning) by extension 'colcon_pkg'
[0.195s] Level 1:colcon.colcon_core.package_identification:_identify(src/kalman_positioning) by extensions ['colcon_meta']
[0.196s] Level 1:colcon.colcon_core.package_identification:_identify(src/kalman_positioning) by extension 'colcon_meta'
[0.196s] Level 1:colcon.colcon_core.package_identification:_identify(src/kalman_positioning) by extensions ['ros']
[0.196s] Level 1:colcon.colcon_core.package_identification:_identify(src/kalman_positioning) by extension 'ros'
[0.197s] DEBUG:colcon.colcon_core.package_identification:Package 'src/kalman_positioning' with type 'ros.ament_cmake' and name 'kalman_positioning'
[0.197s] Level 1:colcon.colcon_core.package_identification:_identify(src/log) by extensions ['ignore', 'ignore_ament_install']
[0.197s] Level 1:colcon.colcon_core.package_identification:_identify(src/log) by extension 'ignore'
[0.198s] Level 1:colcon.colcon_core.package_identification:_identify(src/log) ignored
[0.198s] Level 1:colcon.colcon_core.package_identification:_identify(src/rosbag2_2025_11_28-19_41_00) by extensions ['ignore', 'ignore_ament_install']
[0.198s] Level 1:colcon.colcon_core.package_identification:_identify(src/rosbag2_2025_11_28-19_41_00) by extension 'ignore'
[0.198s] Level 1:colcon.colcon_core.package_identification:_identify(src/rosbag2_2025_11_28-19_41_00) by extension 'ignore_ament_install'
[0.198s] Level 1:colcon.colcon_core.package_identification:_identify(src/rosbag2_2025_11_28-19_41_00) by extensions ['colcon_pkg']
[0.198s] Level 1:colcon.colcon_core.package_identification:_identify(src/rosbag2_2025_11_28-19_41_00) by extension 'colcon_pkg'
[0.198s] Level 1:colcon.colcon_core.package_identification:_identify(src/rosbag2_2025_11_28-19_41_00) by extensions ['colcon_meta']
[0.198s] Level 1:colcon.colcon_core.package_identification:_identify(src/rosbag2_2025_11_28-19_41_00) by extension 'colcon_meta'
[0.198s] Level 1:colcon.colcon_core.package_identification:_identify(src/rosbag2_2025_11_28-19_41_00) by extensions ['ros']
[0.198s] Level 1:colcon.colcon_core.package_identification:_identify(src/rosbag2_2025_11_28-19_41_00) by extension 'ros'
[0.198s] Level 1:colcon.colcon_core.package_identification:_identify(src/rosbag2_2025_11_28-19_41_00) by extensions ['cmake', 'python']
[0.198s] Level 1:colcon.colcon_core.package_identification:_identify(src/rosbag2_2025_11_28-19_41_00) by extension 'cmake'
[0.198s] Level 1:colcon.colcon_core.package_identification:_identify(src/rosbag2_2025_11_28-19_41_00) by extension 'python'
[0.198s] Level 1:colcon.colcon_core.package_identification:_identify(src/rosbag2_2025_11_28-19_41_00) by extensions ['python_setup_py']
[0.198s] Level 1:colcon.colcon_core.package_identification:_identify(src/rosbag2_2025_11_28-19_41_00) by extension 'python_setup_py'
[0.198s] Level 1:colcon.colcon_core.package_discovery:discover_packages(recursive) using defaults
[0.198s] Level 1:colcon.colcon_core.package_discovery:discover_packages(ignore) discover
[0.198s] Level 1:colcon.colcon_core.package_discovery:discover_packages(ignore) using defaults
[0.199s] Level 1:colcon.colcon_core.package_discovery:discover_packages(path) discover
[0.199s] Level 1:colcon.colcon_core.package_discovery:discover_packages(path) using defaults
[0.217s] Level 1:colcon.colcon_core.package_discovery:discover_packages(prefix_path) check parameters
[0.218s] Level 1:colcon.colcon_core.package_discovery:discover_packages(prefix_path) discover
[0.220s] DEBUG:colcon.colcon_installed_package_information.package_discovery:Found 2 installed packages in /home/studamr/ros2_ws_exer01/install
[0.223s] DEBUG:colcon.colcon_installed_package_information.package_discovery:Found 322 installed packages in /opt/ros/kilted
[0.225s] Level 1:colcon.colcon_core.package_discovery:discover_packages(prefix_path) using defaults
[0.269s] Level 5:colcon.colcon_core.verb:set package 'fake_robot' build argument 'cmake_args' from command line to 'None'
[0.270s] Level 5:colcon.colcon_core.verb:set package 'fake_robot' build argument 'cmake_target' from command line to 'None'
[0.270s] Level 5:colcon.colcon_core.verb:set package 'fake_robot' build argument 'cmake_target_skip_unavailable' from command line to 'False'
[0.270s] Level 5:colcon.colcon_core.verb:set package 'fake_robot' build argument 'cmake_clean_cache' from command line to 'False'
[0.270s] Level 5:colcon.colcon_core.verb:set package 'fake_robot' build argument 'cmake_clean_first' from command line to 'False'
[0.270s] Level 5:colcon.colcon_core.verb:set package 'fake_robot' build argument 'cmake_force_configure' from command line to 'False'
[0.270s] Level 5:colcon.colcon_core.verb:set package 'fake_robot' build argument 'ament_cmake_args' from command line to 'None'
[0.270s] Level 5:colcon.colcon_core.verb:set package 'fake_robot' build argument 'catkin_cmake_args' from command line to 'None'
[0.270s] Level 5:colcon.colcon_core.verb:set package 'fake_robot' build argument 'catkin_skip_building_tests' from command line to 'False'
[0.270s] DEBUG:colcon.colcon_core.verb:Building package 'fake_robot' with the following arguments: {'ament_cmake_args': None, 'build_base': '/home/studamr/ros2_ws_exer01/build/fake_robot', 'catkin_cmake_args': None, 'catkin_skip_building_tests': False, 'cmake_args': None, 'cmake_clean_cache': False, 'cmake_clean_first': False, 'cmake_force_configure': False, 'cmake_target': None, 'cmake_target_skip_unavailable': False, 'install_base': '/home/studamr/ros2_ws_exer01/install/fake_robot', 'merge_install': False, 'path': '/home/studamr/ros2_ws_exer01/src/fake_robot', 'symlink_install': False, 'test_result_base': None}
[0.271s] Level 5:colcon.colcon_core.verb:set package 'kalman_positioning' build argument 'cmake_args' from command line to 'None'
[0.271s] Level 5:colcon.colcon_core.verb:set package 'kalman_positioning' build argument 'cmake_target' from command line to 'None'
[0.271s] Level 5:colcon.colcon_core.verb:set package 'kalman_positioning' build argument 'cmake_target_skip_unavailable' from command line to 'False'
[0.271s] Level 5:colcon.colcon_core.verb:set package 'kalman_positioning' build argument 'cmake_clean_cache' from command line to 'False'
[0.271s] Level 5:colcon.colcon_core.verb:set package 'kalman_positioning' build argument 'cmake_clean_first' from command line to 'False'
[0.271s] Level 5:colcon.colcon_core.verb:set package 'kalman_positioning' build argument 'cmake_force_configure' from command line to 'False'
[0.271s] Level 5:colcon.colcon_core.verb:set package 'kalman_positioning' build argument 'ament_cmake_args' from command line to 'None'
[0.271s] Level 5:colcon.colcon_core.verb:set package 'kalman_positioning' build argument 'catkin_cmake_args' from command line to 'None'
[0.271s] Level 5:colcon.colcon_core.verb:set package 'kalman_positioning' build argument 'catkin_skip_building_tests' from command line to 'False'
[0.271s] DEBUG:colcon.colcon_core.verb:Building package 'kalman_positioning' with the following arguments: {'ament_cmake_args': None, 'build_base': '/home/studamr/ros2_ws_exer01/build/kalman_positioning', 'catkin_cmake_args': None, 'catkin_skip_building_tests': False, 'cmake_args': None, 'cmake_clean_cache': False, 'cmake_clean_first': False, 'cmake_force_configure': False, 'cmake_target': None, 'cmake_target_skip_unavailable': False, 'install_base': '/home/studamr/ros2_ws_exer01/install/kalman_positioning', 'merge_install': False, 'path': '/home/studamr/ros2_ws_exer01/src/kalman_positioning', 'symlink_install': False, 'test_result_base': None}
[0.271s] INFO:colcon.colcon_core.executor:Executing jobs using 'parallel' executor
[0.274s] DEBUG:colcon.colcon_parallel_executor.executor.parallel:run_until_complete
[0.275s] INFO:colcon.colcon_ros.task.ament_cmake.build:Building ROS package in '/home/studamr/ros2_ws_exer01/src/fake_robot' with build type 'ament_cmake'
[0.275s] INFO:colcon.colcon_cmake.task.cmake.build:Building CMake package in '/home/studamr/ros2_ws_exer01/src/fake_robot'
[0.283s] INFO:colcon.colcon_core.plugin_system:Skipping extension 'colcon_core.shell.bat': Not used on non-Windows systems
[0.285s] INFO:colcon.colcon_core.shell:Skip shell extension 'powershell' for command environment: Not usable outside of PowerShell
[0.286s] DEBUG:colcon.colcon_core.shell:Skip shell extension 'dsv' for command environment
[0.297s] INFO:colcon.colcon_ros.task.ament_cmake.build:Building ROS package in '/home/studamr/ros2_ws_exer01/src/kalman_positioning' with build type 'ament_cmake'
[0.298s] INFO:colcon.colcon_cmake.task.cmake.build:Building CMake package in '/home/studamr/ros2_ws_exer01/src/kalman_positioning'
[0.299s] INFO:colcon.colcon_core.shell:Skip shell extension 'powershell' for command environment: Not usable outside of PowerShell
[0.301s] DEBUG:colcon.colcon_core.shell:Skip shell extension 'dsv' for command environment
[0.358s] DEBUG:colcon.colcon_core.event_handler.log_command:Invoking command in '/home/studamr/ros2_ws_exer01/build/fake_robot': CMAKE_PREFIX_PATH=${CMAKE_PREFIX_PATH}:/opt/ros/kilted DEBUGINFOD_URLS=https://debuginfod.ubuntu.com /usr/bin/cmake --build /home/studamr/ros2_ws_exer01/build/fake_robot -- -j4 -l4
[0.359s] DEBUG:colcon.colcon_core.event_handler.log_command:Invoking command in '/home/studamr/ros2_ws_exer01/build/kalman_positioning': CMAKE_PREFIX_PATH=${CMAKE_PREFIX_PATH}:/opt/ros/kilted DEBUGINFOD_URLS=https://debuginfod.ubuntu.com /usr/bin/cmake --build /home/studamr/ros2_ws_exer01/build/kalman_positioning -- -j4 -l4
[0.592s] DEBUG:colcon.colcon_core.event_handler.log_command:Invoked command in '/home/studamr/ros2_ws_exer01/build/fake_robot' returned '0': CMAKE_PREFIX_PATH=${CMAKE_PREFIX_PATH}:/opt/ros/kilted DEBUGINFOD_URLS=https://debuginfod.ubuntu.com /usr/bin/cmake --build /home/studamr/ros2_ws_exer01/build/fake_robot -- -j4 -l4
[0.629s] DEBUG:colcon.colcon_core.event_handler.log_command:Invoking command in '/home/studamr/ros2_ws_exer01/build/fake_robot': CMAKE_PREFIX_PATH=${CMAKE_PREFIX_PATH}:/opt/ros/kilted DEBUGINFOD_URLS=https://debuginfod.ubuntu.com /usr/bin/cmake --install /home/studamr/ros2_ws_exer01/build/fake_robot
[0.662s] Level 1:colcon.colcon_core.environment:create_environment_scripts_only(fake_robot)
[0.666s] DEBUG:colcon.colcon_core.event_handler.log_command:Invoked command in '/home/studamr/ros2_ws_exer01/build/fake_robot' returned '0': CMAKE_PREFIX_PATH=${CMAKE_PREFIX_PATH}:/opt/ros/kilted DEBUGINFOD_URLS=https://debuginfod.ubuntu.com /usr/bin/cmake --install /home/studamr/ros2_ws_exer01/build/fake_robot
[0.667s] Level 1:colcon.colcon_core.environment:checking '/home/studamr/ros2_ws_exer01/install/fake_robot' for CMake module files
[0.669s] Level 1:colcon.colcon_core.environment:checking '/home/studamr/ros2_ws_exer01/install/fake_robot' for CMake config files
[0.669s] Level 1:colcon.colcon_core.shell:create_environment_hook('fake_robot', 'cmake_prefix_path')
[0.670s] INFO:colcon.colcon_core.shell:Creating environment hook '/home/studamr/ros2_ws_exer01/install/fake_robot/share/fake_robot/hook/cmake_prefix_path.ps1'
[0.671s] INFO:colcon.colcon_core.shell:Creating environment descriptor '/home/studamr/ros2_ws_exer01/install/fake_robot/share/fake_robot/hook/cmake_prefix_path.dsv'
[0.673s] INFO:colcon.colcon_core.shell:Creating environment hook '/home/studamr/ros2_ws_exer01/install/fake_robot/share/fake_robot/hook/cmake_prefix_path.sh'
[0.675s] Level 1:colcon.colcon_core.environment:checking '/home/studamr/ros2_ws_exer01/install/fake_robot/lib'
[0.676s] Level 1:colcon.colcon_core.environment:checking '/home/studamr/ros2_ws_exer01/install/fake_robot/bin'
[0.676s] Level 1:colcon.colcon_core.environment:checking '/home/studamr/ros2_ws_exer01/install/fake_robot/lib/pkgconfig/fake_robot.pc'
[0.677s] Level 1:colcon.colcon_core.environment:checking '/home/studamr/ros2_ws_exer01/install/fake_robot/lib/python3.12/site-packages'
[0.677s] Level 1:colcon.colcon_core.environment:checking '/home/studamr/ros2_ws_exer01/install/fake_robot/bin'
[0.678s] INFO:colcon.colcon_core.shell:Creating package script '/home/studamr/ros2_ws_exer01/install/fake_robot/share/fake_robot/package.ps1'
[0.680s] INFO:colcon.colcon_core.shell:Creating package descriptor '/home/studamr/ros2_ws_exer01/install/fake_robot/share/fake_robot/package.dsv'
[0.684s] INFO:colcon.colcon_core.shell:Creating package script '/home/studamr/ros2_ws_exer01/install/fake_robot/share/fake_robot/package.sh'
[0.687s] INFO:colcon.colcon_core.shell:Creating package script '/home/studamr/ros2_ws_exer01/install/fake_robot/share/fake_robot/package.bash'
[0.689s] INFO:colcon.colcon_core.shell:Creating package script '/home/studamr/ros2_ws_exer01/install/fake_robot/share/fake_robot/package.zsh'
[0.691s] Level 1:colcon.colcon_core.environment:create_file_with_runtime_dependencies(/home/studamr/ros2_ws_exer01/install/fake_robot/share/colcon-core/packages/fake_robot)
[0.702s] Level 1:colcon.colcon_core.environment:create_environment_scripts_only(fake_robot)
[0.707s] Level 1:colcon.colcon_core.environment:checking '/home/studamr/ros2_ws_exer01/install/fake_robot' for CMake module files
[0.712s] Level 1:colcon.colcon_core.environment:checking '/home/studamr/ros2_ws_exer01/install/fake_robot' for CMake config files
[0.715s] Level 1:colcon.colcon_core.shell:create_environment_hook('fake_robot', 'cmake_prefix_path')
[0.715s] INFO:colcon.colcon_core.shell:Creating environment hook '/home/studamr/ros2_ws_exer01/install/fake_robot/share/fake_robot/hook/cmake_prefix_path.ps1'
[0.722s] INFO:colcon.colcon_core.shell:Creating environment descriptor '/home/studamr/ros2_ws_exer01/install/fake_robot/share/fake_robot/hook/cmake_prefix_path.dsv'
[0.724s] INFO:colcon.colcon_core.shell:Creating environment hook '/home/studamr/ros2_ws_exer01/install/fake_robot/share/fake_robot/hook/cmake_prefix_path.sh'
[0.726s] Level 1:colcon.colcon_core.environment:checking '/home/studamr/ros2_ws_exer01/install/fake_robot/lib'
[0.726s] Level 1:colcon.colcon_core.environment:checking '/home/studamr/ros2_ws_exer01/install/fake_robot/bin'
[0.726s] Level 1:colcon.colcon_core.environment:checking '/home/studamr/ros2_ws_exer01/install/fake_robot/lib/pkgconfig/fake_robot.pc'
[0.726s] Level 1:colcon.colcon_core.environment:checking '/home/studamr/ros2_ws_exer01/install/fake_robot/lib/python3.12/site-packages'
[0.727s] Level 1:colcon.colcon_core.environment:checking '/home/studamr/ros2_ws_exer01/install/fake_robot/bin'
[0.727s] INFO:colcon.colcon_core.shell:Creating package script '/home/studamr/ros2_ws_exer01/install/fake_robot/share/fake_robot/package.ps1'
[0.729s] INFO:colcon.colcon_core.shell:Creating package descriptor '/home/studamr/ros2_ws_exer01/install/fake_robot/share/fake_robot/package.dsv'
[0.732s] INFO:colcon.colcon_core.shell:Creating package script '/home/studamr/ros2_ws_exer01/install/fake_robot/share/fake_robot/package.sh'
[0.733s] INFO:colcon.colcon_core.shell:Creating package script '/home/studamr/ros2_ws_exer01/install/fake_robot/share/fake_robot/package.bash'
[0.735s] INFO:colcon.colcon_core.shell:Creating package script '/home/studamr/ros2_ws_exer01/install/fake_robot/share/fake_robot/package.zsh'
[0.736s] Level 1:colcon.colcon_core.environment:create_file_with_runtime_dependencies(/home/studamr/ros2_ws_exer01/install/fake_robot/share/colcon-core/packages/fake_robot)
[47.104s] DEBUG:colcon.colcon_core.event_handler.log_command:Invoked command in '/home/studamr/ros2_ws_exer01/build/kalman_positioning' returned '0': CMAKE_PREFIX_PATH=${CMAKE_PREFIX_PATH}:/opt/ros/kilted DEBUGINFOD_URLS=https://debuginfod.ubuntu.com /usr/bin/cmake --build /home/studamr/ros2_ws_exer01/build/kalman_positioning -- -j4 -l4
[47.108s] DEBUG:colcon.colcon_core.event_handler.log_command:Invoking command in '/home/studamr/ros2_ws_exer01/build/kalman_positioning': CMAKE_PREFIX_PATH=${CMAKE_PREFIX_PATH}:/opt/ros/kilted DEBUGINFOD_URLS=https://debuginfod.ubuntu.com /usr/bin/cmake --install /home/studamr/ros2_ws_exer01/build/kalman_positioning
[47.165s] Level 1:colcon.colcon_core.environment:create_environment_scripts_only(kalman_positioning)
[47.166s] Level 1:colcon.colcon_core.environment:checking '/home/studamr/ros2_ws_exer01/install/kalman_positioning' for CMake module files
[47.168s] Level 1:colcon.colcon_core.environment:checking '/home/studamr/ros2_ws_exer01/install/kalman_positioning' for CMake config files
[47.168s] DEBUG:colcon.colcon_core.event_handler.log_command:Invoked command in '/home/studamr/ros2_ws_exer01/build/kalman_positioning' returned '0': CMAKE_PREFIX_PATH=${CMAKE_PREFIX_PATH}:/opt/ros/kilted DEBUGINFOD_URLS=https://debuginfod.ubuntu.com /usr/bin/cmake --install /home/studamr/ros2_ws_exer01/build/kalman_positioning
[47.169s] Level 1:colcon.colcon_core.shell:create_environment_hook('kalman_positioning', 'cmake_prefix_path')
[47.169s] INFO:colcon.colcon_core.shell:Creating environment hook '/home/studamr/ros2_ws_exer01/install/kalman_positioning/share/kalman_positioning/hook/cmake_prefix_path.ps1'
[47.171s] INFO:colcon.colcon_core.shell:Creating environment descriptor '/home/studamr/ros2_ws_exer01/install/kalman_positioning/share/kalman_positioning/hook/cmake_prefix_path.dsv'
[47.172s] INFO:colcon.colcon_core.shell:Creating environment hook '/home/studamr/ros2_ws_exer01/install/kalman_positioning/share/kalman_positioning/hook/cmake_prefix_path.sh'
[47.173s] Level 1:colcon.colcon_core.environment:checking '/home/studamr/ros2_ws_exer01/install/kalman_positioning/lib'
[47.174s] Level 1:colcon.colcon_core.environment:checking '/home/studamr/ros2_ws_exer01/install/kalman_positioning/bin'
[47.174s] Level 1:colcon.colcon_core.environment:checking '/home/studamr/ros2_ws_exer01/install/kalman_positioning/lib/pkgconfig/kalman_positioning.pc'
[47.174s] Level 1:colcon.colcon_core.environment:checking '/home/studamr/ros2_ws_exer01/install/kalman_positioning/lib/python3.12/site-packages'
[47.174s] Level 1:colcon.colcon_core.environment:checking '/home/studamr/ros2_ws_exer01/install/kalman_positioning/bin'
[47.175s] INFO:colcon.colcon_core.shell:Creating package script '/home/studamr/ros2_ws_exer01/install/kalman_positioning/share/kalman_positioning/package.ps1'
[47.176s] INFO:colcon.colcon_core.shell:Creating package descriptor '/home/studamr/ros2_ws_exer01/install/kalman_positioning/share/kalman_positioning/package.dsv'
[47.177s] INFO:colcon.colcon_core.shell:Creating package script '/home/studamr/ros2_ws_exer01/install/kalman_positioning/share/kalman_positioning/package.sh'
[47.179s] INFO:colcon.colcon_core.shell:Creating package script '/home/studamr/ros2_ws_exer01/install/kalman_positioning/share/kalman_positioning/package.bash'
[47.185s] INFO:colcon.colcon_core.shell:Creating package script '/home/studamr/ros2_ws_exer01/install/kalman_positioning/share/kalman_positioning/package.zsh'
[47.187s] Level 1:colcon.colcon_core.environment:create_file_with_runtime_dependencies(/home/studamr/ros2_ws_exer01/install/kalman_positioning/share/colcon-core/packages/kalman_positioning)
[47.189s] Level 1:colcon.colcon_core.environment:create_environment_scripts_only(kalman_positioning)
[47.189s] Level 1:colcon.colcon_core.environment:checking '/home/studamr/ros2_ws_exer01/install/kalman_positioning' for CMake module files
[47.190s] Level 1:colcon.colcon_core.environment:checking '/home/studamr/ros2_ws_exer01/install/kalman_positioning' for CMake config files
[47.191s] Level 1:colcon.colcon_core.shell:create_environment_hook('kalman_positioning', 'cmake_prefix_path')
[47.191s] INFO:colcon.colcon_core.shell:Creating environment hook '/home/studamr/ros2_ws_exer01/install/kalman_positioning/share/kalman_positioning/hook/cmake_prefix_path.ps1'
[47.193s] INFO:colcon.colcon_core.shell:Creating environment descriptor '/home/studamr/ros2_ws_exer01/install/kalman_positioning/share/kalman_positioning/hook/cmake_prefix_path.dsv'
[47.194s] INFO:colcon.colcon_core.shell:Creating environment hook '/home/studamr/ros2_ws_exer01/install/kalman_positioning/share/kalman_positioning/hook/cmake_prefix_path.sh'
[47.196s] Level 1:colcon.colcon_core.environment:checking '/home/studamr/ros2_ws_exer01/install/kalman_positioning/lib'
[47.196s] Level 1:colcon.colcon_core.environment:checking '/home/studamr/ros2_ws_exer01/install/kalman_positioning/bin'
[47.196s] Level 1:colcon.colcon_core.environment:checking '/home/studamr/ros2_ws_exer01/install/kalman_positioning/lib/pkgconfig/kalman_positioning.pc'
[47.197s] Level 1:colcon.colcon_core.environment:checking '/home/studamr/ros2_ws_exer01/install/kalman_positioning/lib/python3.12/site-packages'
[47.197s] Level 1:colcon.colcon_core.environment:checking '/home/studamr/ros2_ws_exer01/install/kalman_positioning/bin'
[47.198s] INFO:colcon.colcon_core.shell:Creating package script '/home/studamr/ros2_ws_exer01/install/kalman_positioning/share/kalman_positioning/package.ps1'
[47.199s] INFO:colcon.colcon_core.shell:Creating package descriptor '/home/studamr/ros2_ws_exer01/install/kalman_positioning/share/kalman_positioning/package.dsv'
[47.201s] INFO:colcon.colcon_core.shell:Creating package script '/home/studamr/ros2_ws_exer01/install/kalman_positioning/share/kalman_positioning/package.sh'
[47.202s] INFO:colcon.colcon_core.shell:Creating package script '/home/studamr/ros2_ws_exer01/install/kalman_positioning/share/kalman_positioning/package.bash'
[47.203s] INFO:colcon.colcon_core.shell:Creating package script '/home/studamr/ros2_ws_exer01/install/kalman_positioning/share/kalman_positioning/package.zsh'
[47.205s] Level 1:colcon.colcon_core.environment:create_file_with_runtime_dependencies(/home/studamr/ros2_ws_exer01/install/kalman_positioning/share/colcon-core/packages/kalman_positioning)
[47.206s] DEBUG:colcon.colcon_parallel_executor.executor.parallel:closing loop
[47.206s] DEBUG:colcon.colcon_parallel_executor.executor.parallel:loop closed
[47.206s] DEBUG:colcon.colcon_parallel_executor.executor.parallel:run_until_complete finished with '0'
[47.206s] DEBUG:colcon.colcon_core.event_reactor:joining thread
[47.226s] INFO:colcon.colcon_core.plugin_system:Skipping extension 'colcon_notification.desktop_notification.terminal_notifier': Not used on non-Darwin systems
[47.227s] INFO:colcon.colcon_core.plugin_system:Skipping extension 'colcon_notification.desktop_notification.win32': Not used on non-Windows systems
[47.227s] INFO:colcon.colcon_notification.desktop_notification:Sending desktop notification using 'notify2'
[47.277s] DEBUG:colcon.colcon_core.event_reactor:joined thread
[47.278s] INFO:colcon.colcon_core.shell:Creating prefix script '/home/studamr/ros2_ws_exer01/install/local_setup.ps1'
[47.280s] INFO:colcon.colcon_core.shell:Creating prefix util module '/home/studamr/ros2_ws_exer01/install/_local_setup_util_ps1.py'
[47.281s] INFO:colcon.colcon_core.shell:Creating prefix chain script '/home/studamr/ros2_ws_exer01/install/setup.ps1'
[47.284s] INFO:colcon.colcon_core.shell:Creating prefix script '/home/studamr/ros2_ws_exer01/install/local_setup.sh'
[47.287s] INFO:colcon.colcon_core.shell:Creating prefix util module '/home/studamr/ros2_ws_exer01/install/_local_setup_util_sh.py'
[47.292s] INFO:colcon.colcon_core.shell:Creating prefix chain script '/home/studamr/ros2_ws_exer01/install/setup.sh'
[47.299s] INFO:colcon.colcon_core.shell:Creating prefix script '/home/studamr/ros2_ws_exer01/install/local_setup.bash'
[47.302s] INFO:colcon.colcon_core.shell:Creating prefix chain script '/home/studamr/ros2_ws_exer01/install/setup.bash'
[47.306s] INFO:colcon.colcon_core.shell:Creating prefix script '/home/studamr/ros2_ws_exer01/install/local_setup.zsh'
[47.312s] INFO:colcon.colcon_core.shell:Creating prefix chain script '/home/studamr/ros2_ws_exer01/install/setup.zsh'
