[0.057s] Invoking command in '/home/studamr/ros2_ws_exer01/build/kalman_positioning': CMAKE_PREFIX_PATH=${CMAKE_PREFIX_PATH}:/opt/ros/kilted DEBUGINFOD_URLS=https://debuginfod.ubuntu.com /usr/bin/cmake --build /home/studamr/ros2_ws_exer01/build/kalman_positioning -- -j4 -l4
[0.350s] [ 25%] [32mBuilding CXX object CMakeFiles/positioning_node.dir/src/positioning_node.cpp.o[0m
[21.245s] [ 50%] [32m[1mLinking CXX executable positioning_node[0m
[51.573s] [100%] Built target positioning_node
[51.602s] Invoked command in '/home/studamr/ros2_ws_exer01/build/kalman_positioning' returned '0': CMAKE_PREFIX_PATH=${CMAKE_PREFIX_PATH}:/opt/ros/kilted DEBUGINFOD_URLS=https://debuginfod.ubuntu.com /usr/bin/cmake --build /home/studamr/ros2_ws_exer01/build/kalman_positioning -- -j4 -l4
[51.604s] Invoking command in '/home/studamr/ros2_ws_exer01/build/kalman_positioning': CMAKE_PREFIX_PATH=${CMAKE_PREFIX_PATH}:/opt/ros/kilted DEBUGINFOD_URLS=https://debuginfod.ubuntu.com /usr/bin/cmake --install /home/studamr/ros2_ws_exer01/build/kalman_positioning
[51.629s] -- Install configuration: ""
[51.629s] -- Installing: /home/studamr/ros2_ws_exer01/install/kalman_positioning/lib/kalman_positioning/positioning_node
[51.650s] -- Set non-toolchain portion of runtime path of "/home/studamr/ros2_ws_exer01/install/kalman_positioning/lib/kalman_positioning/positioning_node" to ""
[51.650s] -- Up-to-date: /home/studamr/ros2_ws_exer01/install/kalman_positioning/include
[51.650s] -- Up-to-date: /home/studamr/ros2_ws_exer01/install/kalman_positioning/include/kalman_positioning
[51.650s] -- Up-to-date: /home/studamr/ros2_ws_exer01/install/kalman_positioning/include/kalman_positioning/ukf.hpp
[51.650s] -- Up-to-date: /home/studamr/ros2_ws_exer01/install/kalman_positioning/include/kalman_positioning/landmark_manager.hpp
[51.650s] -- Up-to-date: /home/studamr/ros2_ws_exer01/install/kalman_positioning/share/kalman_positioning/launch
[51.651s] -- Up-to-date: /home/studamr/ros2_ws_exer01/install/kalman_positioning/share/kalman_positioning/launch/positioning.launch.py
[51.651s] -- Up-to-date: /home/studamr/ros2_ws_exer01/install/kalman_positioning/share/kalman_positioning/data
[51.651s] -- Up-to-date: /home/studamr/ros2_ws_exer01/install/kalman_positioning/share/kalman_positioning/data/landmarks.csv
[51.651s] -- Up-to-date: /home/studamr/ros2_ws_exer01/install/kalman_positioning/share/ament_index/resource_index/package_run_dependencies/kalman_positioning
[51.651s] -- Up-to-date: /home/studamr/ros2_ws_exer01/install/kalman_positioning/share/ament_index/resource_index/parent_prefix_path/kalman_positioning
[51.652s] -- Up-to-date: /home/studamr/ros2_ws_exer01/install/kalman_positioning/share/kalman_positioning/environment/ament_prefix_path.sh
[51.652s] -- Up-to-date: /home/studamr/ros2_ws_exer01/install/kalman_positioning/share/kalman_positioning/environment/ament_prefix_path.dsv
[51.652s] -- Up-to-date: /home/studamr/ros2_ws_exer01/install/kalman_positioning/share/kalman_positioning/environment/path.sh
[51.652s] -- Up-to-date: /home/studamr/ros2_ws_exer01/install/kalman_positioning/share/kalman_positioning/environment/path.dsv
[51.652s] -- Up-to-date: /home/studamr/ros2_ws_exer01/install/kalman_positioning/share/kalman_positioning/local_setup.bash
[51.652s] -- Up-to-date: /home/studamr/ros2_ws_exer01/install/kalman_positioning/share/kalman_positioning/local_setup.sh
[51.652s] -- Up-to-date: /home/studamr/ros2_ws_exer01/install/kalman_positioning/share/kalman_positioning/local_setup.zsh
[51.653s] -- Up-to-date: /home/studamr/ros2_ws_exer01/install/kalman_positioning/share/kalman_positioning/local_setup.dsv
[51.653s] -- Installing: /home/studamr/ros2_ws_exer01/install/kalman_positioning/share/kalman_positioning/package.dsv
[51.654s] -- Up-to-date: /home/studamr/ros2_ws_exer01/install/kalman_positioning/share/ament_index/resource_index/packages/kalman_positioning
[51.654s] -- Up-to-date: /home/studamr/ros2_ws_exer01/install/kalman_positioning/share/kalman_positioning/cmake/kalman_positioningConfig.cmake
[51.655s] -- Up-to-date: /home/studamr/ros2_ws_exer01/install/kalman_positioning/share/kalman_positioning/cmake/kalman_positioningConfig-version.cmake
[51.656s] -- Up-to-date: /home/studamr/ros2_ws_exer01/install/kalman_positioning/share/kalman_positioning/package.xml
[51.662s] Invoked command in '/home/studamr/ros2_ws_exer01/build/kalman_positioning' returned '0': CMAKE_PREFIX_PATH=${CMAKE_PREFIX_PATH}:/opt/ros/kilted DEBUGINFOD_URLS=https://debuginfod.ubuntu.com /usr/bin/cmake --install /home/studamr/ros2_ws_exer01/build/kalman_positioning
