[0.338s] DEBUG:colcon:Command line arguments: ['/usr/bin/colcon', 'build']
[0.338s] DEBUG:colcon:Parsed command line arguments: Namespace(log_base=None, log_level=None, verb_name='build', build_base='build', install_base='install', merge_install=False, symlink_install=False, test_result_base=None, continue_on_error=False, executor='parallel', parallel_workers=4, event_handlers=None, ignore_user_meta=False, metas=['./colcon.meta'], base_paths=['.'], packages_ignore=None, packages_ignore_regex=None, paths=None, packages_up_to=None, packages_up_to_regex=None, packages_above=None, packages_above_and_dependencies=None, packages_above_depth=None, packages_select_by_dep=None, packages_skip_by_dep=None, packages_skip_up_to=None, packages_select_build_failed=False, packages_skip_build_finished=False, packages_select_test_failures=False, packages_skip_test_passed=False, packages_select=None, packages_skip=None, packages_select_regex=None, packages_skip_regex=None, packages_start=None, packages_end=None, allow_overriding=[], cmake_args=None, cmake_target=None, cmake_target_skip_unavailable=False, cmake_clean_cache=False, cmake_clean_first=False, cmake_force_configure=False, ament_cmake_args=None, catkin_cmake_args=None, catkin_skip_building_tests=False, mixin_files=None, mixin=None, verb_parser=<colcon_mixin.mixin.mixin_argument.MixinArgumentDecorator object at 0x7897b457fd70>, verb_extension=<colcon_core.verb.build.BuildVerb object at 0x7897b457e870>, main=<bound method BuildVerb.main of <colcon_core.verb.build.BuildVerb object at 0x7897b457e870>>, mixin_verb=('build',))
[0.429s] Level 1:colcon.colcon_core.package_discovery:discover_packages(colcon_meta) check parameters
[0.430s] Level 1:colcon.colcon_core.package_discovery:discover_packages(recursive) check parameters
[0.430s] Level 1:colcon.colcon_core.package_discovery:discover_packages(ignore) check parameters
[0.430s] Level 1:colcon.colcon_core.package_discovery:discover_packages(path) check parameters
[0.430s] Level 1:colcon.colcon_core.package_discovery:discover_packages(colcon_meta) discover
[0.431s] Level 1:colcon.colcon_core.package_discovery:discover_packages(recursive) discover
[0.431s] INFO:colcon.colcon_core.package_discovery:Crawling recursively for packages in '/home/studamr/ros2_ws_exer01'
[0.431s] Level 1:colcon.colcon_core.package_identification:_identify(.) by extensions ['ignore', 'ignore_ament_install']
[0.432s] Level 1:colcon.colcon_core.package_identification:_identify(.) by extension 'ignore'
[0.432s] Level 1:colcon.colcon_core.package_identification:_identify(.) by extension 'ignore_ament_install'
[0.432s] Level 1:colcon.colcon_core.package_identification:_identify(.) by extensions ['colcon_pkg']
[0.433s] Level 1:colcon.colcon_core.package_identification:_identify(.) by extension 'colcon_pkg'
[0.433s] Level 1:colcon.colcon_core.package_identification:_identify(.) by extensions ['colcon_meta']
[0.433s] Level 1:colcon.colcon_core.package_identification:_identify(.) by extension 'colcon_meta'
[0.434s] Level 1:colcon.colcon_core.package_identification:_identify(.) by extensions ['ros']
[0.434s] Level 1:colcon.colcon_core.package_identification:_identify(.) by extension 'ros'
[0.495s] Level 1:colcon.colcon_core.package_identification:_identify(.) by extensions ['cmake', 'python']
[0.495s] Level 1:colcon.colcon_core.package_identification:_identify(.) by extension 'cmake'
[0.495s] Level 1:colcon.colcon_core.package_identification:_identify(.) by extension 'python'
[0.495s] Level 1:colcon.colcon_core.package_identification:_identify(.) by extensions ['python_setup_py']
[0.496s] Level 1:colcon.colcon_core.package_identification:_identify(.) by extension 'python_setup_py'
[0.496s] Level 1:colcon.colcon_core.package_identification:_identify(build) by extensions ['ignore', 'ignore_ament_install']
[0.496s] Level 1:colcon.colcon_core.package_identification:_identify(build) by extension 'ignore'
[0.497s] Level 1:colcon.colcon_core.package_identification:_identify(build) ignored
[0.498s] Level 1:colcon.colcon_core.package_identification:_identify(install) by extensions ['ignore', 'ignore_ament_install']
[0.499s] Level 1:colcon.colcon_core.package_identification:_identify(install) by extension 'ignore'
[0.499s] Level 1:colcon.colcon_core.package_identification:_identify(install) ignored
[0.499s] Level 1:colcon.colcon_core.package_identification:_identify(log) by extensions ['ignore', 'ignore_ament_install']
[0.502s] Level 1:colcon.colcon_core.package_identification:_identify(log) by extension 'ignore'
[0.503s] Level 1:colcon.colcon_core.package_identification:_identify(log) ignored
[0.503s] Level 1:colcon.colcon_core.package_identification:_identify(src) by extensions ['ignore', 'ignore_ament_install']
[0.504s] Level 1:colcon.colcon_core.package_identification:_identify(src) by extension 'ignore'
[0.505s] Level 1:colcon.colcon_core.package_identification:_identify(src) by extension 'ignore_ament_install'
[0.505s] Level 1:colcon.colcon_core.package_identification:_identify(src) by extensions ['colcon_pkg']
[0.506s] Level 1:colcon.colcon_core.package_identification:_identify(src) by extension 'colcon_pkg'
[0.506s] Level 1:colcon.colcon_core.package_identification:_identify(src) by extensions ['colcon_meta']
[0.506s] Level 1:colcon.colcon_core.package_identification:_identify(src) by extension 'colcon_meta'
[0.506s] Level 1:colcon.colcon_core.package_identification:_identify(src) by extensions ['ros']
[0.506s] Level 1:colcon.colcon_core.package_identification:_identify(src) by extension 'ros'
[0.506s] Level 1:colcon.colcon_core.package_identification:_identify(src) by extensions ['cmake', 'python']
[0.506s] Level 1:colcon.colcon_core.package_identification:_identify(src) by extension 'cmake'
[0.506s] Level 1:colcon.colcon_core.package_identification:_identify(src) by extension 'python'
[0.506s] Level 1:colcon.colcon_core.package_identification:_identify(src) by extensions ['python_setup_py']
[0.506s] Level 1:colcon.colcon_core.package_identification:_identify(src) by extension 'python_setup_py'
[0.507s] Level 1:colcon.colcon_core.package_identification:_identify(src/build) by extensions ['ignore', 'ignore_ament_install']
[0.507s] Level 1:colcon.colcon_core.package_identification:_identify(src/build) by extension 'ignore'
[0.507s] Level 1:colcon.colcon_core.package_identification:_identify(src/build) ignored
[0.508s] Level 1:colcon.colcon_core.package_identification:_identify(src/fake_robot) by extensions ['ignore', 'ignore_ament_install']
[0.508s] Level 1:colcon.colcon_core.package_identification:_identify(src/fake_robot) by extension 'ignore'
[0.508s] Level 1:colcon.colcon_core.package_identification:_identify(src/fake_robot) by extension 'ignore_ament_install'
[0.508s] Level 1:colcon.colcon_core.package_identification:_identify(src/fake_robot) by extensions ['colcon_pkg']
[0.508s] Level 1:colcon.colcon_core.package_identification:_identify(src/fake_robot) by extension 'colcon_pkg'
[0.508s] Level 1:colcon.colcon_core.package_identification:_identify(src/fake_robot) by extensions ['colcon_meta']
[0.508s] Level 1:colcon.colcon_core.package_identification:_identify(src/fake_robot) by extension 'colcon_meta'
[0.508s] Level 1:colcon.colcon_core.package_identification:_identify(src/fake_robot) by extensions ['ros']
[0.508s] Level 1:colcon.colcon_core.package_identification:_identify(src/fake_robot) by extension 'ros'
[0.516s] DEBUG:colcon.colcon_core.package_identification:Package 'src/fake_robot' with type 'ros.ament_cmake' and name 'fake_robot'
[0.516s] Level 1:colcon.colcon_core.package_identification:_identify(src/install) by extensions ['ignore', 'ignore_ament_install']
[0.516s] Level 1:colcon.colcon_core.package_identification:_identify(src/install) by extension 'ignore'
[0.517s] Level 1:colcon.colcon_core.package_identification:_identify(src/install) ignored
[0.518s] Level 1:colcon.colcon_core.package_identification:_identify(src/kalman_positioning) by extensions ['ignore', 'ignore_ament_install']
[0.518s] Level 1:colcon.colcon_core.package_identification:_identify(src/kalman_positioning) by extension 'ignore'
[0.519s] Level 1:colcon.colcon_core.package_identification:_identify(src/kalman_positioning) by extension 'ignore_ament_install'
[0.520s] Level 1:colcon.colcon_core.package_identification:_identify(src/kalman_positioning) by extensions ['colcon_pkg']
[0.520s] Level 1:colcon.colcon_core.package_identification:_identify(src/kalman_positioning) by extension 'colcon_pkg'
[0.520s] Level 1:colcon.colcon_core.package_identification:_identify(src/kalman_positioning) by extensions ['colcon_meta']
[0.520s] Level 1:colcon.colcon_core.package_identification:_identify(src/kalman_positioning) by extension 'colcon_meta'
[0.520s] Level 1:colcon.colcon_core.package_identification:_identify(src/kalman_positioning) by extensions ['ros']
[0.520s] Level 1:colcon.colcon_core.package_identification:_identify(src/kalman_positioning) by extension 'ros'
[0.523s] DEBUG:colcon.colcon_core.package_identification:Package 'src/kalman_positioning' with type 'ros.ament_cmake' and name 'kalman_positioning'
[0.523s] Level 1:colcon.colcon_core.package_identification:_identify(src/log) by extensions ['ignore', 'ignore_ament_install']
[0.523s] Level 1:colcon.colcon_core.package_identification:_identify(src/log) by extension 'ignore'
[0.524s] Level 1:colcon.colcon_core.package_identification:_identify(src/log) ignored
[0.524s] Level 1:colcon.colcon_core.package_identification:_identify(src/rosbag2_2025_11_28-19_41_00) by extensions ['ignore', 'ignore_ament_install']
[0.525s] Level 1:colcon.colcon_core.package_identification:_identify(src/rosbag2_2025_11_28-19_41_00) by extension 'ignore'
[0.525s] Level 1:colcon.colcon_core.package_identification:_identify(src/rosbag2_2025_11_28-19_41_00) by extension 'ignore_ament_install'
[0.525s] Level 1:colcon.colcon_core.package_identification:_identify(src/rosbag2_2025_11_28-19_41_00) by extensions ['colcon_pkg']
[0.525s] Level 1:colcon.colcon_core.package_identification:_identify(src/rosbag2_2025_11_28-19_41_00) by extension 'colcon_pkg'
[0.525s] Level 1:colcon.colcon_core.package_identification:_identify(src/rosbag2_2025_11_28-19_41_00) by extensions ['colcon_meta']
[0.525s] Level 1:colcon.colcon_core.package_identification:_identify(src/rosbag2_2025_11_28-19_41_00) by extension 'colcon_meta'
[0.525s] Level 1:colcon.colcon_core.package_identification:_identify(src/rosbag2_2025_11_28-19_41_00) by extensions ['ros']
[0.525s] Level 1:colcon.colcon_core.package_identification:_identify(src/rosbag2_2025_11_28-19_41_00) by extension 'ros'
[0.526s] Level 1:colcon.colcon_core.package_identification:_identify(src/rosbag2_2025_11_28-19_41_00) by extensions ['cmake', 'python']
[0.526s] Level 1:colcon.colcon_core.package_identification:_identify(src/rosbag2_2025_11_28-19_41_00) by extension 'cmake'
[0.526s] Level 1:colcon.colcon_core.package_identification:_identify(src/rosbag2_2025_11_28-19_41_00) by extension 'python'
[0.526s] Level 1:colcon.colcon_core.package_identification:_identify(src/rosbag2_2025_11_28-19_41_00) by extensions ['python_setup_py']
[0.527s] Level 1:colcon.colcon_core.package_identification:_identify(src/rosbag2_2025_11_28-19_41_00) by extension 'python_setup_py'
[0.527s] Level 1:colcon.colcon_core.package_discovery:discover_packages(recursive) using defaults
[0.527s] Level 1:colcon.colcon_core.package_discovery:discover_packages(ignore) discover
[0.527s] Level 1:colcon.colcon_core.package_discovery:discover_packages(ignore) using defaults
[0.527s] Level 1:colcon.colcon_core.package_discovery:discover_packages(path) discover
[0.527s] Level 1:colcon.colcon_core.package_discovery:discover_packages(path) using defaults
[0.610s] Level 1:colcon.colcon_core.package_discovery:discover_packages(prefix_path) check parameters
[0.611s] Level 1:colcon.colcon_core.package_discovery:discover_packages(prefix_path) discover
[0.627s] DEBUG:colcon.colcon_installed_package_information.package_discovery:Found 2 installed packages in /home/studamr/ros2_ws_exer01/install
[0.634s] DEBUG:colcon.colcon_installed_package_information.package_discovery:Found 322 installed packages in /opt/ros/kilted
[0.658s] Level 1:colcon.colcon_core.package_discovery:discover_packages(prefix_path) using defaults
[1.083s] Level 5:colcon.colcon_core.verb:set package 'fake_robot' build argument 'cmake_args' from command line to 'None'
[1.084s] Level 5:colcon.colcon_core.verb:set package 'fake_robot' build argument 'cmake_target' from command line to 'None'
[1.084s] Level 5:colcon.colcon_core.verb:set package 'fake_robot' build argument 'cmake_target_skip_unavailable' from command line to 'False'
[1.084s] Level 5:colcon.colcon_core.verb:set package 'fake_robot' build argument 'cmake_clean_cache' from command line to 'False'
[1.084s] Level 5:colcon.colcon_core.verb:set package 'fake_robot' build argument 'cmake_clean_first' from command line to 'False'
[1.084s] Level 5:colcon.colcon_core.verb:set package 'fake_robot' build argument 'cmake_force_configure' from command line to 'False'
[1.084s] Level 5:colcon.colcon_core.verb:set package 'fake_robot' build argument 'ament_cmake_args' from command line to 'None'
[1.084s] Level 5:colcon.colcon_core.verb:set package 'fake_robot' build argument 'catkin_cmake_args' from command line to 'None'
[1.085s] Level 5:colcon.colcon_core.verb:set package 'fake_robot' build argument 'catkin_skip_building_tests' from command line to 'False'
[1.085s] DEBUG:colcon.colcon_core.verb:Building package 'fake_robot' with the following arguments: {'ament_cmake_args': None, 'build_base': '/home/studamr/ros2_ws_exer01/build/fake_robot', 'catkin_cmake_args': None, 'catkin_skip_building_tests': False, 'cmake_args': None, 'cmake_clean_cache': False, 'cmake_clean_first': False, 'cmake_force_configure': False, 'cmake_target': None, 'cmake_target_skip_unavailable': False, 'install_base': '/home/studamr/ros2_ws_exer01/install/fake_robot', 'merge_install': False, 'path': '/home/studamr/ros2_ws_exer01/src/fake_robot', 'symlink_install': False, 'test_result_base': None}
[1.085s] Level 5:colcon.colcon_core.verb:set package 'kalman_positioning' build argument 'cmake_args' from command line to 'None'
[1.086s] Level 5:colcon.colcon_core.verb:set package 'kalman_positioning' build argument 'cmake_target' from command line to 'None'
[1.086s] Level 5:colcon.colcon_core.verb:set package 'kalman_positioning' build argument 'cmake_target_skip_unavailable' from command line to 'False'
[1.086s] Level 5:colcon.colcon_core.verb:set package 'kalman_positioning' build argument 'cmake_clean_cache' from command line to 'False'
[1.086s] Level 5:colcon.colcon_core.verb:set package 'kalman_positioning' build argument 'cmake_clean_first' from command line to 'False'
[1.086s] Level 5:colcon.colcon_core.verb:set package 'kalman_positioning' build argument 'cmake_force_configure' from command line to 'False'
[1.086s] Level 5:colcon.colcon_core.verb:set package 'kalman_positioning' build argument 'ament_cmake_args' from command line to 'None'
[1.086s] Level 5:colcon.colcon_core.verb:set package 'kalman_positioning' build argument 'catkin_cmake_args' from command line to 'None'
[1.086s] Level 5:colcon.colcon_core.verb:set package 'kalman_positioning' build argument 'catkin_skip_building_tests' from command line to 'False'
[1.086s] DEBUG:colcon.colcon_core.verb:Building package 'kalman_positioning' with the following arguments: {'ament_cmake_args': None, 'build_base': '/home/studamr/ros2_ws_exer01/build/kalman_positioning', 'catkin_cmake_args': None, 'catkin_skip_building_tests': False, 'cmake_args': None, 'cmake_clean_cache': False, 'cmake_clean_first': False, 'cmake_force_configure': False, 'cmake_target': None, 'cmake_target_skip_unavailable': False, 'install_base': '/home/studamr/ros2_ws_exer01/install/kalman_positioning', 'merge_install': False, 'path': '/home/studamr/ros2_ws_exer01/src/kalman_positioning', 'symlink_install': False, 'test_result_base': None}
[1.086s] INFO:colcon.colcon_core.executor:Executing jobs using 'parallel' executor
[1.089s] DEBUG:colcon.colcon_parallel_executor.executor.parallel:run_until_complete
[1.092s] INFO:colcon.colcon_ros.task.ament_cmake.build:Building ROS package in '/home/studamr/ros2_ws_exer01/src/fake_robot' with build type 'ament_cmake'
[1.094s] INFO:colcon.colcon_cmake.task.cmake.build:Building CMake package in '/home/studamr/ros2_ws_exer01/src/fake_robot'
[1.147s] INFO:colcon.colcon_core.plugin_system:Skipping extension 'colcon_core.shell.bat': Not used on non-Windows systems
[1.148s] INFO:colcon.colcon_core.shell:Skip shell extension 'powershell' for command environment: Not usable outside of PowerShell
[1.148s] DEBUG:colcon.colcon_core.shell:Skip shell extension 'dsv' for command environment
[1.185s] INFO:colcon.colcon_ros.task.ament_cmake.build:Building ROS package in '/home/studamr/ros2_ws_exer01/src/kalman_positioning' with build type 'ament_cmake'
[1.185s] INFO:colcon.colcon_cmake.task.cmake.build:Building CMake package in '/home/studamr/ros2_ws_exer01/src/kalman_positioning'
[1.186s] INFO:colcon.colcon_core.shell:Skip shell extension 'powershell' for command environment: Not usable outside of PowerShell
[1.186s] DEBUG:colcon.colcon_core.shell:Skip shell extension 'dsv' for command environment
[1.280s] DEBUG:colcon.colcon_core.event_handler.log_command:Invoking command in '/home/studamr/ros2_ws_exer01/build/fake_robot': CMAKE_PREFIX_PATH=${CMAKE_PREFIX_PATH}:/opt/ros/kilted DEBUGINFOD_URLS=https://debuginfod.ubuntu.com /usr/bin/cmake --build /home/studamr/ros2_ws_exer01/build/fake_robot -- -j4 -l4
[1.298s] DEBUG:colcon.colcon_core.event_handler.log_command:Invoking command in '/home/studamr/ros2_ws_exer01/build/kalman_positioning': CMAKE_PREFIX_PATH=${CMAKE_PREFIX_PATH}:/opt/ros/kilted DEBUGINFOD_URLS=https://debuginfod.ubuntu.com /usr/bin/cmake --build /home/studamr/ros2_ws_exer01/build/kalman_positioning -- -j4 -l4
[1.853s] DEBUG:colcon.colcon_core.event_handler.log_command:Invoked command in '/home/studamr/ros2_ws_exer01/build/fake_robot' returned '0': CMAKE_PREFIX_PATH=${CMAKE_PREFIX_PATH}:/opt/ros/kilted DEBUGINFOD_URLS=https://debuginfod.ubuntu.com /usr/bin/cmake --build /home/studamr/ros2_ws_exer01/build/fake_robot -- -j4 -l4
[1.898s] DEBUG:colcon.colcon_core.event_handler.log_command:Invoking command in '/home/studamr/ros2_ws_exer01/build/fake_robot': CMAKE_PREFIX_PATH=${CMAKE_PREFIX_PATH}:/opt/ros/kilted DEBUGINFOD_URLS=https://debuginfod.ubuntu.com /usr/bin/cmake --install /home/studamr/ros2_ws_exer01/build/fake_robot
[1.964s] Level 1:colcon.colcon_core.environment:create_environment_scripts_only(fake_robot)
[1.978s] DEBUG:colcon.colcon_core.event_handler.log_command:Invoked command in '/home/studamr/ros2_ws_exer01/build/fake_robot' returned '0': CMAKE_PREFIX_PATH=${CMAKE_PREFIX_PATH}:/opt/ros/kilted DEBUGINFOD_URLS=https://debuginfod.ubuntu.com /usr/bin/cmake --install /home/studamr/ros2_ws_exer01/build/fake_robot
[1.984s] Level 1:colcon.colcon_core.environment:checking '/home/studamr/ros2_ws_exer01/install/fake_robot' for CMake module files
[1.985s] Level 1:colcon.colcon_core.environment:checking '/home/studamr/ros2_ws_exer01/install/fake_robot' for CMake config files
[1.986s] Level 1:colcon.colcon_core.shell:create_environment_hook('fake_robot', 'cmake_prefix_path')
[1.987s] INFO:colcon.colcon_core.shell:Creating environment hook '/home/studamr/ros2_ws_exer01/install/fake_robot/share/fake_robot/hook/cmake_prefix_path.ps1'
[1.989s] INFO:colcon.colcon_core.shell:Creating environment descriptor '/home/studamr/ros2_ws_exer01/install/fake_robot/share/fake_robot/hook/cmake_prefix_path.dsv'
[1.992s] INFO:colcon.colcon_core.shell:Creating environment hook '/home/studamr/ros2_ws_exer01/install/fake_robot/share/fake_robot/hook/cmake_prefix_path.sh'
[2.008s] Level 1:colcon.colcon_core.environment:checking '/home/studamr/ros2_ws_exer01/install/fake_robot/lib'
[2.011s] Level 1:colcon.colcon_core.environment:checking '/home/studamr/ros2_ws_exer01/install/fake_robot/bin'
[2.014s] Level 1:colcon.colcon_core.environment:checking '/home/studamr/ros2_ws_exer01/install/fake_robot/lib/pkgconfig/fake_robot.pc'
[2.014s] Level 1:colcon.colcon_core.environment:checking '/home/studamr/ros2_ws_exer01/install/fake_robot/lib/python3.12/site-packages'
[2.014s] Level 1:colcon.colcon_core.environment:checking '/home/studamr/ros2_ws_exer01/install/fake_robot/bin'
[2.015s] INFO:colcon.colcon_core.shell:Creating package script '/home/studamr/ros2_ws_exer01/install/fake_robot/share/fake_robot/package.ps1'
[2.018s] INFO:colcon.colcon_core.shell:Creating package descriptor '/home/studamr/ros2_ws_exer01/install/fake_robot/share/fake_robot/package.dsv'
[2.021s] INFO:colcon.colcon_core.shell:Creating package script '/home/studamr/ros2_ws_exer01/install/fake_robot/share/fake_robot/package.sh'
[2.023s] INFO:colcon.colcon_core.shell:Creating package script '/home/studamr/ros2_ws_exer01/install/fake_robot/share/fake_robot/package.bash'
[2.030s] INFO:colcon.colcon_core.shell:Creating package script '/home/studamr/ros2_ws_exer01/install/fake_robot/share/fake_robot/package.zsh'
[2.035s] Level 1:colcon.colcon_core.environment:create_file_with_runtime_dependencies(/home/studamr/ros2_ws_exer01/install/fake_robot/share/colcon-core/packages/fake_robot)
[2.043s] Level 1:colcon.colcon_core.environment:create_environment_scripts_only(fake_robot)
[2.043s] Level 1:colcon.colcon_core.environment:checking '/home/studamr/ros2_ws_exer01/install/fake_robot' for CMake module files
[2.044s] Level 1:colcon.colcon_core.environment:checking '/home/studamr/ros2_ws_exer01/install/fake_robot' for CMake config files
[2.044s] Level 1:colcon.colcon_core.shell:create_environment_hook('fake_robot', 'cmake_prefix_path')
[2.045s] INFO:colcon.colcon_core.shell:Creating environment hook '/home/studamr/ros2_ws_exer01/install/fake_robot/share/fake_robot/hook/cmake_prefix_path.ps1'
[2.047s] INFO:colcon.colcon_core.shell:Creating environment descriptor '/home/studamr/ros2_ws_exer01/install/fake_robot/share/fake_robot/hook/cmake_prefix_path.dsv'
[2.048s] INFO:colcon.colcon_core.shell:Creating environment hook '/home/studamr/ros2_ws_exer01/install/fake_robot/share/fake_robot/hook/cmake_prefix_path.sh'
[2.056s] Level 1:colcon.colcon_core.environment:checking '/home/studamr/ros2_ws_exer01/install/fake_robot/lib'
[2.057s] Level 1:colcon.colcon_core.environment:checking '/home/studamr/ros2_ws_exer01/install/fake_robot/bin'
[2.057s] Level 1:colcon.colcon_core.environment:checking '/home/studamr/ros2_ws_exer01/install/fake_robot/lib/pkgconfig/fake_robot.pc'
[2.057s] Level 1:colcon.colcon_core.environment:checking '/home/studamr/ros2_ws_exer01/install/fake_robot/lib/python3.12/site-packages'
[2.058s] Level 1:colcon.colcon_core.environment:checking '/home/studamr/ros2_ws_exer01/install/fake_robot/bin'
[2.058s] INFO:colcon.colcon_core.shell:Creating package script '/home/studamr/ros2_ws_exer01/install/fake_robot/share/fake_robot/package.ps1'
[2.060s] INFO:colcon.colcon_core.shell:Creating package descriptor '/home/studamr/ros2_ws_exer01/install/fake_robot/share/fake_robot/package.dsv'
[2.068s] INFO:colcon.colcon_core.shell:Creating package script '/home/studamr/ros2_ws_exer01/install/fake_robot/share/fake_robot/package.sh'
[2.071s] INFO:colcon.colcon_core.shell:Creating package script '/home/studamr/ros2_ws_exer01/install/fake_robot/share/fake_robot/package.bash'
[2.097s] INFO:colcon.colcon_core.shell:Creating package script '/home/studamr/ros2_ws_exer01/install/fake_robot/share/fake_robot/package.zsh'
[2.099s] Level 1:colcon.colcon_core.environment:create_file_with_runtime_dependencies(/home/studamr/ros2_ws_exer01/install/fake_robot/share/colcon-core/packages/fake_robot)
[39.182s] DEBUG:colcon.colcon_core.event_handler.log_command:Invoked command in '/home/studamr/ros2_ws_exer01/build/kalman_positioning' returned '0': CMAKE_PREFIX_PATH=${CMAKE_PREFIX_PATH}:/opt/ros/kilted DEBUGINFOD_URLS=https://debuginfod.ubuntu.com /usr/bin/cmake --build /home/studamr/ros2_ws_exer01/build/kalman_positioning -- -j4 -l4
[39.187s] DEBUG:colcon.colcon_core.event_handler.log_command:Invoking command in '/home/studamr/ros2_ws_exer01/build/kalman_positioning': CMAKE_PREFIX_PATH=${CMAKE_PREFIX_PATH}:/opt/ros/kilted DEBUGINFOD_URLS=https://debuginfod.ubuntu.com /usr/bin/cmake --install /home/studamr/ros2_ws_exer01/build/kalman_positioning
[39.394s] Level 1:colcon.colcon_core.environment:create_environment_scripts_only(kalman_positioning)
[39.395s] Level 1:colcon.colcon_core.environment:checking '/home/studamr/ros2_ws_exer01/install/kalman_positioning' for CMake module files
[39.396s] Level 1:colcon.colcon_core.environment:checking '/home/studamr/ros2_ws_exer01/install/kalman_positioning' for CMake config files
[39.394s] DEBUG:colcon.colcon_core.event_handler.log_command:Invoked command in '/home/studamr/ros2_ws_exer01/build/kalman_positioning' returned '0': CMAKE_PREFIX_PATH=${CMAKE_PREFIX_PATH}:/opt/ros/kilted DEBUGINFOD_URLS=https://debuginfod.ubuntu.com /usr/bin/cmake --install /home/studamr/ros2_ws_exer01/build/kalman_positioning
[39.397s] Level 1:colcon.colcon_core.shell:create_environment_hook('kalman_positioning', 'cmake_prefix_path')
[39.400s] INFO:colcon.colcon_core.shell:Creating environment hook '/home/studamr/ros2_ws_exer01/install/kalman_positioning/share/kalman_positioning/hook/cmake_prefix_path.ps1'
[39.405s] INFO:colcon.colcon_core.shell:Creating environment descriptor '/home/studamr/ros2_ws_exer01/install/kalman_positioning/share/kalman_positioning/hook/cmake_prefix_path.dsv'
[39.407s] INFO:colcon.colcon_core.shell:Creating environment hook '/home/studamr/ros2_ws_exer01/install/kalman_positioning/share/kalman_positioning/hook/cmake_prefix_path.sh'
[39.409s] Level 1:colcon.colcon_core.environment:checking '/home/studamr/ros2_ws_exer01/install/kalman_positioning/lib'
[39.409s] Level 1:colcon.colcon_core.environment:checking '/home/studamr/ros2_ws_exer01/install/kalman_positioning/bin'
[39.410s] Level 1:colcon.colcon_core.environment:checking '/home/studamr/ros2_ws_exer01/install/kalman_positioning/lib/pkgconfig/kalman_positioning.pc'
[39.410s] Level 1:colcon.colcon_core.environment:checking '/home/studamr/ros2_ws_exer01/install/kalman_positioning/lib/python3.12/site-packages'
[39.412s] Level 1:colcon.colcon_core.environment:checking '/home/studamr/ros2_ws_exer01/install/kalman_positioning/bin'
[39.412s] INFO:colcon.colcon_core.shell:Creating package script '/home/studamr/ros2_ws_exer01/install/kalman_positioning/share/kalman_positioning/package.ps1'
[39.413s] INFO:colcon.colcon_core.shell:Creating package descriptor '/home/studamr/ros2_ws_exer01/install/kalman_positioning/share/kalman_positioning/package.dsv'
[39.416s] INFO:colcon.colcon_core.shell:Creating package script '/home/studamr/ros2_ws_exer01/install/kalman_positioning/share/kalman_positioning/package.sh'
[39.417s] INFO:colcon.colcon_core.shell:Creating package script '/home/studamr/ros2_ws_exer01/install/kalman_positioning/share/kalman_positioning/package.bash'
[39.419s] INFO:colcon.colcon_core.shell:Creating package script '/home/studamr/ros2_ws_exer01/install/kalman_positioning/share/kalman_positioning/package.zsh'
[39.420s] Level 1:colcon.colcon_core.environment:create_file_with_runtime_dependencies(/home/studamr/ros2_ws_exer01/install/kalman_positioning/share/colcon-core/packages/kalman_positioning)
[39.422s] Level 1:colcon.colcon_core.environment:create_environment_scripts_only(kalman_positioning)
[39.422s] Level 1:colcon.colcon_core.environment:checking '/home/studamr/ros2_ws_exer01/install/kalman_positioning' for CMake module files
[39.424s] Level 1:colcon.colcon_core.environment:checking '/home/studamr/ros2_ws_exer01/install/kalman_positioning' for CMake config files
[39.426s] Level 1:colcon.colcon_core.shell:create_environment_hook('kalman_positioning', 'cmake_prefix_path')
[39.427s] INFO:colcon.colcon_core.shell:Creating environment hook '/home/studamr/ros2_ws_exer01/install/kalman_positioning/share/kalman_positioning/hook/cmake_prefix_path.ps1'
[39.433s] INFO:colcon.colcon_core.shell:Creating environment descriptor '/home/studamr/ros2_ws_exer01/install/kalman_positioning/share/kalman_positioning/hook/cmake_prefix_path.dsv'
[39.435s] INFO:colcon.colcon_core.shell:Creating environment hook '/home/studamr/ros2_ws_exer01/install/kalman_positioning/share/kalman_positioning/hook/cmake_prefix_path.sh'
[39.440s] Level 1:colcon.colcon_core.environment:checking '/home/studamr/ros2_ws_exer01/install/kalman_positioning/lib'
[39.446s] Level 1:colcon.colcon_core.environment:checking '/home/studamr/ros2_ws_exer01/install/kalman_positioning/bin'
[39.446s] Level 1:colcon.colcon_core.environment:checking '/home/studamr/ros2_ws_exer01/install/kalman_positioning/lib/pkgconfig/kalman_positioning.pc'
[39.447s] Level 1:colcon.colcon_core.environment:checking '/home/studamr/ros2_ws_exer01/install/kalman_positioning/lib/python3.12/site-packages'
[39.452s] Level 1:colcon.colcon_core.environment:checking '/home/studamr/ros2_ws_exer01/install/kalman_positioning/bin'
[39.452s] INFO:colcon.colcon_core.shell:Creating package script '/home/studamr/ros2_ws_exer01/install/kalman_positioning/share/kalman_positioning/package.ps1'
[39.464s] INFO:colcon.colcon_core.shell:Creating package descriptor '/home/studamr/ros2_ws_exer01/install/kalman_positioning/share/kalman_positioning/package.dsv'
[39.467s] INFO:colcon.colcon_core.shell:Creating package script '/home/studamr/ros2_ws_exer01/install/kalman_positioning/share/kalman_positioning/package.sh'
[39.469s] INFO:colcon.colcon_core.shell:Creating package script '/home/studamr/ros2_ws_exer01/install/kalman_positioning/share/kalman_positioning/package.bash'
[39.474s] INFO:colcon.colcon_core.shell:Creating package script '/home/studamr/ros2_ws_exer01/install/kalman_positioning/share/kalman_positioning/package.zsh'
[39.478s] Level 1:colcon.colcon_core.environment:create_file_with_runtime_dependencies(/home/studamr/ros2_ws_exer01/install/kalman_positioning/share/colcon-core/packages/kalman_positioning)
[39.480s] DEBUG:colcon.colcon_parallel_executor.executor.parallel:closing loop
[39.481s] DEBUG:colcon.colcon_parallel_executor.executor.parallel:loop closed
[39.482s] DEBUG:colcon.colcon_parallel_executor.executor.parallel:run_until_complete finished with '0'
[39.482s] DEBUG:colcon.colcon_core.event_reactor:joining thread
[39.510s] INFO:colcon.colcon_core.plugin_system:Skipping extension 'colcon_notification.desktop_notification.terminal_notifier': Not used on non-Darwin systems
[39.510s] INFO:colcon.colcon_core.plugin_system:Skipping extension 'colcon_notification.desktop_notification.win32': Not used on non-Windows systems
[39.510s] INFO:colcon.colcon_notification.desktop_notification:Sending desktop notification using 'notify2'
[39.693s] DEBUG:colcon.colcon_core.event_reactor:joined thread
[39.693s] INFO:colcon.colcon_core.shell:Creating prefix script '/home/studamr/ros2_ws_exer01/install/local_setup.ps1'
[39.698s] INFO:colcon.colcon_core.shell:Creating prefix util module '/home/studamr/ros2_ws_exer01/install/_local_setup_util_ps1.py'
[39.704s] INFO:colcon.colcon_core.shell:Creating prefix chain script '/home/studamr/ros2_ws_exer01/install/setup.ps1'
[39.722s] INFO:colcon.colcon_core.shell:Creating prefix script '/home/studamr/ros2_ws_exer01/install/local_setup.sh'
[39.730s] INFO:colcon.colcon_core.shell:Creating prefix util module '/home/studamr/ros2_ws_exer01/install/_local_setup_util_sh.py'
[39.733s] INFO:colcon.colcon_core.shell:Creating prefix chain script '/home/studamr/ros2_ws_exer01/install/setup.sh'
[39.746s] INFO:colcon.colcon_core.shell:Creating prefix script '/home/studamr/ros2_ws_exer01/install/local_setup.bash'
[39.750s] INFO:colcon.colcon_core.shell:Creating prefix chain script '/home/studamr/ros2_ws_exer01/install/setup.bash'
[39.760s] INFO:colcon.colcon_core.shell:Creating prefix script '/home/studamr/ros2_ws_exer01/install/local_setup.zsh'
[39.771s] INFO:colcon.colcon_core.shell:Creating prefix chain script '/home/studamr/ros2_ws_exer01/install/setup.zsh'
