[ 50%] [32mBuilding CXX object CMakeFiles/fake_robot.dir/src/fake_robot.cpp.o[0m
[100%] [32m[1mLinking CXX executable fake_robot[0m
[100%] Built target fake_robot
-- Install configuration: ""
-- Installing: /home/studamr/ros2_ws_exer01/install/fake_robot/lib/fake_robot/fake_robot
-- Set non-toolchain portion of runtime path of "/home/studamr/ros2_ws_exer01/install/fake_robot/lib/fake_robot/fake_robot" to ""
-- Up-to-date: /home/studamr/ros2_ws_exer01/install/fake_robot/share/fake_robot/launch
-- Up-to-date: /home/studamr/ros2_ws_exer01/install/fake_robot/share/fake_robot/launch/fake_robot.launch.py
-- Up-to-date: /home/studamr/ros2_ws_exer01/install/fake_robot/share/fake_robot/data
-- Up-to-date: /home/studamr/ros2_ws_exer01/install/fake_robot/share/fake_robot/data/landmarks.csv
-- Up-to-date: /home/studamr/ros2_ws_exer01/install/fake_robot/share/ament_index/resource_index/package_run_dependencies/fake_robot
-- Up-to-date: /home/studamr/ros2_ws_exer01/install/fake_robot/share/ament_index/resource_index/parent_prefix_path/fake_robot
-- Up-to-date: /home/studamr/ros2_ws_exer01/install/fake_robot/share/fake_robot/environment/ament_prefix_path.sh
-- Up-to-date: /home/studamr/ros2_ws_exer01/install/fake_robot/share/fake_robot/environment/ament_prefix_path.dsv
-- Up-to-date: /home/studamr/ros2_ws_exer01/install/fake_robot/share/fake_robot/environment/path.sh
-- Up-to-date: /home/studamr/ros2_ws_exer01/install/fake_robot/share/fake_robot/environment/path.dsv
-- Up-to-date: /home/studamr/ros2_ws_exer01/install/fake_robot/share/fake_robot/local_setup.bash
-- Up-to-date: /home/studamr/ros2_ws_exer01/install/fake_robot/share/fake_robot/local_setup.sh
-- Up-to-date: /home/studamr/ros2_ws_exer01/install/fake_robot/share/fake_robot/local_setup.zsh
-- Up-to-date: /home/studamr/ros2_ws_exer01/install/fake_robot/share/fake_robot/local_setup.dsv
-- Installing: /home/studamr/ros2_ws_exer01/install/fake_robot/share/fake_robot/package.dsv
-- Up-to-date: /home/studamr/ros2_ws_exer01/install/fake_robot/share/ament_index/resource_index/packages/fake_robot
-- Up-to-date: /home/studamr/ros2_ws_exer01/install/fake_robot/share/fake_robot/cmake/fake_robotConfig.cmake
-- Up-to-date: /home/studamr/ros2_ws_exer01/install/fake_robot/share/fake_robot/cmake/fake_robotConfig-version.cmake
-- Up-to-date: /home/studamr/ros2_ws_exer01/install/fake_robot/share/fake_robot/package.xml
