[0.150s] Invoking command in '/home/studamr/ros2_ws_exer01/build/fake_robot': CMAKE_PREFIX_PATH=${CMAKE_PREFIX_PATH}:/opt/ros/kilted DEBUGINFOD_URLS=https://debuginfod.ubuntu.com /usr/bin/cmake --build /home/studamr/ros2_ws_exer01/build/fake_robot -- -j4 -l4
[0.535s] [100%] Built target fake_robot
[0.615s] Invoked command in '/home/studamr/ros2_ws_exer01/build/fake_robot' returned '0': CMAKE_PREFIX_PATH=${CMAKE_PREFIX_PATH}:/opt/ros/kilted DEBUGINFOD_URLS=https://debuginfod.ubuntu.com /usr/bin/cmake --build /home/studamr/ros2_ws_exer01/build/fake_robot -- -j4 -l4
[0.679s] Invoking command in '/home/studamr/ros2_ws_exer01/build/fake_robot': CMAKE_PREFIX_PATH=${CMAKE_PREFIX_PATH}:/opt/ros/kilted DEBUGINFOD_URLS=https://debuginfod.ubuntu.com /usr/bin/cmake --install /home/studamr/ros2_ws_exer01/build/fake_robot
[0.753s] -- Install configuration: ""
[0.772s] -- Up-to-date: /home/studamr/ros2_ws_exer01/install/fake_robot/lib/fake_robot/fake_robot
[0.781s] -- Up-to-date: /home/studamr/ros2_ws_exer01/install/fake_robot/share/fake_robot/launch
[0.781s] -- Up-to-date: /home/studamr/ros2_ws_exer01/install/fake_robot/share/fake_robot/launch/fake_robot.launch.py
[0.782s] -- Up-to-date: /home/studamr/ros2_ws_exer01/install/fake_robot/share/fake_robot/data
[0.783s] -- Up-to-date: /home/studamr/ros2_ws_exer01/install/fake_robot/share/fake_robot/data/landmarks.csv
[0.783s] -- Up-to-date: /home/studamr/ros2_ws_exer01/install/fake_robot/share/ament_index/resource_index/package_run_dependencies/fake_robot
[0.785s] -- Up-to-date: /home/studamr/ros2_ws_exer01/install/fake_robot/share/ament_index/resource_index/parent_prefix_path/fake_robot
[0.785s] -- Up-to-date: /home/studamr/ros2_ws_exer01/install/fake_robot/share/fake_robot/environment/ament_prefix_path.sh
[0.787s] -- Up-to-date: /home/studamr/ros2_ws_exer01/install/fake_robot/share/fake_robot/environment/ament_prefix_path.dsv
[0.787s] -- Up-to-date: /home/studamr/ros2_ws_exer01/install/fake_robot/share/fake_robot/environment/path.sh
[0.787s] -- Up-to-date: /home/studamr/ros2_ws_exer01/install/fake_robot/share/fake_robot/environment/path.dsv
[0.787s] -- Up-to-date: /home/studamr/ros2_ws_exer01/install/fake_robot/share/fake_robot/local_setup.bash
[0.787s] -- Up-to-date: /home/studamr/ros2_ws_exer01/install/fake_robot/share/fake_robot/local_setup.sh
[0.789s] -- Up-to-date: /home/studamr/ros2_ws_exer01/install/fake_robot/share/fake_robot/local_setup.zsh
[0.799s] -- Up-to-date: /home/studamr/ros2_ws_exer01/install/fake_robot/share/fake_robot/local_setup.dsv
[0.799s] -- Installing: /home/studamr/ros2_ws_exer01/install/fake_robot/share/fake_robot/package.dsv
[0.805s] -- Up-to-date: /home/studamr/ros2_ws_exer01/install/fake_robot/share/ament_index/resource_index/packages/fake_robot
[0.805s] -- Up-to-date: /home/studamr/ros2_ws_exer01/install/fake_robot/share/fake_robot/cmake/fake_robotConfig.cmake
[0.806s] -- Up-to-date: /home/studamr/ros2_ws_exer01/install/fake_robot/share/fake_robot/cmake/fake_robotConfig-version.cmake
[0.812s] -- Up-to-date: /home/studamr/ros2_ws_exer01/install/fake_robot/share/fake_robot/package.xml
[0.822s] Invoked command in '/home/studamr/ros2_ws_exer01/build/fake_robot' returned '0': CMAKE_PREFIX_PATH=${CMAKE_PREFIX_PATH}:/opt/ros/kilted DEBUGINFOD_URLS=https://debuginfod.ubuntu.com /usr/bin/cmake --install /home/studamr/ros2_ws_exer01/build/fake_robot
