[0.132s] DEBUG:colcon:Command line arguments: ['/usr/bin/colcon', 'build']
[0.132s] DEBUG:colcon:Parsed command line arguments: Namespace(log_base=None, log_level=None, verb_name='build', build_base='build', install_base='install', merge_install=False, symlink_install=False, test_result_base=None, continue_on_error=False, executor='parallel', parallel_workers=4, event_handlers=None, ignore_user_meta=False, metas=['./colcon.meta'], base_paths=['.'], packages_ignore=None, packages_ignore_regex=None, paths=None, packages_up_to=None, packages_up_to_regex=None, packages_above=None, packages_above_and_dependencies=None, packages_above_depth=None, packages_select_by_dep=None, packages_skip_by_dep=None, packages_skip_up_to=None, packages_select_build_failed=False, packages_skip_build_finished=False, packages_select_test_failures=False, packages_skip_test_passed=False, packages_select=None, packages_skip=None, packages_select_regex=None, packages_skip_regex=None, packages_start=None, packages_end=None, allow_overriding=[], cmake_args=None, cmake_target=None, cmake_target_skip_unavailable=False, cmake_clean_cache=False, cmake_clean_first=False, cmake_force_configure=False, ament_cmake_args=None, catkin_cmake_args=None, catkin_skip_building_tests=False, mixin_files=None, mixin=None, verb_parser=<colcon_mixin.mixin.mixin_argument.MixinArgumentDecorator object at 0x6fffe5157260>, verb_extension=<colcon_core.verb.build.BuildVerb object at 0x6fffe52c4350>, main=<bound method BuildVerb.main of <colcon_core.verb.build.BuildVerb object at 0x6fffe52c4350>>, mixin_verb=('build',))
[0.181s] Level 1:colcon.colcon_core.package_discovery:discover_packages(colcon_meta) check parameters
[0.182s] Level 1:colcon.colcon_core.package_discovery:discover_packages(recursive) check parameters
[0.182s] Level 1:colcon.colcon_core.package_discovery:discover_packages(ignore) check parameters
[0.182s] Level 1:colcon.colcon_core.package_discovery:discover_packages(path) check parameters
[0.182s] Level 1:colcon.colcon_core.package_discovery:discover_packages(colcon_meta) discover
[0.184s] Level 1:colcon.colcon_core.package_discovery:discover_packages(recursive) discover
[0.184s] INFO:colcon.colcon_core.package_discovery:Crawling recursively for packages in '/home/studamr/ros2_ws_exer01'
[0.185s] Level 1:colcon.colcon_core.package_identification:_identify(.) by extensions ['ignore', 'ignore_ament_install']
[0.185s] Level 1:colcon.colcon_core.package_identification:_identify(.) by extension 'ignore'
[0.185s] Level 1:colcon.colcon_core.package_identification:_identify(.) by extension 'ignore_ament_install'
[0.185s] Level 1:colcon.colcon_core.package_identification:_identify(.) by extensions ['colcon_pkg']
[0.185s] Level 1:colcon.colcon_core.package_identification:_identify(.) by extension 'colcon_pkg'
[0.185s] Level 1:colcon.colcon_core.package_identification:_identify(.) by extensions ['colcon_meta']
[0.185s] Level 1:colcon.colcon_core.package_identification:_identify(.) by extension 'colcon_meta'
[0.185s] Level 1:colcon.colcon_core.package_identification:_identify(.) by extensions ['ros']
[0.185s] Level 1:colcon.colcon_core.package_identification:_identify(.) by extension 'ros'
[0.219s] Level 1:colcon.colcon_core.package_identification:_identify(.) by extensions ['cmake', 'python']
[0.220s] Level 1:colcon.colcon_core.package_identification:_identify(.) by extension 'cmake'
[0.220s] Level 1:colcon.colcon_core.package_identification:_identify(.) by extension 'python'
[0.220s] Level 1:colcon.colcon_core.package_identification:_identify(.) by extensions ['python_setup_py']
[0.220s] Level 1:colcon.colcon_core.package_identification:_identify(.) by extension 'python_setup_py'
[0.220s] Level 1:colcon.colcon_core.package_identification:_identify(build) by extensions ['ignore', 'ignore_ament_install']
[0.221s] Level 1:colcon.colcon_core.package_identification:_identify(build) by extension 'ignore'
[0.221s] Level 1:colcon.colcon_core.package_identification:_identify(build) ignored
[0.221s] Level 1:colcon.colcon_core.package_identification:_identify(install) by extensions ['ignore', 'ignore_ament_install']
[0.222s] Level 1:colcon.colcon_core.package_identification:_identify(install) by extension 'ignore'
[0.222s] Level 1:colcon.colcon_core.package_identification:_identify(install) ignored
[0.222s] Level 1:colcon.colcon_core.package_identification:_identify(log) by extensions ['ignore', 'ignore_ament_install']
[0.222s] Level 1:colcon.colcon_core.package_identification:_identify(log) by extension 'ignore'
[0.223s] Level 1:colcon.colcon_core.package_identification:_identify(log) ignored
[0.223s] Level 1:colcon.colcon_core.package_identification:_identify(src) by extensions ['ignore', 'ignore_ament_install']
[0.223s] Level 1:colcon.colcon_core.package_identification:_identify(src) by extension 'ignore'
[0.223s] Level 1:colcon.colcon_core.package_identification:_identify(src) by extension 'ignore_ament_install'
[0.223s] Level 1:colcon.colcon_core.package_identification:_identify(src) by extensions ['colcon_pkg']
[0.224s] Level 1:colcon.colcon_core.package_identification:_identify(src) by extension 'colcon_pkg'
[0.224s] Level 1:colcon.colcon_core.package_identification:_identify(src) by extensions ['colcon_meta']
[0.224s] Level 1:colcon.colcon_core.package_identification:_identify(src) by extension 'colcon_meta'
[0.224s] Level 1:colcon.colcon_core.package_identification:_identify(src) by extensions ['ros']
[0.224s] Level 1:colcon.colcon_core.package_identification:_identify(src) by extension 'ros'
[0.224s] Level 1:colcon.colcon_core.package_identification:_identify(src) by extensions ['cmake', 'python']
[0.224s] Level 1:colcon.colcon_core.package_identification:_identify(src) by extension 'cmake'
[0.225s] Level 1:colcon.colcon_core.package_identification:_identify(src) by extension 'python'
[0.225s] Level 1:colcon.colcon_core.package_identification:_identify(src) by extensions ['python_setup_py']
[0.225s] Level 1:colcon.colcon_core.package_identification:_identify(src) by extension 'python_setup_py'
[0.225s] Level 1:colcon.colcon_core.package_identification:_identify(src/build) by extensions ['ignore', 'ignore_ament_install']
[0.225s] Level 1:colcon.colcon_core.package_identification:_identify(src/build) by extension 'ignore'
[0.226s] Level 1:colcon.colcon_core.package_identification:_identify(src/build) ignored
[0.226s] Level 1:colcon.colcon_core.package_identification:_identify(src/fake_robot) by extensions ['ignore', 'ignore_ament_install']
[0.226s] Level 1:colcon.colcon_core.package_identification:_identify(src/fake_robot) by extension 'ignore'
[0.226s] Level 1:colcon.colcon_core.package_identification:_identify(src/fake_robot) by extension 'ignore_ament_install'
[0.226s] Level 1:colcon.colcon_core.package_identification:_identify(src/fake_robot) by extensions ['colcon_pkg']
[0.226s] Level 1:colcon.colcon_core.package_identification:_identify(src/fake_robot) by extension 'colcon_pkg'
[0.226s] Level 1:colcon.colcon_core.package_identification:_identify(src/fake_robot) by extensions ['colcon_meta']
[0.226s] Level 1:colcon.colcon_core.package_identification:_identify(src/fake_robot) by extension 'colcon_meta'
[0.226s] Level 1:colcon.colcon_core.package_identification:_identify(src/fake_robot) by extensions ['ros']
[0.226s] Level 1:colcon.colcon_core.package_identification:_identify(src/fake_robot) by extension 'ros'
[0.232s] DEBUG:colcon.colcon_core.package_identification:Package 'src/fake_robot' with type 'ros.ament_cmake' and name 'fake_robot'
[0.233s] Level 1:colcon.colcon_core.package_identification:_identify(src/install) by extensions ['ignore', 'ignore_ament_install']
[0.233s] Level 1:colcon.colcon_core.package_identification:_identify(src/install) by extension 'ignore'
[0.233s] Level 1:colcon.colcon_core.package_identification:_identify(src/install) ignored
[0.233s] Level 1:colcon.colcon_core.package_identification:_identify(src/kalman_positioning) by extensions ['ignore', 'ignore_ament_install']
[0.233s] Level 1:colcon.colcon_core.package_identification:_identify(src/kalman_positioning) by extension 'ignore'
[0.233s] Level 1:colcon.colcon_core.package_identification:_identify(src/kalman_positioning) by extension 'ignore_ament_install'
[0.234s] Level 1:colcon.colcon_core.package_identification:_identify(src/kalman_positioning) by extensions ['colcon_pkg']
[0.234s] Level 1:colcon.colcon_core.package_identification:_identify(src/kalman_positioning) by extension 'colcon_pkg'
[0.234s] Level 1:colcon.colcon_core.package_identification:_identify(src/kalman_positioning) by extensions ['colcon_meta']
[0.234s] Level 1:colcon.colcon_core.package_identification:_identify(src/kalman_positioning) by extension 'colcon_meta'
[0.234s] Level 1:colcon.colcon_core.package_identification:_identify(src/kalman_positioning) by extensions ['ros']
[0.234s] Level 1:colcon.colcon_core.package_identification:_identify(src/kalman_positioning) by extension 'ros'
[0.238s] DEBUG:colcon.colcon_core.package_identification:Package 'src/kalman_positioning' with type 'ros.ament_cmake' and name 'kalman_positioning'
[0.238s] Level 1:colcon.colcon_core.package_identification:_identify(src/log) by extensions ['ignore', 'ignore_ament_install']
[0.238s] Level 1:colcon.colcon_core.package_identification:_identify(src/log) by extension 'ignore'
[0.238s] Level 1:colcon.colcon_core.package_identification:_identify(src/log) ignored
[0.238s] Level 1:colcon.colcon_core.package_identification:_identify(src/rosbag2_2025_11_28-19_41_00) by extensions ['ignore', 'ignore_ament_install']
[0.238s] Level 1:colcon.colcon_core.package_identification:_identify(src/rosbag2_2025_11_28-19_41_00) by extension 'ignore'
[0.239s] Level 1:colcon.colcon_core.package_identification:_identify(src/rosbag2_2025_11_28-19_41_00) by extension 'ignore_ament_install'
[0.239s] Level 1:colcon.colcon_core.package_identification:_identify(src/rosbag2_2025_11_28-19_41_00) by extensions ['colcon_pkg']
[0.239s] Level 1:colcon.colcon_core.package_identification:_identify(src/rosbag2_2025_11_28-19_41_00) by extension 'colcon_pkg'
[0.239s] Level 1:colcon.colcon_core.package_identification:_identify(src/rosbag2_2025_11_28-19_41_00) by extensions ['colcon_meta']
[0.239s] Level 1:colcon.colcon_core.package_identification:_identify(src/rosbag2_2025_11_28-19_41_00) by extension 'colcon_meta'
[0.239s] Level 1:colcon.colcon_core.package_identification:_identify(src/rosbag2_2025_11_28-19_41_00) by extensions ['ros']
[0.239s] Level 1:colcon.colcon_core.package_identification:_identify(src/rosbag2_2025_11_28-19_41_00) by extension 'ros'
[0.239s] Level 1:colcon.colcon_core.package_identification:_identify(src/rosbag2_2025_11_28-19_41_00) by extensions ['cmake', 'python']
[0.239s] Level 1:colcon.colcon_core.package_identification:_identify(src/rosbag2_2025_11_28-19_41_00) by extension 'cmake'
[0.239s] Level 1:colcon.colcon_core.package_identification:_identify(src/rosbag2_2025_11_28-19_41_00) by extension 'python'
[0.239s] Level 1:colcon.colcon_core.package_identification:_identify(src/rosbag2_2025_11_28-19_41_00) by extensions ['python_setup_py']
[0.239s] Level 1:colcon.colcon_core.package_identification:_identify(src/rosbag2_2025_11_28-19_41_00) by extension 'python_setup_py'
[0.239s] Level 1:colcon.colcon_core.package_discovery:discover_packages(recursive) using defaults
[0.239s] Level 1:colcon.colcon_core.package_discovery:discover_packages(ignore) discover
[0.239s] Level 1:colcon.colcon_core.package_discovery:discover_packages(ignore) using defaults
[0.239s] Level 1:colcon.colcon_core.package_discovery:discover_packages(path) discover
[0.239s] Level 1:colcon.colcon_core.package_discovery:discover_packages(path) using defaults
[0.276s] Level 1:colcon.colcon_core.package_discovery:discover_packages(prefix_path) check parameters
[0.276s] Level 1:colcon.colcon_core.package_discovery:discover_packages(prefix_path) discover
[0.283s] DEBUG:colcon.colcon_installed_package_information.package_discovery:Found 322 installed packages in /opt/ros/kilted
[0.287s] Level 1:colcon.colcon_core.package_discovery:discover_packages(prefix_path) using defaults
[0.396s] Level 5:colcon.colcon_core.verb:set package 'fake_robot' build argument 'cmake_args' from command line to 'None'
[0.397s] Level 5:colcon.colcon_core.verb:set package 'fake_robot' build argument 'cmake_target' from command line to 'None'
[0.397s] Level 5:colcon.colcon_core.verb:set package 'fake_robot' build argument 'cmake_target_skip_unavailable' from command line to 'False'
[0.397s] Level 5:colcon.colcon_core.verb:set package 'fake_robot' build argument 'cmake_clean_cache' from command line to 'False'
[0.397s] Level 5:colcon.colcon_core.verb:set package 'fake_robot' build argument 'cmake_clean_first' from command line to 'False'
[0.397s] Level 5:colcon.colcon_core.verb:set package 'fake_robot' build argument 'cmake_force_configure' from command line to 'False'
[0.397s] Level 5:colcon.colcon_core.verb:set package 'fake_robot' build argument 'ament_cmake_args' from command line to 'None'
[0.397s] Level 5:colcon.colcon_core.verb:set package 'fake_robot' build argument 'catkin_cmake_args' from command line to 'None'
[0.397s] Level 5:colcon.colcon_core.verb:set package 'fake_robot' build argument 'catkin_skip_building_tests' from command line to 'False'
[0.397s] DEBUG:colcon.colcon_core.verb:Building package 'fake_robot' with the following arguments: {'ament_cmake_args': None, 'build_base': '/home/studamr/ros2_ws_exer01/build/fake_robot', 'catkin_cmake_args': None, 'catkin_skip_building_tests': False, 'cmake_args': None, 'cmake_clean_cache': False, 'cmake_clean_first': False, 'cmake_force_configure': False, 'cmake_target': None, 'cmake_target_skip_unavailable': False, 'install_base': '/home/studamr/ros2_ws_exer01/install/fake_robot', 'merge_install': False, 'path': '/home/studamr/ros2_ws_exer01/src/fake_robot', 'symlink_install': False, 'test_result_base': None}
[0.398s] Level 5:colcon.colcon_core.verb:set package 'kalman_positioning' build argument 'cmake_args' from command line to 'None'
[0.398s] Level 5:colcon.colcon_core.verb:set package 'kalman_positioning' build argument 'cmake_target' from command line to 'None'
[0.398s] Level 5:colcon.colcon_core.verb:set package 'kalman_positioning' build argument 'cmake_target_skip_unavailable' from command line to 'False'
[0.399s] Level 5:colcon.colcon_core.verb:set package 'kalman_positioning' build argument 'cmake_clean_cache' from command line to 'False'
[0.399s] Level 5:colcon.colcon_core.verb:set package 'kalman_positioning' build argument 'cmake_clean_first' from command line to 'False'
[0.399s] Level 5:colcon.colcon_core.verb:set package 'kalman_positioning' build argument 'cmake_force_configure' from command line to 'False'
[0.399s] Level 5:colcon.colcon_core.verb:set package 'kalman_positioning' build argument 'ament_cmake_args' from command line to 'None'
[0.399s] Level 5:colcon.colcon_core.verb:set package 'kalman_positioning' build argument 'catkin_cmake_args' from command line to 'None'
[0.399s] Level 5:colcon.colcon_core.verb:set package 'kalman_positioning' build argument 'catkin_skip_building_tests' from command line to 'False'
[0.399s] DEBUG:colcon.colcon_core.verb:Building package 'kalman_positioning' with the following arguments: {'ament_cmake_args': None, 'build_base': '/home/studamr/ros2_ws_exer01/build/kalman_positioning', 'catkin_cmake_args': None, 'catkin_skip_building_tests': False, 'cmake_args': None, 'cmake_clean_cache': False, 'cmake_clean_first': False, 'cmake_force_configure': False, 'cmake_target': None, 'cmake_target_skip_unavailable': False, 'install_base': '/home/studamr/ros2_ws_exer01/install/kalman_positioning', 'merge_install': False, 'path': '/home/studamr/ros2_ws_exer01/src/kalman_positioning', 'symlink_install': False, 'test_result_base': None}
[0.399s] INFO:colcon.colcon_core.executor:Executing jobs using 'parallel' executor
[0.403s] DEBUG:colcon.colcon_parallel_executor.executor.parallel:run_until_complete
[0.404s] INFO:colcon.colcon_ros.task.ament_cmake.build:Building ROS package in '/home/studamr/ros2_ws_exer01/src/fake_robot' with build type 'ament_cmake'
[0.404s] INFO:colcon.colcon_cmake.task.cmake.build:Building CMake package in '/home/studamr/ros2_ws_exer01/src/fake_robot'
[0.424s] INFO:colcon.colcon_core.plugin_system:Skipping extension 'colcon_core.shell.bat': Not used on non-Windows systems
[0.425s] INFO:colcon.colcon_core.shell:Skip shell extension 'powershell' for command environment: Not usable outside of PowerShell
[0.425s] DEBUG:colcon.colcon_core.shell:Skip shell extension 'dsv' for command environment
[0.445s] INFO:colcon.colcon_ros.task.ament_cmake.build:Building ROS package in '/home/studamr/ros2_ws_exer01/src/kalman_positioning' with build type 'ament_cmake'
[0.451s] INFO:colcon.colcon_cmake.task.cmake.build:Building CMake package in '/home/studamr/ros2_ws_exer01/src/kalman_positioning'
[0.453s] INFO:colcon.colcon_core.shell:Skip shell extension 'powershell' for command environment: Not usable outside of PowerShell
[0.453s] DEBUG:colcon.colcon_core.shell:Skip shell extension 'dsv' for command environment
[0.500s] DEBUG:colcon.colcon_core.event_handler.log_command:Invoking command in '/home/studamr/ros2_ws_exer01/build/fake_robot': CMAKE_PREFIX_PATH=${CMAKE_PREFIX_PATH}:/opt/ros/kilted DEBUGINFOD_URLS=https://debuginfod.ubuntu.com /usr/bin/cmake --build /home/studamr/ros2_ws_exer01/build/fake_robot -- -j4 -l4
[0.546s] DEBUG:colcon.colcon_core.event_handler.log_command:Invoking command in '/home/studamr/ros2_ws_exer01/build/kalman_positioning': CMAKE_PREFIX_PATH=${CMAKE_PREFIX_PATH}:/opt/ros/kilted DEBUGINFOD_URLS=https://debuginfod.ubuntu.com /usr/bin/cmake --build /home/studamr/ros2_ws_exer01/build/kalman_positioning -- -j4 -l4
[0.896s] DEBUG:colcon.colcon_core.event_handler.log_command:Invoked command in '/home/studamr/ros2_ws_exer01/build/fake_robot' returned '0': CMAKE_PREFIX_PATH=${CMAKE_PREFIX_PATH}:/opt/ros/kilted DEBUGINFOD_URLS=https://debuginfod.ubuntu.com /usr/bin/cmake --build /home/studamr/ros2_ws_exer01/build/fake_robot -- -j4 -l4
[0.956s] DEBUG:colcon.colcon_core.event_handler.log_command:Invoking command in '/home/studamr/ros2_ws_exer01/build/fake_robot': CMAKE_PREFIX_PATH=${CMAKE_PREFIX_PATH}:/opt/ros/kilted DEBUGINFOD_URLS=https://debuginfod.ubuntu.com /usr/bin/cmake --install /home/studamr/ros2_ws_exer01/build/fake_robot
[1.011s] Level 1:colcon.colcon_core.environment:create_environment_scripts_only(fake_robot)
[1.013s] DEBUG:colcon.colcon_core.event_handler.log_command:Invoked command in '/home/studamr/ros2_ws_exer01/build/fake_robot' returned '0': CMAKE_PREFIX_PATH=${CMAKE_PREFIX_PATH}:/opt/ros/kilted DEBUGINFOD_URLS=https://debuginfod.ubuntu.com /usr/bin/cmake --install /home/studamr/ros2_ws_exer01/build/fake_robot
[1.031s] Level 1:colcon.colcon_core.environment:checking '/home/studamr/ros2_ws_exer01/install/fake_robot' for CMake module files
[1.042s] Level 1:colcon.colcon_core.environment:checking '/home/studamr/ros2_ws_exer01/install/fake_robot' for CMake config files
[1.042s] Level 1:colcon.colcon_core.shell:create_environment_hook('fake_robot', 'cmake_prefix_path')
[1.043s] INFO:colcon.colcon_core.shell:Creating environment hook '/home/studamr/ros2_ws_exer01/install/fake_robot/share/fake_robot/hook/cmake_prefix_path.ps1'
[1.044s] INFO:colcon.colcon_core.shell:Creating environment descriptor '/home/studamr/ros2_ws_exer01/install/fake_robot/share/fake_robot/hook/cmake_prefix_path.dsv'
[1.045s] INFO:colcon.colcon_core.shell:Creating environment hook '/home/studamr/ros2_ws_exer01/install/fake_robot/share/fake_robot/hook/cmake_prefix_path.sh'
[1.047s] Level 1:colcon.colcon_core.environment:checking '/home/studamr/ros2_ws_exer01/install/fake_robot/lib'
[1.047s] Level 1:colcon.colcon_core.environment:checking '/home/studamr/ros2_ws_exer01/install/fake_robot/bin'
[1.048s] Level 1:colcon.colcon_core.environment:checking '/home/studamr/ros2_ws_exer01/install/fake_robot/lib/pkgconfig/fake_robot.pc'
[1.049s] Level 1:colcon.colcon_core.environment:checking '/home/studamr/ros2_ws_exer01/install/fake_robot/lib/python3.12/site-packages'
[1.051s] Level 1:colcon.colcon_core.environment:checking '/home/studamr/ros2_ws_exer01/install/fake_robot/bin'
[1.053s] INFO:colcon.colcon_core.shell:Creating package script '/home/studamr/ros2_ws_exer01/install/fake_robot/share/fake_robot/package.ps1'
[1.057s] INFO:colcon.colcon_core.shell:Creating package descriptor '/home/studamr/ros2_ws_exer01/install/fake_robot/share/fake_robot/package.dsv'
[1.058s] INFO:colcon.colcon_core.shell:Creating package script '/home/studamr/ros2_ws_exer01/install/fake_robot/share/fake_robot/package.sh'
[1.064s] INFO:colcon.colcon_core.shell:Creating package script '/home/studamr/ros2_ws_exer01/install/fake_robot/share/fake_robot/package.bash'
[1.071s] INFO:colcon.colcon_core.shell:Creating package script '/home/studamr/ros2_ws_exer01/install/fake_robot/share/fake_robot/package.zsh'
[1.074s] Level 1:colcon.colcon_core.environment:create_file_with_runtime_dependencies(/home/studamr/ros2_ws_exer01/install/fake_robot/share/colcon-core/packages/fake_robot)
[1.075s] Level 1:colcon.colcon_core.environment:create_environment_scripts_only(fake_robot)
[1.076s] Level 1:colcon.colcon_core.environment:checking '/home/studamr/ros2_ws_exer01/install/fake_robot' for CMake module files
[1.077s] Level 1:colcon.colcon_core.environment:checking '/home/studamr/ros2_ws_exer01/install/fake_robot' for CMake config files
[1.077s] Level 1:colcon.colcon_core.shell:create_environment_hook('fake_robot', 'cmake_prefix_path')
[1.077s] INFO:colcon.colcon_core.shell:Creating environment hook '/home/studamr/ros2_ws_exer01/install/fake_robot/share/fake_robot/hook/cmake_prefix_path.ps1'
[1.078s] INFO:colcon.colcon_core.shell:Creating environment descriptor '/home/studamr/ros2_ws_exer01/install/fake_robot/share/fake_robot/hook/cmake_prefix_path.dsv'
[1.079s] INFO:colcon.colcon_core.shell:Creating environment hook '/home/studamr/ros2_ws_exer01/install/fake_robot/share/fake_robot/hook/cmake_prefix_path.sh'
[1.080s] Level 1:colcon.colcon_core.environment:checking '/home/studamr/ros2_ws_exer01/install/fake_robot/lib'
[1.080s] Level 1:colcon.colcon_core.environment:checking '/home/studamr/ros2_ws_exer01/install/fake_robot/bin'
[1.081s] Level 1:colcon.colcon_core.environment:checking '/home/studamr/ros2_ws_exer01/install/fake_robot/lib/pkgconfig/fake_robot.pc'
[1.081s] Level 1:colcon.colcon_core.environment:checking '/home/studamr/ros2_ws_exer01/install/fake_robot/lib/python3.12/site-packages'
[1.081s] Level 1:colcon.colcon_core.environment:checking '/home/studamr/ros2_ws_exer01/install/fake_robot/bin'
[1.082s] INFO:colcon.colcon_core.shell:Creating package script '/home/studamr/ros2_ws_exer01/install/fake_robot/share/fake_robot/package.ps1'
[1.084s] INFO:colcon.colcon_core.shell:Creating package descriptor '/home/studamr/ros2_ws_exer01/install/fake_robot/share/fake_robot/package.dsv'
[1.091s] INFO:colcon.colcon_core.shell:Creating package script '/home/studamr/ros2_ws_exer01/install/fake_robot/share/fake_robot/package.sh'
[1.093s] INFO:colcon.colcon_core.shell:Creating package script '/home/studamr/ros2_ws_exer01/install/fake_robot/share/fake_robot/package.bash'
[1.095s] INFO:colcon.colcon_core.shell:Creating package script '/home/studamr/ros2_ws_exer01/install/fake_robot/share/fake_robot/package.zsh'
[1.098s] Level 1:colcon.colcon_core.environment:create_file_with_runtime_dependencies(/home/studamr/ros2_ws_exer01/install/fake_robot/share/colcon-core/packages/fake_robot)
[45.319s] DEBUG:colcon.colcon_core.event_handler.log_command:Invoked command in '/home/studamr/ros2_ws_exer01/build/kalman_positioning' returned '0': CMAKE_PREFIX_PATH=${CMAKE_PREFIX_PATH}:/opt/ros/kilted DEBUGINFOD_URLS=https://debuginfod.ubuntu.com /usr/bin/cmake --build /home/studamr/ros2_ws_exer01/build/kalman_positioning -- -j4 -l4
[45.324s] DEBUG:colcon.colcon_core.event_handler.log_command:Invoking command in '/home/studamr/ros2_ws_exer01/build/kalman_positioning': CMAKE_PREFIX_PATH=${CMAKE_PREFIX_PATH}:/opt/ros/kilted DEBUGINFOD_URLS=https://debuginfod.ubuntu.com /usr/bin/cmake --install /home/studamr/ros2_ws_exer01/build/kalman_positioning
[45.375s] Level 1:colcon.colcon_core.environment:create_environment_scripts_only(kalman_positioning)
[45.376s] Level 1:colcon.colcon_core.environment:checking '/home/studamr/ros2_ws_exer01/install/kalman_positioning' for CMake module files
[45.378s] DEBUG:colcon.colcon_core.event_handler.log_command:Invoked command in '/home/studamr/ros2_ws_exer01/build/kalman_positioning' returned '0': CMAKE_PREFIX_PATH=${CMAKE_PREFIX_PATH}:/opt/ros/kilted DEBUGINFOD_URLS=https://debuginfod.ubuntu.com /usr/bin/cmake --install /home/studamr/ros2_ws_exer01/build/kalman_positioning
[45.381s] Level 1:colcon.colcon_core.environment:checking '/home/studamr/ros2_ws_exer01/install/kalman_positioning' for CMake config files
[45.381s] Level 1:colcon.colcon_core.shell:create_environment_hook('kalman_positioning', 'cmake_prefix_path')
[45.382s] INFO:colcon.colcon_core.shell:Creating environment hook '/home/studamr/ros2_ws_exer01/install/kalman_positioning/share/kalman_positioning/hook/cmake_prefix_path.ps1'
[45.383s] INFO:colcon.colcon_core.shell:Creating environment descriptor '/home/studamr/ros2_ws_exer01/install/kalman_positioning/share/kalman_positioning/hook/cmake_prefix_path.dsv'
[45.385s] INFO:colcon.colcon_core.shell:Creating environment hook '/home/studamr/ros2_ws_exer01/install/kalman_positioning/share/kalman_positioning/hook/cmake_prefix_path.sh'
[45.389s] Level 1:colcon.colcon_core.environment:checking '/home/studamr/ros2_ws_exer01/install/kalman_positioning/lib'
[45.389s] Level 1:colcon.colcon_core.environment:checking '/home/studamr/ros2_ws_exer01/install/kalman_positioning/bin'
[45.389s] Level 1:colcon.colcon_core.environment:checking '/home/studamr/ros2_ws_exer01/install/kalman_positioning/lib/pkgconfig/kalman_positioning.pc'
[45.389s] Level 1:colcon.colcon_core.environment:checking '/home/studamr/ros2_ws_exer01/install/kalman_positioning/lib/python3.12/site-packages'
[45.390s] Level 1:colcon.colcon_core.environment:checking '/home/studamr/ros2_ws_exer01/install/kalman_positioning/bin'
[45.391s] INFO:colcon.colcon_core.shell:Creating package script '/home/studamr/ros2_ws_exer01/install/kalman_positioning/share/kalman_positioning/package.ps1'
[45.392s] INFO:colcon.colcon_core.shell:Creating package descriptor '/home/studamr/ros2_ws_exer01/install/kalman_positioning/share/kalman_positioning/package.dsv'
[45.396s] INFO:colcon.colcon_core.shell:Creating package script '/home/studamr/ros2_ws_exer01/install/kalman_positioning/share/kalman_positioning/package.sh'
[45.400s] INFO:colcon.colcon_core.shell:Creating package script '/home/studamr/ros2_ws_exer01/install/kalman_positioning/share/kalman_positioning/package.bash'
[45.404s] INFO:colcon.colcon_core.shell:Creating package script '/home/studamr/ros2_ws_exer01/install/kalman_positioning/share/kalman_positioning/package.zsh'
[45.406s] Level 1:colcon.colcon_core.environment:create_file_with_runtime_dependencies(/home/studamr/ros2_ws_exer01/install/kalman_positioning/share/colcon-core/packages/kalman_positioning)
[45.409s] Level 1:colcon.colcon_core.environment:create_environment_scripts_only(kalman_positioning)
[45.409s] Level 1:colcon.colcon_core.environment:checking '/home/studamr/ros2_ws_exer01/install/kalman_positioning' for CMake module files
[45.410s] Level 1:colcon.colcon_core.environment:checking '/home/studamr/ros2_ws_exer01/install/kalman_positioning' for CMake config files
[45.416s] Level 1:colcon.colcon_core.shell:create_environment_hook('kalman_positioning', 'cmake_prefix_path')
[45.417s] INFO:colcon.colcon_core.shell:Creating environment hook '/home/studamr/ros2_ws_exer01/install/kalman_positioning/share/kalman_positioning/hook/cmake_prefix_path.ps1'
[45.419s] INFO:colcon.colcon_core.shell:Creating environment descriptor '/home/studamr/ros2_ws_exer01/install/kalman_positioning/share/kalman_positioning/hook/cmake_prefix_path.dsv'
[45.420s] INFO:colcon.colcon_core.shell:Creating environment hook '/home/studamr/ros2_ws_exer01/install/kalman_positioning/share/kalman_positioning/hook/cmake_prefix_path.sh'
[45.423s] Level 1:colcon.colcon_core.environment:checking '/home/studamr/ros2_ws_exer01/install/kalman_positioning/lib'
[45.423s] Level 1:colcon.colcon_core.environment:checking '/home/studamr/ros2_ws_exer01/install/kalman_positioning/bin'
[45.423s] Level 1:colcon.colcon_core.environment:checking '/home/studamr/ros2_ws_exer01/install/kalman_positioning/lib/pkgconfig/kalman_positioning.pc'
[45.423s] Level 1:colcon.colcon_core.environment:checking '/home/studamr/ros2_ws_exer01/install/kalman_positioning/lib/python3.12/site-packages'
[45.424s] Level 1:colcon.colcon_core.environment:checking '/home/studamr/ros2_ws_exer01/install/kalman_positioning/bin'
[45.425s] INFO:colcon.colcon_core.shell:Creating package script '/home/studamr/ros2_ws_exer01/install/kalman_positioning/share/kalman_positioning/package.ps1'
[45.426s] INFO:colcon.colcon_core.shell:Creating package descriptor '/home/studamr/ros2_ws_exer01/install/kalman_positioning/share/kalman_positioning/package.dsv'
[45.428s] INFO:colcon.colcon_core.shell:Creating package script '/home/studamr/ros2_ws_exer01/install/kalman_positioning/share/kalman_positioning/package.sh'
[45.430s] INFO:colcon.colcon_core.shell:Creating package script '/home/studamr/ros2_ws_exer01/install/kalman_positioning/share/kalman_positioning/package.bash'
[45.433s] INFO:colcon.colcon_core.shell:Creating package script '/home/studamr/ros2_ws_exer01/install/kalman_positioning/share/kalman_positioning/package.zsh'
[45.435s] Level 1:colcon.colcon_core.environment:create_file_with_runtime_dependencies(/home/studamr/ros2_ws_exer01/install/kalman_positioning/share/colcon-core/packages/kalman_positioning)
[45.438s] DEBUG:colcon.colcon_parallel_executor.executor.parallel:closing loop
[45.438s] DEBUG:colcon.colcon_parallel_executor.executor.parallel:loop closed
[45.442s] DEBUG:colcon.colcon_parallel_executor.executor.parallel:run_until_complete finished with '0'
[45.444s] DEBUG:colcon.colcon_core.event_reactor:joining thread
[45.453s] INFO:colcon.colcon_core.plugin_system:Skipping extension 'colcon_notification.desktop_notification.terminal_notifier': Not used on non-Darwin systems
[45.453s] INFO:colcon.colcon_core.plugin_system:Skipping extension 'colcon_notification.desktop_notification.win32': Not used on non-Windows systems
[45.453s] INFO:colcon.colcon_notification.desktop_notification:Sending desktop notification using 'notify2'
[45.544s] DEBUG:colcon.colcon_core.event_reactor:joined thread
[45.545s] INFO:colcon.colcon_core.shell:Creating prefix script '/home/studamr/ros2_ws_exer01/install/local_setup.ps1'
[45.549s] INFO:colcon.colcon_core.shell:Creating prefix util module '/home/studamr/ros2_ws_exer01/install/_local_setup_util_ps1.py'
[45.554s] INFO:colcon.colcon_core.shell:Creating prefix chain script '/home/studamr/ros2_ws_exer01/install/setup.ps1'
[45.560s] INFO:colcon.colcon_core.shell:Creating prefix script '/home/studamr/ros2_ws_exer01/install/local_setup.sh'
[45.562s] INFO:colcon.colcon_core.shell:Creating prefix util module '/home/studamr/ros2_ws_exer01/install/_local_setup_util_sh.py'
[45.567s] INFO:colcon.colcon_core.shell:Creating prefix chain script '/home/studamr/ros2_ws_exer01/install/setup.sh'
[45.569s] INFO:colcon.colcon_core.shell:Creating prefix script '/home/studamr/ros2_ws_exer01/install/local_setup.bash'
[45.570s] INFO:colcon.colcon_core.shell:Creating prefix chain script '/home/studamr/ros2_ws_exer01/install/setup.bash'
[45.576s] INFO:colcon.colcon_core.shell:Creating prefix script '/home/studamr/ros2_ws_exer01/install/local_setup.zsh'
[45.578s] INFO:colcon.colcon_core.shell:Creating prefix chain script '/home/studamr/ros2_ws_exer01/install/setup.zsh'
