[0.133s] DEBUG:colcon:Command line arguments: ['/usr/bin/colcon', 'build']
[0.135s] DEBUG:colcon:Parsed command line arguments: Namespace(log_base=None, log_level=None, verb_name='build', build_base='build', install_base='install', merge_install=False, symlink_install=False, test_result_base=None, continue_on_error=False, executor='parallel', parallel_workers=4, event_handlers=None, ignore_user_meta=False, metas=['./colcon.meta'], base_paths=['.'], packages_ignore=None, packages_ignore_regex=None, paths=None, packages_up_to=None, packages_up_to_regex=None, packages_above=None, packages_above_and_dependencies=None, packages_above_depth=None, packages_select_by_dep=None, packages_skip_by_dep=None, packages_skip_up_to=None, packages_select_build_failed=False, packages_skip_build_finished=False, packages_select_test_failures=False, packages_skip_test_passed=False, packages_select=None, packages_skip=None, packages_select_regex=None, packages_skip_regex=None, packages_start=None, packages_end=None, allow_overriding=[], cmake_args=None, cmake_target=None, cmake_target_skip_unavailable=False, cmake_clean_cache=False, cmake_clean_first=False, cmake_force_configure=False, ament_cmake_args=None, catkin_cmake_args=None, catkin_skip_building_tests=False, mixin_files=None, mixin=None, verb_parser=<colcon_mixin.mixin.mixin_argument.MixinArgumentDecorator object at 0x7edb180a8080>, verb_extension=<colcon_core.verb.build.BuildVerb object at 0x7edb180832c0>, main=<bound method BuildVerb.main of <colcon_core.verb.build.BuildVerb object at 0x7edb180832c0>>, mixin_verb=('build',))
[0.191s] Level 1:colcon.colcon_core.package_discovery:discover_packages(colcon_meta) check parameters
[0.193s] Level 1:colcon.colcon_core.package_discovery:discover_packages(recursive) check parameters
[0.193s] Level 1:colcon.colcon_core.package_discovery:discover_packages(ignore) check parameters
[0.193s] Level 1:colcon.colcon_core.package_discovery:discover_packages(path) check parameters
[0.194s] Level 1:colcon.colcon_core.package_discovery:discover_packages(colcon_meta) discover
[0.194s] Level 1:colcon.colcon_core.package_discovery:discover_packages(recursive) discover
[0.194s] INFO:colcon.colcon_core.package_discovery:Crawling recursively for packages in '/home/studamr/ros2_ws_exer01'
[0.194s] Level 1:colcon.colcon_core.package_identification:_identify(.) by extensions ['ignore', 'ignore_ament_install']
[0.194s] Level 1:colcon.colcon_core.package_identification:_identify(.) by extension 'ignore'
[0.194s] Level 1:colcon.colcon_core.package_identification:_identify(.) by extension 'ignore_ament_install'
[0.195s] Level 1:colcon.colcon_core.package_identification:_identify(.) by extensions ['colcon_pkg']
[0.195s] Level 1:colcon.colcon_core.package_identification:_identify(.) by extension 'colcon_pkg'
[0.195s] Level 1:colcon.colcon_core.package_identification:_identify(.) by extensions ['colcon_meta']
[0.195s] Level 1:colcon.colcon_core.package_identification:_identify(.) by extension 'colcon_meta'
[0.195s] Level 1:colcon.colcon_core.package_identification:_identify(.) by extensions ['ros']
[0.195s] Level 1:colcon.colcon_core.package_identification:_identify(.) by extension 'ros'
[0.238s] Level 1:colcon.colcon_core.package_identification:_identify(.) by extensions ['cmake', 'python']
[0.238s] Level 1:colcon.colcon_core.package_identification:_identify(.) by extension 'cmake'
[0.238s] Level 1:colcon.colcon_core.package_identification:_identify(.) by extension 'python'
[0.238s] Level 1:colcon.colcon_core.package_identification:_identify(.) by extensions ['python_setup_py']
[0.238s] Level 1:colcon.colcon_core.package_identification:_identify(.) by extension 'python_setup_py'
[0.238s] Level 1:colcon.colcon_core.package_identification:_identify(build) by extensions ['ignore', 'ignore_ament_install']
[0.238s] Level 1:colcon.colcon_core.package_identification:_identify(build) by extension 'ignore'
[0.238s] Level 1:colcon.colcon_core.package_identification:_identify(build) ignored
[0.238s] Level 1:colcon.colcon_core.package_identification:_identify(install) by extensions ['ignore', 'ignore_ament_install']
[0.238s] Level 1:colcon.colcon_core.package_identification:_identify(install) by extension 'ignore'
[0.238s] Level 1:colcon.colcon_core.package_identification:_identify(install) ignored
[0.238s] Level 1:colcon.colcon_core.package_identification:_identify(log) by extensions ['ignore', 'ignore_ament_install']
[0.239s] Level 1:colcon.colcon_core.package_identification:_identify(log) by extension 'ignore'
[0.239s] Level 1:colcon.colcon_core.package_identification:_identify(log) ignored
[0.239s] Level 1:colcon.colcon_core.package_identification:_identify(src) by extensions ['ignore', 'ignore_ament_install']
[0.239s] Level 1:colcon.colcon_core.package_identification:_identify(src) by extension 'ignore'
[0.239s] Level 1:colcon.colcon_core.package_identification:_identify(src) by extension 'ignore_ament_install'
[0.239s] Level 1:colcon.colcon_core.package_identification:_identify(src) by extensions ['colcon_pkg']
[0.239s] Level 1:colcon.colcon_core.package_identification:_identify(src) by extension 'colcon_pkg'
[0.239s] Level 1:colcon.colcon_core.package_identification:_identify(src) by extensions ['colcon_meta']
[0.239s] Level 1:colcon.colcon_core.package_identification:_identify(src) by extension 'colcon_meta'
[0.239s] Level 1:colcon.colcon_core.package_identification:_identify(src) by extensions ['ros']
[0.240s] Level 1:colcon.colcon_core.package_identification:_identify(src) by extension 'ros'
[0.240s] Level 1:colcon.colcon_core.package_identification:_identify(src) by extensions ['cmake', 'python']
[0.240s] Level 1:colcon.colcon_core.package_identification:_identify(src) by extension 'cmake'
[0.240s] Level 1:colcon.colcon_core.package_identification:_identify(src) by extension 'python'
[0.240s] Level 1:colcon.colcon_core.package_identification:_identify(src) by extensions ['python_setup_py']
[0.240s] Level 1:colcon.colcon_core.package_identification:_identify(src) by extension 'python_setup_py'
[0.240s] Level 1:colcon.colcon_core.package_identification:_identify(src/build) by extensions ['ignore', 'ignore_ament_install']
[0.241s] Level 1:colcon.colcon_core.package_identification:_identify(src/build) by extension 'ignore'
[0.241s] Level 1:colcon.colcon_core.package_identification:_identify(src/build) ignored
[0.242s] Level 1:colcon.colcon_core.package_identification:_identify(src/fake_robot) by extensions ['ignore', 'ignore_ament_install']
[0.242s] Level 1:colcon.colcon_core.package_identification:_identify(src/fake_robot) by extension 'ignore'
[0.243s] Level 1:colcon.colcon_core.package_identification:_identify(src/fake_robot) by extension 'ignore_ament_install'
[0.243s] Level 1:colcon.colcon_core.package_identification:_identify(src/fake_robot) by extensions ['colcon_pkg']
[0.243s] Level 1:colcon.colcon_core.package_identification:_identify(src/fake_robot) by extension 'colcon_pkg'
[0.243s] Level 1:colcon.colcon_core.package_identification:_identify(src/fake_robot) by extensions ['colcon_meta']
[0.243s] Level 1:colcon.colcon_core.package_identification:_identify(src/fake_robot) by extension 'colcon_meta'
[0.243s] Level 1:colcon.colcon_core.package_identification:_identify(src/fake_robot) by extensions ['ros']
[0.243s] Level 1:colcon.colcon_core.package_identification:_identify(src/fake_robot) by extension 'ros'
[0.250s] DEBUG:colcon.colcon_core.package_identification:Package 'src/fake_robot' with type 'ros.ament_cmake' and name 'fake_robot'
[0.250s] Level 1:colcon.colcon_core.package_identification:_identify(src/install) by extensions ['ignore', 'ignore_ament_install']
[0.250s] Level 1:colcon.colcon_core.package_identification:_identify(src/install) by extension 'ignore'
[0.250s] Level 1:colcon.colcon_core.package_identification:_identify(src/install) ignored
[0.250s] Level 1:colcon.colcon_core.package_identification:_identify(src/kalman_positioning) by extensions ['ignore', 'ignore_ament_install']
[0.251s] Level 1:colcon.colcon_core.package_identification:_identify(src/kalman_positioning) by extension 'ignore'
[0.251s] Level 1:colcon.colcon_core.package_identification:_identify(src/kalman_positioning) by extension 'ignore_ament_install'
[0.251s] Level 1:colcon.colcon_core.package_identification:_identify(src/kalman_positioning) by extensions ['colcon_pkg']
[0.251s] Level 1:colcon.colcon_core.package_identification:_identify(src/kalman_positioning) by extension 'colcon_pkg'
[0.251s] Level 1:colcon.colcon_core.package_identification:_identify(src/kalman_positioning) by extensions ['colcon_meta']
[0.251s] Level 1:colcon.colcon_core.package_identification:_identify(src/kalman_positioning) by extension 'colcon_meta'
[0.251s] Level 1:colcon.colcon_core.package_identification:_identify(src/kalman_positioning) by extensions ['ros']
[0.251s] Level 1:colcon.colcon_core.package_identification:_identify(src/kalman_positioning) by extension 'ros'
[0.252s] DEBUG:colcon.colcon_core.package_identification:Package 'src/kalman_positioning' with type 'ros.ament_cmake' and name 'kalman_positioning'
[0.253s] Level 1:colcon.colcon_core.package_identification:_identify(src/log) by extensions ['ignore', 'ignore_ament_install']
[0.253s] Level 1:colcon.colcon_core.package_identification:_identify(src/log) by extension 'ignore'
[0.253s] Level 1:colcon.colcon_core.package_identification:_identify(src/log) ignored
[0.253s] Level 1:colcon.colcon_core.package_identification:_identify(src/rosbag2_2025_11_28-19_41_00) by extensions ['ignore', 'ignore_ament_install']
[0.253s] Level 1:colcon.colcon_core.package_identification:_identify(src/rosbag2_2025_11_28-19_41_00) by extension 'ignore'
[0.253s] Level 1:colcon.colcon_core.package_identification:_identify(src/rosbag2_2025_11_28-19_41_00) by extension 'ignore_ament_install'
[0.253s] Level 1:colcon.colcon_core.package_identification:_identify(src/rosbag2_2025_11_28-19_41_00) by extensions ['colcon_pkg']
[0.253s] Level 1:colcon.colcon_core.package_identification:_identify(src/rosbag2_2025_11_28-19_41_00) by extension 'colcon_pkg'
[0.253s] Level 1:colcon.colcon_core.package_identification:_identify(src/rosbag2_2025_11_28-19_41_00) by extensions ['colcon_meta']
[0.253s] Level 1:colcon.colcon_core.package_identification:_identify(src/rosbag2_2025_11_28-19_41_00) by extension 'colcon_meta'
[0.254s] Level 1:colcon.colcon_core.package_identification:_identify(src/rosbag2_2025_11_28-19_41_00) by extensions ['ros']
[0.254s] Level 1:colcon.colcon_core.package_identification:_identify(src/rosbag2_2025_11_28-19_41_00) by extension 'ros'
[0.254s] Level 1:colcon.colcon_core.package_identification:_identify(src/rosbag2_2025_11_28-19_41_00) by extensions ['cmake', 'python']
[0.254s] Level 1:colcon.colcon_core.package_identification:_identify(src/rosbag2_2025_11_28-19_41_00) by extension 'cmake'
[0.254s] Level 1:colcon.colcon_core.package_identification:_identify(src/rosbag2_2025_11_28-19_41_00) by extension 'python'
[0.254s] Level 1:colcon.colcon_core.package_identification:_identify(src/rosbag2_2025_11_28-19_41_00) by extensions ['python_setup_py']
[0.254s] Level 1:colcon.colcon_core.package_identification:_identify(src/rosbag2_2025_11_28-19_41_00) by extension 'python_setup_py'
[0.254s] Level 1:colcon.colcon_core.package_discovery:discover_packages(recursive) using defaults
[0.254s] Level 1:colcon.colcon_core.package_discovery:discover_packages(ignore) discover
[0.254s] Level 1:colcon.colcon_core.package_discovery:discover_packages(ignore) using defaults
[0.254s] Level 1:colcon.colcon_core.package_discovery:discover_packages(path) discover
[0.254s] Level 1:colcon.colcon_core.package_discovery:discover_packages(path) using defaults
[0.309s] Level 1:colcon.colcon_core.package_discovery:discover_packages(prefix_path) check parameters
[0.309s] Level 1:colcon.colcon_core.package_discovery:discover_packages(prefix_path) discover
[0.318s] DEBUG:colcon.colcon_installed_package_information.package_discovery:Found 2 installed packages in /home/studamr/ros2_ws_exer01/install
[0.323s] DEBUG:colcon.colcon_installed_package_information.package_discovery:Found 322 installed packages in /opt/ros/kilted
[0.325s] Level 1:colcon.colcon_core.package_discovery:discover_packages(prefix_path) using defaults
[0.544s] Level 5:colcon.colcon_core.verb:set package 'fake_robot' build argument 'cmake_args' from command line to 'None'
[0.547s] Level 5:colcon.colcon_core.verb:set package 'fake_robot' build argument 'cmake_target' from command line to 'None'
[0.550s] Level 5:colcon.colcon_core.verb:set package 'fake_robot' build argument 'cmake_target_skip_unavailable' from command line to 'False'
[0.550s] Level 5:colcon.colcon_core.verb:set package 'fake_robot' build argument 'cmake_clean_cache' from command line to 'False'
[0.550s] Level 5:colcon.colcon_core.verb:set package 'fake_robot' build argument 'cmake_clean_first' from command line to 'False'
[0.550s] Level 5:colcon.colcon_core.verb:set package 'fake_robot' build argument 'cmake_force_configure' from command line to 'False'
[0.551s] Level 5:colcon.colcon_core.verb:set package 'fake_robot' build argument 'ament_cmake_args' from command line to 'None'
[0.551s] Level 5:colcon.colcon_core.verb:set package 'fake_robot' build argument 'catkin_cmake_args' from command line to 'None'
[0.551s] Level 5:colcon.colcon_core.verb:set package 'fake_robot' build argument 'catkin_skip_building_tests' from command line to 'False'
[0.551s] DEBUG:colcon.colcon_core.verb:Building package 'fake_robot' with the following arguments: {'ament_cmake_args': None, 'build_base': '/home/studamr/ros2_ws_exer01/build/fake_robot', 'catkin_cmake_args': None, 'catkin_skip_building_tests': False, 'cmake_args': None, 'cmake_clean_cache': False, 'cmake_clean_first': False, 'cmake_force_configure': False, 'cmake_target': None, 'cmake_target_skip_unavailable': False, 'install_base': '/home/studamr/ros2_ws_exer01/install/fake_robot', 'merge_install': False, 'path': '/home/studamr/ros2_ws_exer01/src/fake_robot', 'symlink_install': False, 'test_result_base': None}
[0.554s] Level 5:colcon.colcon_core.verb:set package 'kalman_positioning' build argument 'cmake_args' from command line to 'None'
[0.555s] Level 5:colcon.colcon_core.verb:set package 'kalman_positioning' build argument 'cmake_target' from command line to 'None'
[0.555s] Level 5:colcon.colcon_core.verb:set package 'kalman_positioning' build argument 'cmake_target_skip_unavailable' from command line to 'False'
[0.555s] Level 5:colcon.colcon_core.verb:set package 'kalman_positioning' build argument 'cmake_clean_cache' from command line to 'False'
[0.555s] Level 5:colcon.colcon_core.verb:set package 'kalman_positioning' build argument 'cmake_clean_first' from command line to 'False'
[0.555s] Level 5:colcon.colcon_core.verb:set package 'kalman_positioning' build argument 'cmake_force_configure' from command line to 'False'
[0.556s] Level 5:colcon.colcon_core.verb:set package 'kalman_positioning' build argument 'ament_cmake_args' from command line to 'None'
[0.556s] Level 5:colcon.colcon_core.verb:set package 'kalman_positioning' build argument 'catkin_cmake_args' from command line to 'None'
[0.556s] Level 5:colcon.colcon_core.verb:set package 'kalman_positioning' build argument 'catkin_skip_building_tests' from command line to 'False'
[0.556s] DEBUG:colcon.colcon_core.verb:Building package 'kalman_positioning' with the following arguments: {'ament_cmake_args': None, 'build_base': '/home/studamr/ros2_ws_exer01/build/kalman_positioning', 'catkin_cmake_args': None, 'catkin_skip_building_tests': False, 'cmake_args': None, 'cmake_clean_cache': False, 'cmake_clean_first': False, 'cmake_force_configure': False, 'cmake_target': None, 'cmake_target_skip_unavailable': False, 'install_base': '/home/studamr/ros2_ws_exer01/install/kalman_positioning', 'merge_install': False, 'path': '/home/studamr/ros2_ws_exer01/src/kalman_positioning', 'symlink_install': False, 'test_result_base': None}
[0.556s] INFO:colcon.colcon_core.executor:Executing jobs using 'parallel' executor
[0.564s] DEBUG:colcon.colcon_parallel_executor.executor.parallel:run_until_complete
[0.566s] INFO:colcon.colcon_ros.task.ament_cmake.build:Building ROS package in '/home/studamr/ros2_ws_exer01/src/fake_robot' with build type 'ament_cmake'
[0.567s] INFO:colcon.colcon_cmake.task.cmake.build:Building CMake package in '/home/studamr/ros2_ws_exer01/src/fake_robot'
[0.585s] INFO:colcon.colcon_core.plugin_system:Skipping extension 'colcon_core.shell.bat': Not used on non-Windows systems
[0.586s] INFO:colcon.colcon_core.shell:Skip shell extension 'powershell' for command environment: Not usable outside of PowerShell
[0.587s] DEBUG:colcon.colcon_core.shell:Skip shell extension 'dsv' for command environment
[0.606s] INFO:colcon.colcon_ros.task.ament_cmake.build:Building ROS package in '/home/studamr/ros2_ws_exer01/src/kalman_positioning' with build type 'ament_cmake'
[0.608s] INFO:colcon.colcon_cmake.task.cmake.build:Building CMake package in '/home/studamr/ros2_ws_exer01/src/kalman_positioning'
[0.608s] INFO:colcon.colcon_core.shell:Skip shell extension 'powershell' for command environment: Not usable outside of PowerShell
[0.609s] DEBUG:colcon.colcon_core.shell:Skip shell extension 'dsv' for command environment
[0.650s] DEBUG:colcon.colcon_core.event_handler.log_command:Invoking command in '/home/studamr/ros2_ws_exer01/build/fake_robot': CMAKE_PREFIX_PATH=${CMAKE_PREFIX_PATH}:/opt/ros/kilted DEBUGINFOD_URLS=https://debuginfod.ubuntu.com /usr/bin/cmake --build /home/studamr/ros2_ws_exer01/build/fake_robot -- -j4 -l4
[0.721s] DEBUG:colcon.colcon_core.event_handler.log_command:Invoking command in '/home/studamr/ros2_ws_exer01/build/kalman_positioning': CMAKE_PREFIX_PATH=${CMAKE_PREFIX_PATH}:/opt/ros/kilted DEBUGINFOD_URLS=https://debuginfod.ubuntu.com /usr/bin/cmake --build /home/studamr/ros2_ws_exer01/build/kalman_positioning -- -j4 -l4
[1.202s] DEBUG:colcon.colcon_core.event_handler.log_command:Invoked command in '/home/studamr/ros2_ws_exer01/build/fake_robot' returned '0': CMAKE_PREFIX_PATH=${CMAKE_PREFIX_PATH}:/opt/ros/kilted DEBUGINFOD_URLS=https://debuginfod.ubuntu.com /usr/bin/cmake --build /home/studamr/ros2_ws_exer01/build/fake_robot -- -j4 -l4
[1.337s] DEBUG:colcon.colcon_core.event_handler.log_command:Invoking command in '/home/studamr/ros2_ws_exer01/build/fake_robot': CMAKE_PREFIX_PATH=${CMAKE_PREFIX_PATH}:/opt/ros/kilted DEBUGINFOD_URLS=https://debuginfod.ubuntu.com /usr/bin/cmake --install /home/studamr/ros2_ws_exer01/build/fake_robot
[1.439s] Level 1:colcon.colcon_core.environment:create_environment_scripts_only(fake_robot)
[1.441s] DEBUG:colcon.colcon_core.event_handler.log_command:Invoked command in '/home/studamr/ros2_ws_exer01/build/fake_robot' returned '0': CMAKE_PREFIX_PATH=${CMAKE_PREFIX_PATH}:/opt/ros/kilted DEBUGINFOD_URLS=https://debuginfod.ubuntu.com /usr/bin/cmake --install /home/studamr/ros2_ws_exer01/build/fake_robot
[1.466s] Level 1:colcon.colcon_core.environment:checking '/home/studamr/ros2_ws_exer01/install/fake_robot' for CMake module files
[1.467s] Level 1:colcon.colcon_core.environment:checking '/home/studamr/ros2_ws_exer01/install/fake_robot' for CMake config files
[1.473s] Level 1:colcon.colcon_core.shell:create_environment_hook('fake_robot', 'cmake_prefix_path')
[1.475s] INFO:colcon.colcon_core.shell:Creating environment hook '/home/studamr/ros2_ws_exer01/install/fake_robot/share/fake_robot/hook/cmake_prefix_path.ps1'
[1.487s] INFO:colcon.colcon_core.shell:Creating environment descriptor '/home/studamr/ros2_ws_exer01/install/fake_robot/share/fake_robot/hook/cmake_prefix_path.dsv'
[1.493s] INFO:colcon.colcon_core.shell:Creating environment hook '/home/studamr/ros2_ws_exer01/install/fake_robot/share/fake_robot/hook/cmake_prefix_path.sh'
[1.508s] Level 1:colcon.colcon_core.environment:checking '/home/studamr/ros2_ws_exer01/install/fake_robot/lib'
[1.515s] Level 1:colcon.colcon_core.environment:checking '/home/studamr/ros2_ws_exer01/install/fake_robot/bin'
[1.515s] Level 1:colcon.colcon_core.environment:checking '/home/studamr/ros2_ws_exer01/install/fake_robot/lib/pkgconfig/fake_robot.pc'
[1.515s] Level 1:colcon.colcon_core.environment:checking '/home/studamr/ros2_ws_exer01/install/fake_robot/lib/python3.12/site-packages'
[1.526s] Level 1:colcon.colcon_core.environment:checking '/home/studamr/ros2_ws_exer01/install/fake_robot/bin'
[1.528s] INFO:colcon.colcon_core.shell:Creating package script '/home/studamr/ros2_ws_exer01/install/fake_robot/share/fake_robot/package.ps1'
[1.534s] INFO:colcon.colcon_core.shell:Creating package descriptor '/home/studamr/ros2_ws_exer01/install/fake_robot/share/fake_robot/package.dsv'
[1.553s] INFO:colcon.colcon_core.shell:Creating package script '/home/studamr/ros2_ws_exer01/install/fake_robot/share/fake_robot/package.sh'
[1.562s] INFO:colcon.colcon_core.shell:Creating package script '/home/studamr/ros2_ws_exer01/install/fake_robot/share/fake_robot/package.bash'
[1.570s] INFO:colcon.colcon_core.shell:Creating package script '/home/studamr/ros2_ws_exer01/install/fake_robot/share/fake_robot/package.zsh'
[1.582s] Level 1:colcon.colcon_core.environment:create_file_with_runtime_dependencies(/home/studamr/ros2_ws_exer01/install/fake_robot/share/colcon-core/packages/fake_robot)
[1.590s] Level 1:colcon.colcon_core.environment:create_environment_scripts_only(fake_robot)
[1.608s] Level 1:colcon.colcon_core.environment:checking '/home/studamr/ros2_ws_exer01/install/fake_robot' for CMake module files
[1.610s] Level 1:colcon.colcon_core.environment:checking '/home/studamr/ros2_ws_exer01/install/fake_robot' for CMake config files
[1.611s] Level 1:colcon.colcon_core.shell:create_environment_hook('fake_robot', 'cmake_prefix_path')
[1.612s] INFO:colcon.colcon_core.shell:Creating environment hook '/home/studamr/ros2_ws_exer01/install/fake_robot/share/fake_robot/hook/cmake_prefix_path.ps1'
[1.615s] INFO:colcon.colcon_core.shell:Creating environment descriptor '/home/studamr/ros2_ws_exer01/install/fake_robot/share/fake_robot/hook/cmake_prefix_path.dsv'
[1.625s] INFO:colcon.colcon_core.shell:Creating environment hook '/home/studamr/ros2_ws_exer01/install/fake_robot/share/fake_robot/hook/cmake_prefix_path.sh'
[1.634s] Level 1:colcon.colcon_core.environment:checking '/home/studamr/ros2_ws_exer01/install/fake_robot/lib'
[1.634s] Level 1:colcon.colcon_core.environment:checking '/home/studamr/ros2_ws_exer01/install/fake_robot/bin'
[1.634s] Level 1:colcon.colcon_core.environment:checking '/home/studamr/ros2_ws_exer01/install/fake_robot/lib/pkgconfig/fake_robot.pc'
[1.635s] Level 1:colcon.colcon_core.environment:checking '/home/studamr/ros2_ws_exer01/install/fake_robot/lib/python3.12/site-packages'
[1.638s] Level 1:colcon.colcon_core.environment:checking '/home/studamr/ros2_ws_exer01/install/fake_robot/bin'
[1.651s] INFO:colcon.colcon_core.shell:Creating package script '/home/studamr/ros2_ws_exer01/install/fake_robot/share/fake_robot/package.ps1'
[1.652s] INFO:colcon.colcon_core.shell:Creating package descriptor '/home/studamr/ros2_ws_exer01/install/fake_robot/share/fake_robot/package.dsv'
[1.653s] INFO:colcon.colcon_core.shell:Creating package script '/home/studamr/ros2_ws_exer01/install/fake_robot/share/fake_robot/package.sh'
[1.656s] INFO:colcon.colcon_core.shell:Creating package script '/home/studamr/ros2_ws_exer01/install/fake_robot/share/fake_robot/package.bash'
[1.665s] INFO:colcon.colcon_core.shell:Creating package script '/home/studamr/ros2_ws_exer01/install/fake_robot/share/fake_robot/package.zsh'
[1.676s] Level 1:colcon.colcon_core.environment:create_file_with_runtime_dependencies(/home/studamr/ros2_ws_exer01/install/fake_robot/share/colcon-core/packages/fake_robot)
[55.748s] DEBUG:colcon.colcon_core.event_handler.log_command:Invoked command in '/home/studamr/ros2_ws_exer01/build/kalman_positioning' returned '0': CMAKE_PREFIX_PATH=${CMAKE_PREFIX_PATH}:/opt/ros/kilted DEBUGINFOD_URLS=https://debuginfod.ubuntu.com /usr/bin/cmake --build /home/studamr/ros2_ws_exer01/build/kalman_positioning -- -j4 -l4
[55.753s] DEBUG:colcon.colcon_core.event_handler.log_command:Invoking command in '/home/studamr/ros2_ws_exer01/build/kalman_positioning': CMAKE_PREFIX_PATH=${CMAKE_PREFIX_PATH}:/opt/ros/kilted DEBUGINFOD_URLS=https://debuginfod.ubuntu.com /usr/bin/cmake --install /home/studamr/ros2_ws_exer01/build/kalman_positioning
[55.870s] Level 1:colcon.colcon_core.environment:create_environment_scripts_only(kalman_positioning)
[55.870s] Level 1:colcon.colcon_core.environment:checking '/home/studamr/ros2_ws_exer01/install/kalman_positioning' for CMake module files
[55.872s] DEBUG:colcon.colcon_core.event_handler.log_command:Invoked command in '/home/studamr/ros2_ws_exer01/build/kalman_positioning' returned '0': CMAKE_PREFIX_PATH=${CMAKE_PREFIX_PATH}:/opt/ros/kilted DEBUGINFOD_URLS=https://debuginfod.ubuntu.com /usr/bin/cmake --install /home/studamr/ros2_ws_exer01/build/kalman_positioning
[55.873s] Level 1:colcon.colcon_core.environment:checking '/home/studamr/ros2_ws_exer01/install/kalman_positioning' for CMake config files
[55.874s] Level 1:colcon.colcon_core.shell:create_environment_hook('kalman_positioning', 'cmake_prefix_path')
[55.875s] INFO:colcon.colcon_core.shell:Creating environment hook '/home/studamr/ros2_ws_exer01/install/kalman_positioning/share/kalman_positioning/hook/cmake_prefix_path.ps1'
[55.876s] INFO:colcon.colcon_core.shell:Creating environment descriptor '/home/studamr/ros2_ws_exer01/install/kalman_positioning/share/kalman_positioning/hook/cmake_prefix_path.dsv'
[55.879s] INFO:colcon.colcon_core.shell:Creating environment hook '/home/studamr/ros2_ws_exer01/install/kalman_positioning/share/kalman_positioning/hook/cmake_prefix_path.sh'
[55.881s] Level 1:colcon.colcon_core.environment:checking '/home/studamr/ros2_ws_exer01/install/kalman_positioning/lib'
[55.881s] Level 1:colcon.colcon_core.environment:checking '/home/studamr/ros2_ws_exer01/install/kalman_positioning/bin'
[55.882s] Level 1:colcon.colcon_core.environment:checking '/home/studamr/ros2_ws_exer01/install/kalman_positioning/lib/pkgconfig/kalman_positioning.pc'
[55.883s] Level 1:colcon.colcon_core.environment:checking '/home/studamr/ros2_ws_exer01/install/kalman_positioning/lib/python3.12/site-packages'
[55.884s] Level 1:colcon.colcon_core.environment:checking '/home/studamr/ros2_ws_exer01/install/kalman_positioning/bin'
[55.884s] INFO:colcon.colcon_core.shell:Creating package script '/home/studamr/ros2_ws_exer01/install/kalman_positioning/share/kalman_positioning/package.ps1'
[55.887s] INFO:colcon.colcon_core.shell:Creating package descriptor '/home/studamr/ros2_ws_exer01/install/kalman_positioning/share/kalman_positioning/package.dsv'
[55.888s] INFO:colcon.colcon_core.shell:Creating package script '/home/studamr/ros2_ws_exer01/install/kalman_positioning/share/kalman_positioning/package.sh'
[55.891s] INFO:colcon.colcon_core.shell:Creating package script '/home/studamr/ros2_ws_exer01/install/kalman_positioning/share/kalman_positioning/package.bash'
[55.893s] INFO:colcon.colcon_core.shell:Creating package script '/home/studamr/ros2_ws_exer01/install/kalman_positioning/share/kalman_positioning/package.zsh'
[55.895s] Level 1:colcon.colcon_core.environment:create_file_with_runtime_dependencies(/home/studamr/ros2_ws_exer01/install/kalman_positioning/share/colcon-core/packages/kalman_positioning)
[55.897s] Level 1:colcon.colcon_core.environment:create_environment_scripts_only(kalman_positioning)
[55.897s] Level 1:colcon.colcon_core.environment:checking '/home/studamr/ros2_ws_exer01/install/kalman_positioning' for CMake module files
[55.899s] Level 1:colcon.colcon_core.environment:checking '/home/studamr/ros2_ws_exer01/install/kalman_positioning' for CMake config files
[55.899s] Level 1:colcon.colcon_core.shell:create_environment_hook('kalman_positioning', 'cmake_prefix_path')
[55.900s] INFO:colcon.colcon_core.shell:Creating environment hook '/home/studamr/ros2_ws_exer01/install/kalman_positioning/share/kalman_positioning/hook/cmake_prefix_path.ps1'
[55.905s] INFO:colcon.colcon_core.shell:Creating environment descriptor '/home/studamr/ros2_ws_exer01/install/kalman_positioning/share/kalman_positioning/hook/cmake_prefix_path.dsv'
[55.907s] INFO:colcon.colcon_core.shell:Creating environment hook '/home/studamr/ros2_ws_exer01/install/kalman_positioning/share/kalman_positioning/hook/cmake_prefix_path.sh'
[55.910s] Level 1:colcon.colcon_core.environment:checking '/home/studamr/ros2_ws_exer01/install/kalman_positioning/lib'
[55.910s] Level 1:colcon.colcon_core.environment:checking '/home/studamr/ros2_ws_exer01/install/kalman_positioning/bin'
[55.910s] Level 1:colcon.colcon_core.environment:checking '/home/studamr/ros2_ws_exer01/install/kalman_positioning/lib/pkgconfig/kalman_positioning.pc'
[55.910s] Level 1:colcon.colcon_core.environment:checking '/home/studamr/ros2_ws_exer01/install/kalman_positioning/lib/python3.12/site-packages'
[55.911s] Level 1:colcon.colcon_core.environment:checking '/home/studamr/ros2_ws_exer01/install/kalman_positioning/bin'
[55.912s] INFO:colcon.colcon_core.shell:Creating package script '/home/studamr/ros2_ws_exer01/install/kalman_positioning/share/kalman_positioning/package.ps1'
[55.914s] INFO:colcon.colcon_core.shell:Creating package descriptor '/home/studamr/ros2_ws_exer01/install/kalman_positioning/share/kalman_positioning/package.dsv'
[55.916s] INFO:colcon.colcon_core.shell:Creating package script '/home/studamr/ros2_ws_exer01/install/kalman_positioning/share/kalman_positioning/package.sh'
[55.918s] INFO:colcon.colcon_core.shell:Creating package script '/home/studamr/ros2_ws_exer01/install/kalman_positioning/share/kalman_positioning/package.bash'
[55.921s] INFO:colcon.colcon_core.shell:Creating package script '/home/studamr/ros2_ws_exer01/install/kalman_positioning/share/kalman_positioning/package.zsh'
[55.923s] Level 1:colcon.colcon_core.environment:create_file_with_runtime_dependencies(/home/studamr/ros2_ws_exer01/install/kalman_positioning/share/colcon-core/packages/kalman_positioning)
[55.925s] DEBUG:colcon.colcon_parallel_executor.executor.parallel:closing loop
[55.925s] DEBUG:colcon.colcon_parallel_executor.executor.parallel:loop closed
[55.928s] DEBUG:colcon.colcon_parallel_executor.executor.parallel:run_until_complete finished with '0'
[55.929s] DEBUG:colcon.colcon_core.event_reactor:joining thread
[55.945s] INFO:colcon.colcon_core.plugin_system:Skipping extension 'colcon_notification.desktop_notification.terminal_notifier': Not used on non-Darwin systems
[55.947s] INFO:colcon.colcon_core.plugin_system:Skipping extension 'colcon_notification.desktop_notification.win32': Not used on non-Windows systems
[55.947s] INFO:colcon.colcon_notification.desktop_notification:Sending desktop notification using 'notify2'
[56.017s] DEBUG:colcon.colcon_core.event_reactor:joined thread
[56.017s] INFO:colcon.colcon_core.shell:Creating prefix script '/home/studamr/ros2_ws_exer01/install/local_setup.ps1'
[56.022s] INFO:colcon.colcon_core.shell:Creating prefix util module '/home/studamr/ros2_ws_exer01/install/_local_setup_util_ps1.py'
[56.031s] INFO:colcon.colcon_core.shell:Creating prefix chain script '/home/studamr/ros2_ws_exer01/install/setup.ps1'
[56.036s] INFO:colcon.colcon_core.shell:Creating prefix script '/home/studamr/ros2_ws_exer01/install/local_setup.sh'
[56.038s] INFO:colcon.colcon_core.shell:Creating prefix util module '/home/studamr/ros2_ws_exer01/install/_local_setup_util_sh.py'
[56.045s] INFO:colcon.colcon_core.shell:Creating prefix chain script '/home/studamr/ros2_ws_exer01/install/setup.sh'
[56.051s] INFO:colcon.colcon_core.shell:Creating prefix script '/home/studamr/ros2_ws_exer01/install/local_setup.bash'
[56.055s] INFO:colcon.colcon_core.shell:Creating prefix chain script '/home/studamr/ros2_ws_exer01/install/setup.bash'
[56.061s] INFO:colcon.colcon_core.shell:Creating prefix script '/home/studamr/ros2_ws_exer01/install/local_setup.zsh'
[56.064s] INFO:colcon.colcon_core.shell:Creating prefix chain script '/home/studamr/ros2_ws_exer01/install/setup.zsh'
