[0.075s] Invoking command in '/home/studamr/ros2_ws_exer01/build/kalman_positioning': CMAKE_PREFIX_PATH=${CMAKE_PREFIX_PATH}:/opt/ros/kilted DEBUGINFOD_URLS=https://debuginfod.ubuntu.com /usr/bin/cmake --build /home/studamr/ros2_ws_exer01/build/kalman_positioning -- -j4 -l4
[0.571s] [ 25%] [32mBuilding CXX object CMakeFiles/positioning_node.dir/src/positioning_node.cpp.o[0m
[28.414s] [ 50%] [32m[1mLinking CXX executable positioning_node[0m
[65.293s] [100%] Built target positioning_node
[65.338s] Invoked command in '/home/studamr/ros2_ws_exer01/build/kalman_positioning' returned '0': CMAKE_PREFIX_PATH=${CMAKE_PREFIX_PATH}:/opt/ros/kilted DEBUGINFOD_URLS=https://debuginfod.ubuntu.com /usr/bin/cmake --build /home/studamr/ros2_ws_exer01/build/kalman_positioning -- -j4 -l4
[65.343s] Invoking command in '/home/studamr/ros2_ws_exer01/build/kalman_positioning': CMAKE_PREFIX_PATH=${CMAKE_PREFIX_PATH}:/opt/ros/kilted DEBUGINFOD_URLS=https://debuginfod.ubuntu.com /usr/bin/cmake --install /home/studamr/ros2_ws_exer01/build/kalman_positioning
[65.363s] -- Install configuration: ""
[65.363s] -- Installing: /home/studamr/ros2_ws_exer01/install/kalman_positioning/lib/kalman_positioning/positioning_node
[65.423s] -- Set non-toolchain portion of runtime path of "/home/studamr/ros2_ws_exer01/install/kalman_positioning/lib/kalman_positioning/positioning_node" to ""
[65.424s] -- Up-to-date: /home/studamr/ros2_ws_exer01/install/kalman_positioning/include
[65.425s] -- Up-to-date: /home/studamr/ros2_ws_exer01/install/kalman_positioning/include/kalman_positioning
[65.425s] -- Up-to-date: /home/studamr/ros2_ws_exer01/install/kalman_positioning/include/kalman_positioning/ukf.hpp
[65.425s] -- Up-to-date: /home/studamr/ros2_ws_exer01/install/kalman_positioning/include/kalman_positioning/landmark_manager.hpp
[65.425s] -- Up-to-date: /home/studamr/ros2_ws_exer01/install/kalman_positioning/share/kalman_positioning/launch
[65.425s] -- Up-to-date: /home/studamr/ros2_ws_exer01/install/kalman_positioning/share/kalman_positioning/launch/positioning.launch.py
[65.425s] -- Up-to-date: /home/studamr/ros2_ws_exer01/install/kalman_positioning/share/kalman_positioning/data
[65.426s] -- Up-to-date: /home/studamr/ros2_ws_exer01/install/kalman_positioning/share/kalman_positioning/data/landmarks.csv
[65.426s] -- Up-to-date: /home/studamr/ros2_ws_exer01/install/kalman_positioning/share/ament_index/resource_index/package_run_dependencies/kalman_positioning
[65.426s] -- Up-to-date: /home/studamr/ros2_ws_exer01/install/kalman_positioning/share/ament_index/resource_index/parent_prefix_path/kalman_positioning
[65.426s] -- Up-to-date: /home/studamr/ros2_ws_exer01/install/kalman_positioning/share/kalman_positioning/environment/ament_prefix_path.sh
[65.426s] -- Up-to-date: /home/studamr/ros2_ws_exer01/install/kalman_positioning/share/kalman_positioning/environment/ament_prefix_path.dsv
[65.426s] -- Up-to-date: /home/studamr/ros2_ws_exer01/install/kalman_positioning/share/kalman_positioning/environment/path.sh
[65.426s] -- Up-to-date: /home/studamr/ros2_ws_exer01/install/kalman_positioning/share/kalman_positioning/environment/path.dsv
[65.426s] -- Up-to-date: /home/studamr/ros2_ws_exer01/install/kalman_positioning/share/kalman_positioning/local_setup.bash
[65.426s] -- Up-to-date: /home/studamr/ros2_ws_exer01/install/kalman_positioning/share/kalman_positioning/local_setup.sh
[65.426s] -- Up-to-date: /home/studamr/ros2_ws_exer01/install/kalman_positioning/share/kalman_positioning/local_setup.zsh
[65.427s] -- Up-to-date: /home/studamr/ros2_ws_exer01/install/kalman_positioning/share/kalman_positioning/local_setup.dsv
[65.427s] -- Installing: /home/studamr/ros2_ws_exer01/install/kalman_positioning/share/kalman_positioning/package.dsv
[65.431s] -- Up-to-date: /home/studamr/ros2_ws_exer01/install/kalman_positioning/share/ament_index/resource_index/packages/kalman_positioning
[65.431s] -- Up-to-date: /home/studamr/ros2_ws_exer01/install/kalman_positioning/share/kalman_positioning/cmake/kalman_positioningConfig.cmake
[65.431s] -- Up-to-date: /home/studamr/ros2_ws_exer01/install/kalman_positioning/share/kalman_positioning/cmake/kalman_positioningConfig-version.cmake
[65.431s] -- Up-to-date: /home/studamr/ros2_ws_exer01/install/kalman_positioning/share/kalman_positioning/package.xml
[65.438s] Invoked command in '/home/studamr/ros2_ws_exer01/build/kalman_positioning' returned '0': CMAKE_PREFIX_PATH=${CMAKE_PREFIX_PATH}:/opt/ros/kilted DEBUGINFOD_URLS=https://debuginfod.ubuntu.com /usr/bin/cmake --install /home/studamr/ros2_ws_exer01/build/kalman_positioning
