-- The C compiler identification is GNU 13.3.0
-- The CXX compiler identification is GNU 13.3.0
-- Detecting C compiler ABI info
-- Detecting C compiler ABI info - done
-- Check for working C compiler: /usr/bin/cc - skipped
-- Detecting C compile features
-- Detecting C compile features - done
-- Detecting CXX compiler ABI info
-- Detecting CXX compiler ABI info - done
-- Check for working CXX compiler: /usr/bin/c++ - skipped
-- Detecting CXX compile features
-- Detecting CXX compile features - done
-- Found ament_cmake: 2.7.3 (/opt/ros/kilted/share/ament_cmake/cmake)
-- Found Python3: /usr/bin/python3 (found version "3.12.3") found components: Interpreter 
-- Found rclcpp: 29.5.3 (/opt/ros/kilted/share/rclcpp/cmake)
-- Found rosidl_generator_c: 4.9.5 (/opt/ros/kilted/share/rosidl_generator_c/cmake)
-- Found rosidl_generator_cpp: 4.9.5 (/opt/ros/kilted/share/rosidl_generator_cpp/cmake)
-- Using all available rosidl_typesupport_c: rosidl_typesupport_fastrtps_c;rosidl_typesupport_introspection_c
-- Using all available rosidl_typesupport_cpp: rosidl_typesupport_fastrtps_cpp;rosidl_typesupport_introspection_cpp
-- Found rmw_implementation_cmake: 7.8.2 (/opt/ros/kilted/share/rmw_implementation_cmake/cmake)
-- Found rmw_fastrtps_cpp: 9.3.3 (/opt/ros/kilted/share/rmw_fastrtps_cpp/cmake)
-- Found OpenSSL: /usr/lib/x86_64-linux-gnu/libcrypto.so (found version "3.0.13")  
-- Using RMW implementation 'rmw_fastrtps_cpp' as default
-- Found geometry_msgs: 5.5.1 (/opt/ros/kilted/share/geometry_msgs/cmake)
-- Found sensor_msgs: 5.5.1 (/opt/ros/kilted/share/sensor_msgs/cmake)
-- Found nav_msgs: 5.5.1 (/opt/ros/kilted/share/nav_msgs/cmake)
-- Found tf2_ros: 0.41.2 (/opt/ros/kilted/share/tf2_ros/cmake)
-- Found ament_lint_auto: 0.19.2 (/opt/ros/kilted/share/ament_lint_auto/cmake)
-- Added test 'cppcheck' to perform static code analysis on C / C++ code
-- Configured cppcheck include dirs: $<BUILD_INTERFACE:/home/studamr/ros2_ws_exer01/src/fake_robot/include>
-- Configured cppcheck exclude dirs and/or files: 
-- Added test 'flake8' to check Python code syntax and style conventions
-- Configured 'flake8' exclude dirs and/or files: 
-- Added test 'lint_cmake' to check CMake code style
-- Added test 'pep257' to check Python code against some of the docstring style conventions in PEP 257
-- Added test 'uncrustify' to check C / C++ code style
-- Configured uncrustify additional arguments: 
-- Added test 'xmllint' to check XML markup files
-- Configuring done (2.1s)
-- Generating done (0.0s)
-- Build files have been written to: /home/studamr/ros2_ws_exer01/src/build/fake_robot
[ 50%] [32mBuilding CXX object CMakeFiles/fake_robot.dir/src/fake_robot.cpp.o[0m
[100%] [32m[1mLinking CXX executable fake_robot[0m
[100%] Built target fake_robot
-- Install configuration: ""
-- Installing: /home/studamr/ros2_ws_exer01/src/install/fake_robot/lib/fake_robot/fake_robot
-- Set non-toolchain portion of runtime path of "/home/studamr/ros2_ws_exer01/src/install/fake_robot/lib/fake_robot/fake_robot" to ""
-- Installing: /home/studamr/ros2_ws_exer01/src/install/fake_robot/share/fake_robot/launch
-- Installing: /home/studamr/ros2_ws_exer01/src/install/fake_robot/share/fake_robot/launch/fake_robot.launch.py
-- Installing: /home/studamr/ros2_ws_exer01/src/install/fake_robot/share/fake_robot/data
-- Installing: /home/studamr/ros2_ws_exer01/src/install/fake_robot/share/fake_robot/data/landmarks.csv
-- Installing: /home/studamr/ros2_ws_exer01/src/install/fake_robot/share/ament_index/resource_index/package_run_dependencies/fake_robot
-- Installing: /home/studamr/ros2_ws_exer01/src/install/fake_robot/share/ament_index/resource_index/parent_prefix_path/fake_robot
-- Installing: /home/studamr/ros2_ws_exer01/src/install/fake_robot/share/fake_robot/environment/ament_prefix_path.sh
-- Installing: /home/studamr/ros2_ws_exer01/src/install/fake_robot/share/fake_robot/environment/ament_prefix_path.dsv
-- Installing: /home/studamr/ros2_ws_exer01/src/install/fake_robot/share/fake_robot/environment/path.sh
-- Installing: /home/studamr/ros2_ws_exer01/src/install/fake_robot/share/fake_robot/environment/path.dsv
-- Installing: /home/studamr/ros2_ws_exer01/src/install/fake_robot/share/fake_robot/local_setup.bash
-- Installing: /home/studamr/ros2_ws_exer01/src/install/fake_robot/share/fake_robot/local_setup.sh
-- Installing: /home/studamr/ros2_ws_exer01/src/install/fake_robot/share/fake_robot/local_setup.zsh
-- Installing: /home/studamr/ros2_ws_exer01/src/install/fake_robot/share/fake_robot/local_setup.dsv
-- Installing: /home/studamr/ros2_ws_exer01/src/install/fake_robot/share/fake_robot/package.dsv
-- Installing: /home/studamr/ros2_ws_exer01/src/install/fake_robot/share/ament_index/resource_index/packages/fake_robot
-- Installing: /home/studamr/ros2_ws_exer01/src/install/fake_robot/share/fake_robot/cmake/fake_robotConfig.cmake
-- Installing: /home/studamr/ros2_ws_exer01/src/install/fake_robot/share/fake_robot/cmake/fake_robotConfig-version.cmake
-- Installing: /home/studamr/ros2_ws_exer01/src/install/fake_robot/share/fake_robot/package.xml
