[0.062s] Invoking command in '/home/studamr/ros2_ws_exer01/build/kalman_positioning': CMAKE_PREFIX_PATH=${CMAKE_PREFIX_PATH}:/opt/ros/kilted DEBUGINFOD_URLS=https://debuginfod.ubuntu.com /usr/bin/cmake --build /home/studamr/ros2_ws_exer01/build/kalman_positioning -- -j4 -l4
[0.389s] [ 25%] [32mBuilding CXX object CMakeFiles/positioning_node.dir/src/positioning_node.cpp.o[0m
[23.134s] [ 50%] [32m[1mLinking CXX executable positioning_node[0m
[46.767s] [100%] Built target positioning_node
[46.807s] Invoked command in '/home/studamr/ros2_ws_exer01/build/kalman_positioning' returned '0': CMAKE_PREFIX_PATH=${CMAKE_PREFIX_PATH}:/opt/ros/kilted DEBUGINFOD_URLS=https://debuginfod.ubuntu.com /usr/bin/cmake --build /home/studamr/ros2_ws_exer01/build/kalman_positioning -- -j4 -l4
[46.810s] Invoking command in '/home/studamr/ros2_ws_exer01/build/kalman_positioning': CMAKE_PREFIX_PATH=${CMAKE_PREFIX_PATH}:/opt/ros/kilted DEBUGINFOD_URLS=https://debuginfod.ubuntu.com /usr/bin/cmake --install /home/studamr/ros2_ws_exer01/build/kalman_positioning
[46.824s] -- Install configuration: ""
[46.824s] -- Installing: /home/studamr/ros2_ws_exer01/install/kalman_positioning/lib/kalman_positioning/positioning_node
[46.858s] -- Set non-toolchain portion of runtime path of "/home/studamr/ros2_ws_exer01/install/kalman_positioning/lib/kalman_positioning/positioning_node" to ""
[46.860s] -- Up-to-date: /home/studamr/ros2_ws_exer01/install/kalman_positioning/include
[46.860s] -- Up-to-date: /home/studamr/ros2_ws_exer01/install/kalman_positioning/include/kalman_positioning
[46.860s] -- Up-to-date: /home/studamr/ros2_ws_exer01/install/kalman_positioning/include/kalman_positioning/ukf.hpp
[46.860s] -- Up-to-date: /home/studamr/ros2_ws_exer01/install/kalman_positioning/include/kalman_positioning/landmark_manager.hpp
[46.860s] -- Up-to-date: /home/studamr/ros2_ws_exer01/install/kalman_positioning/share/kalman_positioning/launch
[46.860s] -- Up-to-date: /home/studamr/ros2_ws_exer01/install/kalman_positioning/share/kalman_positioning/launch/positioning.launch.py
[46.861s] -- Up-to-date: /home/studamr/ros2_ws_exer01/install/kalman_positioning/share/kalman_positioning/data
[46.861s] -- Up-to-date: /home/studamr/ros2_ws_exer01/install/kalman_positioning/share/kalman_positioning/data/landmarks.csv
[46.861s] -- Up-to-date: /home/studamr/ros2_ws_exer01/install/kalman_positioning/share/ament_index/resource_index/package_run_dependencies/kalman_positioning
[46.861s] -- Up-to-date: /home/studamr/ros2_ws_exer01/install/kalman_positioning/share/ament_index/resource_index/parent_prefix_path/kalman_positioning
[46.861s] -- Up-to-date: /home/studamr/ros2_ws_exer01/install/kalman_positioning/share/kalman_positioning/environment/ament_prefix_path.sh
[46.861s] -- Up-to-date: /home/studamr/ros2_ws_exer01/install/kalman_positioning/share/kalman_positioning/environment/ament_prefix_path.dsv
[46.861s] -- Up-to-date: /home/studamr/ros2_ws_exer01/install/kalman_positioning/share/kalman_positioning/environment/path.sh
[46.861s] -- Up-to-date: /home/studamr/ros2_ws_exer01/install/kalman_positioning/share/kalman_positioning/environment/path.dsv
[46.861s] -- Up-to-date: /home/studamr/ros2_ws_exer01/install/kalman_positioning/share/kalman_positioning/local_setup.bash
[46.861s] -- Up-to-date: /home/studamr/ros2_ws_exer01/install/kalman_positioning/share/kalman_positioning/local_setup.sh
[46.862s] -- Up-to-date: /home/studamr/ros2_ws_exer01/install/kalman_positioning/share/kalman_positioning/local_setup.zsh
[46.862s] -- Up-to-date: /home/studamr/ros2_ws_exer01/install/kalman_positioning/share/kalman_positioning/local_setup.dsv
[46.863s] -- Installing: /home/studamr/ros2_ws_exer01/install/kalman_positioning/share/kalman_positioning/package.dsv
[46.863s] -- Up-to-date: /home/studamr/ros2_ws_exer01/install/kalman_positioning/share/ament_index/resource_index/packages/kalman_positioning
[46.863s] -- Up-to-date: /home/studamr/ros2_ws_exer01/install/kalman_positioning/share/kalman_positioning/cmake/kalman_positioningConfig.cmake
[46.863s] -- Up-to-date: /home/studamr/ros2_ws_exer01/install/kalman_positioning/share/kalman_positioning/cmake/kalman_positioningConfig-version.cmake
[46.863s] -- Up-to-date: /home/studamr/ros2_ws_exer01/install/kalman_positioning/share/kalman_positioning/package.xml
[46.871s] Invoked command in '/home/studamr/ros2_ws_exer01/build/kalman_positioning' returned '0': CMAKE_PREFIX_PATH=${CMAKE_PREFIX_PATH}:/opt/ros/kilted DEBUGINFOD_URLS=https://debuginfod.ubuntu.com /usr/bin/cmake --install /home/studamr/ros2_ws_exer01/build/kalman_positioning
