[0.105s] Invoking command in '/home/studamr/ros2_ws_exer01/build/fake_robot': CMAKE_PREFIX_PATH=${CMAKE_PREFIX_PATH}:/opt/ros/kilted DEBUGINFOD_URLS=https://debuginfod.ubuntu.com /usr/bin/cmake --build /home/studamr/ros2_ws_exer01/build/fake_robot -- -j4 -l4
[0.629s] [100%] Built target fake_robot
[0.731s] Invoked command in '/home/studamr/ros2_ws_exer01/build/fake_robot' returned '0': CMAKE_PREFIX_PATH=${CMAKE_PREFIX_PATH}:/opt/ros/kilted DEBUGINFOD_URLS=https://debuginfod.ubuntu.com /usr/bin/cmake --build /home/studamr/ros2_ws_exer01/build/fake_robot -- -j4 -l4
[0.776s] Invoking command in '/home/studamr/ros2_ws_exer01/build/fake_robot': CMAKE_PREFIX_PATH=${CMAKE_PREFIX_PATH}:/opt/ros/kilted DEBUGINFOD_URLS=https://debuginfod.ubuntu.com /usr/bin/cmake --install /home/studamr/ros2_ws_exer01/build/fake_robot
[0.843s] -- Install configuration: ""
[0.856s] -- Up-to-date: /home/studamr/ros2_ws_exer01/install/fake_robot/lib/fake_robot/fake_robot
[0.858s] -- Up-to-date: /home/studamr/ros2_ws_exer01/install/fake_robot/share/fake_robot/launch
[0.861s] -- Up-to-date: /home/studamr/ros2_ws_exer01/install/fake_robot/share/fake_robot/launch/fake_robot.launch.py
[0.869s] -- Up-to-date: /home/studamr/ros2_ws_exer01/install/fake_robot/share/fake_robot/data
[0.871s] -- Up-to-date: /home/studamr/ros2_ws_exer01/install/fake_robot/share/fake_robot/data/landmarks.csv
[0.872s] -- Up-to-date: /home/studamr/ros2_ws_exer01/install/fake_robot/share/ament_index/resource_index/package_run_dependencies/fake_robot
[0.872s] -- Up-to-date: /home/studamr/ros2_ws_exer01/install/fake_robot/share/ament_index/resource_index/parent_prefix_path/fake_robot
[0.872s] -- Up-to-date: /home/studamr/ros2_ws_exer01/install/fake_robot/share/fake_robot/environment/ament_prefix_path.sh
[0.874s] -- Up-to-date: /home/studamr/ros2_ws_exer01/install/fake_robot/share/fake_robot/environment/ament_prefix_path.dsv
[0.875s] -- Up-to-date: /home/studamr/ros2_ws_exer01/install/fake_robot/share/fake_robot/environment/path.sh
[0.875s] -- Up-to-date: /home/studamr/ros2_ws_exer01/install/fake_robot/share/fake_robot/environment/path.dsv
[0.876s] -- Up-to-date: /home/studamr/ros2_ws_exer01/install/fake_robot/share/fake_robot/local_setup.bash
[0.876s] -- Up-to-date: /home/studamr/ros2_ws_exer01/install/fake_robot/share/fake_robot/local_setup.sh
[0.876s] -- Up-to-date: /home/studamr/ros2_ws_exer01/install/fake_robot/share/fake_robot/local_setup.zsh
[0.876s] -- Up-to-date: /home/studamr/ros2_ws_exer01/install/fake_robot/share/fake_robot/local_setup.dsv
[0.879s] -- Installing: /home/studamr/ros2_ws_exer01/install/fake_robot/share/fake_robot/package.dsv
[0.881s] -- Up-to-date: /home/studamr/ros2_ws_exer01/install/fake_robot/share/ament_index/resource_index/packages/fake_robot
[0.882s] -- Up-to-date: /home/studamr/ros2_ws_exer01/install/fake_robot/share/fake_robot/cmake/fake_robotConfig.cmake
[0.882s] -- Up-to-date: /home/studamr/ros2_ws_exer01/install/fake_robot/share/fake_robot/cmake/fake_robotConfig-version.cmake
[0.882s] -- Up-to-date: /home/studamr/ros2_ws_exer01/install/fake_robot/share/fake_robot/package.xml
[0.895s] Invoked command in '/home/studamr/ros2_ws_exer01/build/fake_robot' returned '0': CMAKE_PREFIX_PATH=${CMAKE_PREFIX_PATH}:/opt/ros/kilted DEBUGINFOD_URLS=https://debuginfod.ubuntu.com /usr/bin/cmake --install /home/studamr/ros2_ws_exer01/build/fake_robot
