[0mCMake Deprecation Warning at /opt/ros/kilted/share/ament_cmake_target_dependencies/cmake/ament_target_dependencies.cmake:87 (message):
  ament_target_dependencies() is deprecated.  Use target_link_libraries()
  with modern CMake targets instead.  Try replacing this call with:

    target_link_libraries(positioning_node PUBLIC
      ${geometry_msgs_TARGETS}
      ${nav_msgs_TARGETS}
      ${sensor_msgs_TARGETS}
      rclcpp::rclcpp
      sensor_msgs::sensor_msgs_library
      tf2::tf2
      tf2_geometry_msgs::tf2_geometry_msgs
    )

Call Stack (most recent call first):
  CMakeLists.txt:34 (ament_target_dependencies)

[0m
[31mCMake Error at cmake_install.cmake:78 (file):
  file INSTALL cannot find
  "/home/studamr/ros2_ws_exer01/src/kalman_positioning/landmarks.csv": No
  such file or directory.

[0m
