-- The C compiler identification is GNU 13.3.0
-- The CXX compiler identification is GNU 13.3.0
-- Detecting C compiler ABI info
-- Detecting C compiler ABI info - done
-- Check for working C compiler: /usr/bin/cc - skipped
-- Detecting C compile features
-- Detecting C compile features - done
-- Detecting CXX compiler ABI info
-- Detecting CXX compiler ABI info - done
-- Check for working CXX compiler: /usr/bin/c++ - skipped
-- Detecting CXX compile features
-- Detecting CXX compile features - done
-- Found ament_cmake: 2.7.3 (/opt/ros/kilted/share/ament_cmake/cmake)
-- Found Python3: /usr/bin/python3 (found version "3.12.3") found components: Interpreter 
-- Found rclcpp: 29.5.3 (/opt/ros/kilted/share/rclcpp/cmake)
-- Found rosidl_generator_c: 4.9.5 (/opt/ros/kilted/share/rosidl_generator_c/cmake)
-- Found rosidl_generator_cpp: 4.9.5 (/opt/ros/kilted/share/rosidl_generator_cpp/cmake)
-- Using all available rosidl_typesupport_c: rosidl_typesupport_fastrtps_c;rosidl_typesupport_introspection_c
-- Using all available rosidl_typesupport_cpp: rosidl_typesupport_fastrtps_cpp;rosidl_typesupport_introspection_cpp
-- Found rmw_implementation_cmake: 7.8.2 (/opt/ros/kilted/share/rmw_implementation_cmake/cmake)
-- Found rmw_fastrtps_cpp: 9.3.3 (/opt/ros/kilted/share/rmw_fastrtps_cpp/cmake)
-- Found OpenSSL: /usr/lib/x86_64-linux-gnu/libcrypto.so (found version "3.0.13")  
-- Using RMW implementation 'rmw_fastrtps_cpp' as default
-- Found nav_msgs: 5.5.1 (/opt/ros/kilted/share/nav_msgs/cmake)
-- Found sensor_msgs: 5.5.1 (/opt/ros/kilted/share/sensor_msgs/cmake)
-- Found tf2: 0.41.2 (/opt/ros/kilted/share/tf2/cmake)
-- Found tf2_geometry_msgs: 0.41.2 (/opt/ros/kilted/share/tf2_geometry_msgs/cmake)
-- Found eigen3_cmake_module: 0.4.0 (/opt/ros/kilted/share/eigen3_cmake_module/cmake)
-- Found Eigen3: TRUE (found version "3.4.0") 
-- Ensuring Eigen3 include directory is part of orocos-kdl CMake target
[0mCMake Deprecation Warning at /opt/ros/kilted/share/ament_cmake_target_dependencies/cmake/ament_target_dependencies.cmake:87 (message):
  ament_target_dependencies() is deprecated.  Use target_link_libraries()
  with modern CMake targets instead.  Try replacing this call with:

    target_link_libraries(positioning_node PUBLIC
      ${geometry_msgs_TARGETS}
      ${nav_msgs_TARGETS}
      ${sensor_msgs_TARGETS}
      rclcpp::rclcpp
      sensor_msgs::sensor_msgs_library
      tf2::tf2
      tf2_geometry_msgs::tf2_geometry_msgs
    )

Call Stack (most recent call first):
  CMakeLists.txt:34 (ament_target_dependencies)

[0m
-- Found ament_lint_auto: 0.19.2 (/opt/ros/kilted/share/ament_lint_auto/cmake)
-- Added test 'cppcheck' to perform static code analysis on C / C++ code
-- Configured cppcheck include dirs: /home/studamr/ros2_ws_exer01/src/kalman_positioning/include
-- Configured cppcheck exclude dirs and/or files: 
-- Added test 'flake8' to check Python code syntax and style conventions
-- Configured 'flake8' exclude dirs and/or files: 
-- Added test 'lint_cmake' to check CMake code style
-- Added test 'pep257' to check Python code against some of the docstring style conventions in PEP 257
-- Added test 'uncrustify' to check C / C++ code style
-- Configured uncrustify additional arguments: 
-- Added test 'xmllint' to check XML markup files
-- Configuring done (2.4s)
-- Generating done (0.4s)
-- Build files have been written to: /home/studamr/ros2_ws_exer01/src/kalman_positioning/build/kalman_positioning
[ 50%] [32mBuilding CXX object CMakeFiles/positioning_node.dir/src/positioning_node.cpp.o[0m
[100%] [32m[1mLinking CXX executable positioning_node[0m
[100%] Built target positioning_node
-- Install configuration: ""
-- Installing: /home/studamr/ros2_ws_exer01/src/kalman_positioning/install/kalman_positioning/lib/kalman_positioning/positioning_node
-- Set non-toolchain portion of runtime path of "/home/studamr/ros2_ws_exer01/src/kalman_positioning/install/kalman_positioning/lib/kalman_positioning/positioning_node" to ""
-- Installing: /home/studamr/ros2_ws_exer01/src/kalman_positioning/install/kalman_positioning/include
-- Installing: /home/studamr/ros2_ws_exer01/src/kalman_positioning/install/kalman_positioning/include/kalman_positioning
-- Installing: /home/studamr/ros2_ws_exer01/src/kalman_positioning/install/kalman_positioning/include/kalman_positioning/ukf.hpp
-- Installing: /home/studamr/ros2_ws_exer01/src/kalman_positioning/install/kalman_positioning/include/kalman_positioning/landmark_manager.hpp
-- Installing: /home/studamr/ros2_ws_exer01/src/kalman_positioning/install/kalman_positioning/share/kalman_positioning/launch
-- Installing: /home/studamr/ros2_ws_exer01/src/kalman_positioning/install/kalman_positioning/share/kalman_positioning/launch/positioning.launch.py
[31mCMake Error at cmake_install.cmake:78 (file):
  file INSTALL cannot find
  "/home/studamr/ros2_ws_exer01/src/kalman_positioning/landmarks.csv": No
  such file or directory.

[0m
