[0.030s] Invoking command in '/home/studamr/ros2_ws_exer01/src/kalman_positioning/build/kalman_positioning': CMAKE_PREFIX_PATH=${CMAKE_PREFIX_PATH}:/opt/ros/kilted DEBUGINFOD_URLS=https://debuginfod.ubuntu.com /usr/bin/cmake /home/studamr/ros2_ws_exer01/src/kalman_positioning -DCMAKE_INSTALL_PREFIX=/home/studamr/ros2_ws_exer01/src/kalman_positioning/install/kalman_positioning
[0.149s] -- The C compiler identification is GNU 13.3.0
[0.260s] -- The CXX compiler identification is GNU 13.3.0
[0.315s] -- Detecting C compiler ABI info
[0.493s] -- Detecting C compiler ABI info - done
[0.520s] -- Check for working C compiler: /usr/bin/cc - skipped
[0.520s] -- Detecting C compile features
[0.520s] -- Detecting C compile features - done
[0.548s] -- Detecting CXX compiler ABI info
[0.776s] -- Detecting CXX compiler ABI info - done
[0.789s] -- Check for working CXX compiler: /usr/bin/c++ - skipped
[0.789s] -- Detecting CXX compile features
[0.790s] -- Detecting CXX compile features - done
[0.794s] -- Found ament_cmake: 2.7.3 (/opt/ros/kilted/share/ament_cmake/cmake)
[1.059s] -- Found Python3: /usr/bin/python3 (found version "3.12.3") found components: Interpreter 
[1.241s] -- Found rclcpp: 29.5.3 (/opt/ros/kilted/share/rclcpp/cmake)
[1.285s] -- Found rosidl_generator_c: 4.9.5 (/opt/ros/kilted/share/rosidl_generator_c/cmake)
[1.303s] -- Found rosidl_generator_cpp: 4.9.5 (/opt/ros/kilted/share/rosidl_generator_cpp/cmake)
[1.324s] -- Using all available rosidl_typesupport_c: rosidl_typesupport_fastrtps_c;rosidl_typesupport_introspection_c
[1.350s] -- Using all available rosidl_typesupport_cpp: rosidl_typesupport_fastrtps_cpp;rosidl_typesupport_introspection_cpp
[1.474s] -- Found rmw_implementation_cmake: 7.8.2 (/opt/ros/kilted/share/rmw_implementation_cmake/cmake)
[1.481s] -- Found rmw_fastrtps_cpp: 9.3.3 (/opt/ros/kilted/share/rmw_fastrtps_cpp/cmake)
[1.698s] -- Found OpenSSL: /usr/lib/x86_64-linux-gnu/libcrypto.so (found version "3.0.13")  
[1.717s] -- Using RMW implementation 'rmw_fastrtps_cpp' as default
[1.830s] -- Found nav_msgs: 5.5.1 (/opt/ros/kilted/share/nav_msgs/cmake)
[1.909s] -- Found sensor_msgs: 5.5.1 (/opt/ros/kilted/share/sensor_msgs/cmake)
[1.934s] -- Found tf2: 0.41.2 (/opt/ros/kilted/share/tf2/cmake)
[1.945s] -- Found tf2_geometry_msgs: 0.41.2 (/opt/ros/kilted/share/tf2_geometry_msgs/cmake)
[1.966s] -- Found eigen3_cmake_module: 0.4.0 (/opt/ros/kilted/share/eigen3_cmake_module/cmake)
[1.968s] -- Found Eigen3: TRUE (found version "3.4.0") 
[1.968s] -- Ensuring Eigen3 include directory is part of orocos-kdl CMake target
[2.154s] [0mCMake Deprecation Warning at /opt/ros/kilted/share/ament_cmake_target_dependencies/cmake/ament_target_dependencies.cmake:87 (message):
[2.154s]   ament_target_dependencies() is deprecated.  Use target_link_libraries()
[2.154s]   with modern CMake targets instead.  Try replacing this call with:
[2.154s] 
[2.154s]     target_link_libraries(positioning_node PUBLIC
[2.154s]       ${geometry_msgs_TARGETS}
[2.154s]       ${nav_msgs_TARGETS}
[2.154s]       ${sensor_msgs_TARGETS}
[2.154s]       rclcpp::rclcpp
[2.155s]       sensor_msgs::sensor_msgs_library
[2.155s]       tf2::tf2
[2.155s]       tf2_geometry_msgs::tf2_geometry_msgs
[2.155s]     )
[2.155s] 
[2.155s] Call Stack (most recent call first):
[2.156s]   CMakeLists.txt:34 (ament_target_dependencies)
[2.156s] 
[2.156s] [0m
[2.160s] -- Found ament_lint_auto: 0.19.2 (/opt/ros/kilted/share/ament_lint_auto/cmake)
[2.371s] -- Added test 'cppcheck' to perform static code analysis on C / C++ code
[2.371s] -- Configured cppcheck include dirs: /home/studamr/ros2_ws_exer01/src/kalman_positioning/include
[2.371s] -- Configured cppcheck exclude dirs and/or files: 
[2.375s] -- Added test 'flake8' to check Python code syntax and style conventions
[2.375s] -- Configured 'flake8' exclude dirs and/or files: 
[2.393s] -- Added test 'lint_cmake' to check CMake code style
[2.393s] -- Added test 'pep257' to check Python code against some of the docstring style conventions in PEP 257
[2.402s] -- Added test 'uncrustify' to check C / C++ code style
[2.404s] -- Configured uncrustify additional arguments: 
[2.407s] -- Added test 'xmllint' to check XML markup files
[2.412s] -- Configuring done (2.4s)
[2.962s] -- Generating done (0.4s)
[2.990s] -- Build files have been written to: /home/studamr/ros2_ws_exer01/src/kalman_positioning/build/kalman_positioning
[3.029s] Invoked command in '/home/studamr/ros2_ws_exer01/src/kalman_positioning/build/kalman_positioning' returned '0': CMAKE_PREFIX_PATH=${CMAKE_PREFIX_PATH}:/opt/ros/kilted DEBUGINFOD_URLS=https://debuginfod.ubuntu.com /usr/bin/cmake /home/studamr/ros2_ws_exer01/src/kalman_positioning -DCMAKE_INSTALL_PREFIX=/home/studamr/ros2_ws_exer01/src/kalman_positioning/install/kalman_positioning
[3.032s] Invoking command in '/home/studamr/ros2_ws_exer01/src/kalman_positioning/build/kalman_positioning': CMAKE_PREFIX_PATH=${CMAKE_PREFIX_PATH}:/opt/ros/kilted DEBUGINFOD_URLS=https://debuginfod.ubuntu.com /usr/bin/cmake --build /home/studamr/ros2_ws_exer01/src/kalman_positioning/build/kalman_positioning -- -j4 -l4
[3.200s] [ 50%] [32mBuilding CXX object CMakeFiles/positioning_node.dir/src/positioning_node.cpp.o[0m
[20.715s] [100%] [32m[1mLinking CXX executable positioning_node[0m
[42.404s] [100%] Built target positioning_node
[42.440s] Invoked command in '/home/studamr/ros2_ws_exer01/src/kalman_positioning/build/kalman_positioning' returned '0': CMAKE_PREFIX_PATH=${CMAKE_PREFIX_PATH}:/opt/ros/kilted DEBUGINFOD_URLS=https://debuginfod.ubuntu.com /usr/bin/cmake --build /home/studamr/ros2_ws_exer01/src/kalman_positioning/build/kalman_positioning -- -j4 -l4
[42.472s] Invoking command in '/home/studamr/ros2_ws_exer01/src/kalman_positioning/build/kalman_positioning': CMAKE_PREFIX_PATH=${CMAKE_PREFIX_PATH}:/opt/ros/kilted DEBUGINFOD_URLS=https://debuginfod.ubuntu.com /usr/bin/cmake --install /home/studamr/ros2_ws_exer01/src/kalman_positioning/build/kalman_positioning
[42.496s] -- Install configuration: ""
[42.497s] -- Installing: /home/studamr/ros2_ws_exer01/src/kalman_positioning/install/kalman_positioning/lib/kalman_positioning/positioning_node
[42.535s] -- Set non-toolchain portion of runtime path of "/home/studamr/ros2_ws_exer01/src/kalman_positioning/install/kalman_positioning/lib/kalman_positioning/positioning_node" to ""
[42.535s] -- Installing: /home/studamr/ros2_ws_exer01/src/kalman_positioning/install/kalman_positioning/include
[42.536s] -- Installing: /home/studamr/ros2_ws_exer01/src/kalman_positioning/install/kalman_positioning/include/kalman_positioning
[42.536s] -- Installing: /home/studamr/ros2_ws_exer01/src/kalman_positioning/install/kalman_positioning/include/kalman_positioning/ukf.hpp
[42.536s] -- Installing: /home/studamr/ros2_ws_exer01/src/kalman_positioning/install/kalman_positioning/include/kalman_positioning/landmark_manager.hpp
[42.536s] -- Installing: /home/studamr/ros2_ws_exer01/src/kalman_positioning/install/kalman_positioning/share/kalman_positioning/launch
[42.537s] -- Installing: /home/studamr/ros2_ws_exer01/src/kalman_positioning/install/kalman_positioning/share/kalman_positioning/launch/positioning.launch.py
[42.537s] [31mCMake Error at cmake_install.cmake:78 (file):
[42.537s]   file INSTALL cannot find
[42.537s]   "/home/studamr/ros2_ws_exer01/src/kalman_positioning/landmarks.csv": No
[42.537s]   such file or directory.
[42.537s] 
[42.537s] [0m
[42.546s] Invoked command in '/home/studamr/ros2_ws_exer01/src/kalman_positioning/build/kalman_positioning' returned '1': CMAKE_PREFIX_PATH=${CMAKE_PREFIX_PATH}:/opt/ros/kilted DEBUGINFOD_URLS=https://debuginfod.ubuntu.com /usr/bin/cmake --install /home/studamr/ros2_ws_exer01/src/kalman_positioning/build/kalman_positioning
