[0.057s] Invoking command in '/home/studamr/ros2_ws_exer01/src/build/kalman_positioning': CMAKE_PREFIX_PATH=${CMAKE_PREFIX_PATH}:/opt/ros/kilted DEBUGINFOD_URLS=https://debuginfod.ubuntu.com /usr/bin/cmake --build /home/studamr/ros2_ws_exer01/src/build/kalman_positioning -- -j4 -l4
[0.277s] [100%] Built target positioning_node
[0.409s] Invoked command in '/home/studamr/ros2_ws_exer01/src/build/kalman_positioning' returned '0': CMAKE_PREFIX_PATH=${CMAKE_PREFIX_PATH}:/opt/ros/kilted DEBUGINFOD_URLS=https://debuginfod.ubuntu.com /usr/bin/cmake --build /home/studamr/ros2_ws_exer01/src/build/kalman_positioning -- -j4 -l4
[0.409s] Invoking command in '/home/studamr/ros2_ws_exer01/src/build/kalman_positioning': CMAKE_PREFIX_PATH=${CMAKE_PREFIX_PATH}:/opt/ros/kilted DEBUGINFOD_URLS=https://debuginfod.ubuntu.com /usr/bin/cmake --install /home/studamr/ros2_ws_exer01/src/build/kalman_positioning
[0.427s] -- Install configuration: ""
[0.428s] -- Up-to-date: /home/studamr/ros2_ws_exer01/src/install/kalman_positioning/lib/kalman_positioning/positioning_node
[0.430s] -- Up-to-date: /home/studamr/ros2_ws_exer01/src/install/kalman_positioning/include
[0.431s] -- Up-to-date: /home/studamr/ros2_ws_exer01/src/install/kalman_positioning/include/kalman_positioning
[0.432s] -- Up-to-date: /home/studamr/ros2_ws_exer01/src/install/kalman_positioning/include/kalman_positioning/ukf.hpp
[0.433s] -- Up-to-date: /home/studamr/ros2_ws_exer01/src/install/kalman_positioning/include/kalman_positioning/landmark_manager.hpp
[0.433s] -- Up-to-date: /home/studamr/ros2_ws_exer01/src/install/kalman_positioning/share/kalman_positioning/launch
[0.433s] -- Up-to-date: /home/studamr/ros2_ws_exer01/src/install/kalman_positioning/share/kalman_positioning/launch/positioning.launch.py
[0.440s] -- Installing: /home/studamr/ros2_ws_exer01/src/install/kalman_positioning/share/kalman_positioning/landmarks.csv
[0.444s] -- Installing: /home/studamr/ros2_ws_exer01/src/install/kalman_positioning/share/ament_index/resource_index/package_run_dependencies/kalman_positioning
[0.444s] -- Installing: /home/studamr/ros2_ws_exer01/src/install/kalman_positioning/share/ament_index/resource_index/parent_prefix_path/kalman_positioning
[0.444s] -- Installing: /home/studamr/ros2_ws_exer01/src/install/kalman_positioning/share/kalman_positioning/environment/ament_prefix_path.sh
[0.444s] -- Installing: /home/studamr/ros2_ws_exer01/src/install/kalman_positioning/share/kalman_positioning/environment/ament_prefix_path.dsv
[0.444s] -- Installing: /home/studamr/ros2_ws_exer01/src/install/kalman_positioning/share/kalman_positioning/environment/path.sh
[0.448s] -- Installing: /home/studamr/ros2_ws_exer01/src/install/kalman_positioning/share/kalman_positioning/environment/path.dsv
[0.449s] -- Installing: /home/studamr/ros2_ws_exer01/src/install/kalman_positioning/share/kalman_positioning/local_setup.bash
[0.451s] -- Installing: /home/studamr/ros2_ws_exer01/src/install/kalman_positioning/share/kalman_positioning/local_setup.sh
[0.451s] -- Installing: /home/studamr/ros2_ws_exer01/src/install/kalman_positioning/share/kalman_positioning/local_setup.zsh
[0.452s] -- Installing: /home/studamr/ros2_ws_exer01/src/install/kalman_positioning/share/kalman_positioning/local_setup.dsv
[0.452s] -- Installing: /home/studamr/ros2_ws_exer01/src/install/kalman_positioning/share/kalman_positioning/package.dsv
[0.452s] -- Installing: /home/studamr/ros2_ws_exer01/src/install/kalman_positioning/share/ament_index/resource_index/packages/kalman_positioning
[0.456s] -- Installing: /home/studamr/ros2_ws_exer01/src/install/kalman_positioning/share/kalman_positioning/cmake/kalman_positioningConfig.cmake
[0.456s] -- Installing: /home/studamr/ros2_ws_exer01/src/install/kalman_positioning/share/kalman_positioning/cmake/kalman_positioningConfig-version.cmake
[0.457s] -- Installing: /home/studamr/ros2_ws_exer01/src/install/kalman_positioning/share/kalman_positioning/package.xml
[0.471s] Invoked command in '/home/studamr/ros2_ws_exer01/src/build/kalman_positioning' returned '0': CMAKE_PREFIX_PATH=${CMAKE_PREFIX_PATH}:/opt/ros/kilted DEBUGINFOD_URLS=https://debuginfod.ubuntu.com /usr/bin/cmake --install /home/studamr/ros2_ws_exer01/src/build/kalman_positioning
