[0.114s] DEBUG:colcon:Command line arguments: ['/usr/bin/colcon', 'build']
[0.114s] DEBUG:colcon:Parsed command line arguments: Namespace(log_base=None, log_level=None, verb_name='build', build_base='build', install_base='install', merge_install=False, symlink_install=False, test_result_base=None, continue_on_error=False, executor='parallel', parallel_workers=4, event_handlers=None, ignore_user_meta=False, metas=['./colcon.meta'], base_paths=['.'], packages_ignore=None, packages_ignore_regex=None, paths=None, packages_up_to=None, packages_up_to_regex=None, packages_above=None, packages_above_and_dependencies=None, packages_above_depth=None, packages_select_by_dep=None, packages_skip_by_dep=None, packages_skip_up_to=None, packages_select_build_failed=False, packages_skip_build_finished=False, packages_select_test_failures=False, packages_skip_test_passed=False, packages_select=None, packages_skip=None, packages_select_regex=None, packages_skip_regex=None, packages_start=None, packages_end=None, allow_overriding=[], cmake_args=None, cmake_target=None, cmake_target_skip_unavailable=False, cmake_clean_cache=False, cmake_clean_first=False, cmake_force_configure=False, ament_cmake_args=None, catkin_cmake_args=None, catkin_skip_building_tests=False, mixin_files=None, mixin=None, verb_parser=<colcon_mixin.mixin.mixin_argument.MixinArgumentDecorator object at 0x71b36317fe30>, verb_extension=<colcon_core.verb.build.BuildVerb object at 0x71b36317e930>, main=<bound method BuildVerb.main of <colcon_core.verb.build.BuildVerb object at 0x71b36317e930>>, mixin_verb=('build',))
[0.161s] Level 1:colcon.colcon_core.package_discovery:discover_packages(colcon_meta) check parameters
[0.162s] Level 1:colcon.colcon_core.package_discovery:discover_packages(recursive) check parameters
[0.162s] Level 1:colcon.colcon_core.package_discovery:discover_packages(ignore) check parameters
[0.162s] Level 1:colcon.colcon_core.package_discovery:discover_packages(path) check parameters
[0.162s] Level 1:colcon.colcon_core.package_discovery:discover_packages(colcon_meta) discover
[0.162s] Level 1:colcon.colcon_core.package_discovery:discover_packages(recursive) discover
[0.162s] INFO:colcon.colcon_core.package_discovery:Crawling recursively for packages in '/home/studamr/ros2_ws_exer01/src'
[0.162s] Level 1:colcon.colcon_core.package_identification:_identify(.) by extensions ['ignore', 'ignore_ament_install']
[0.162s] Level 1:colcon.colcon_core.package_identification:_identify(.) by extension 'ignore'
[0.162s] Level 1:colcon.colcon_core.package_identification:_identify(.) by extension 'ignore_ament_install'
[0.162s] Level 1:colcon.colcon_core.package_identification:_identify(.) by extensions ['colcon_pkg']
[0.162s] Level 1:colcon.colcon_core.package_identification:_identify(.) by extension 'colcon_pkg'
[0.162s] Level 1:colcon.colcon_core.package_identification:_identify(.) by extensions ['colcon_meta']
[0.162s] Level 1:colcon.colcon_core.package_identification:_identify(.) by extension 'colcon_meta'
[0.162s] Level 1:colcon.colcon_core.package_identification:_identify(.) by extensions ['ros']
[0.162s] Level 1:colcon.colcon_core.package_identification:_identify(.) by extension 'ros'
[0.194s] Level 1:colcon.colcon_core.package_identification:_identify(.) by extensions ['cmake', 'python']
[0.194s] Level 1:colcon.colcon_core.package_identification:_identify(.) by extension 'cmake'
[0.194s] Level 1:colcon.colcon_core.package_identification:_identify(.) by extension 'python'
[0.194s] Level 1:colcon.colcon_core.package_identification:_identify(.) by extensions ['python_setup_py']
[0.194s] Level 1:colcon.colcon_core.package_identification:_identify(.) by extension 'python_setup_py'
[0.194s] Level 1:colcon.colcon_core.package_identification:_identify(build) by extensions ['ignore', 'ignore_ament_install']
[0.194s] Level 1:colcon.colcon_core.package_identification:_identify(build) by extension 'ignore'
[0.194s] Level 1:colcon.colcon_core.package_identification:_identify(build) ignored
[0.194s] Level 1:colcon.colcon_core.package_identification:_identify(fake_robot) by extensions ['ignore', 'ignore_ament_install']
[0.194s] Level 1:colcon.colcon_core.package_identification:_identify(fake_robot) by extension 'ignore'
[0.194s] Level 1:colcon.colcon_core.package_identification:_identify(fake_robot) by extension 'ignore_ament_install'
[0.194s] Level 1:colcon.colcon_core.package_identification:_identify(fake_robot) by extensions ['colcon_pkg']
[0.194s] Level 1:colcon.colcon_core.package_identification:_identify(fake_robot) by extension 'colcon_pkg'
[0.195s] Level 1:colcon.colcon_core.package_identification:_identify(fake_robot) by extensions ['colcon_meta']
[0.195s] Level 1:colcon.colcon_core.package_identification:_identify(fake_robot) by extension 'colcon_meta'
[0.195s] Level 1:colcon.colcon_core.package_identification:_identify(fake_robot) by extensions ['ros']
[0.195s] Level 1:colcon.colcon_core.package_identification:_identify(fake_robot) by extension 'ros'
[0.197s] DEBUG:colcon.colcon_core.package_identification:Package 'fake_robot' with type 'ros.ament_cmake' and name 'fake_robot'
[0.198s] Level 1:colcon.colcon_core.package_identification:_identify(install) by extensions ['ignore', 'ignore_ament_install']
[0.198s] Level 1:colcon.colcon_core.package_identification:_identify(install) by extension 'ignore'
[0.198s] Level 1:colcon.colcon_core.package_identification:_identify(install) ignored
[0.198s] Level 1:colcon.colcon_core.package_identification:_identify(kalman_positioning) by extensions ['ignore', 'ignore_ament_install']
[0.198s] Level 1:colcon.colcon_core.package_identification:_identify(kalman_positioning) by extension 'ignore'
[0.198s] Level 1:colcon.colcon_core.package_identification:_identify(kalman_positioning) by extension 'ignore_ament_install'
[0.198s] Level 1:colcon.colcon_core.package_identification:_identify(kalman_positioning) by extensions ['colcon_pkg']
[0.198s] Level 1:colcon.colcon_core.package_identification:_identify(kalman_positioning) by extension 'colcon_pkg'
[0.198s] Level 1:colcon.colcon_core.package_identification:_identify(kalman_positioning) by extensions ['colcon_meta']
[0.198s] Level 1:colcon.colcon_core.package_identification:_identify(kalman_positioning) by extension 'colcon_meta'
[0.198s] Level 1:colcon.colcon_core.package_identification:_identify(kalman_positioning) by extensions ['ros']
[0.198s] Level 1:colcon.colcon_core.package_identification:_identify(kalman_positioning) by extension 'ros'
[0.200s] DEBUG:colcon.colcon_core.package_identification:Package 'kalman_positioning' with type 'ros.ament_cmake' and name 'kalman_positioning'
[0.200s] Level 1:colcon.colcon_core.package_identification:_identify(log) by extensions ['ignore', 'ignore_ament_install']
[0.200s] Level 1:colcon.colcon_core.package_identification:_identify(log) by extension 'ignore'
[0.200s] Level 1:colcon.colcon_core.package_identification:_identify(log) ignored
[0.200s] Level 1:colcon.colcon_core.package_discovery:discover_packages(recursive) using defaults
[0.200s] Level 1:colcon.colcon_core.package_discovery:discover_packages(ignore) discover
[0.200s] Level 1:colcon.colcon_core.package_discovery:discover_packages(ignore) using defaults
[0.200s] Level 1:colcon.colcon_core.package_discovery:discover_packages(path) discover
[0.200s] Level 1:colcon.colcon_core.package_discovery:discover_packages(path) using defaults
[0.222s] Level 1:colcon.colcon_core.package_discovery:discover_packages(prefix_path) check parameters
[0.222s] Level 1:colcon.colcon_core.package_discovery:discover_packages(prefix_path) discover
[0.224s] DEBUG:colcon.colcon_installed_package_information.package_discovery:Found 322 installed packages in /opt/ros/kilted
[0.226s] Level 1:colcon.colcon_core.package_discovery:discover_packages(prefix_path) using defaults
[0.271s] Level 5:colcon.colcon_core.verb:set package 'fake_robot' build argument 'cmake_args' from command line to 'None'
[0.271s] Level 5:colcon.colcon_core.verb:set package 'fake_robot' build argument 'cmake_target' from command line to 'None'
[0.271s] Level 5:colcon.colcon_core.verb:set package 'fake_robot' build argument 'cmake_target_skip_unavailable' from command line to 'False'
[0.271s] Level 5:colcon.colcon_core.verb:set package 'fake_robot' build argument 'cmake_clean_cache' from command line to 'False'
[0.271s] Level 5:colcon.colcon_core.verb:set package 'fake_robot' build argument 'cmake_clean_first' from command line to 'False'
[0.271s] Level 5:colcon.colcon_core.verb:set package 'fake_robot' build argument 'cmake_force_configure' from command line to 'False'
[0.271s] Level 5:colcon.colcon_core.verb:set package 'fake_robot' build argument 'ament_cmake_args' from command line to 'None'
[0.271s] Level 5:colcon.colcon_core.verb:set package 'fake_robot' build argument 'catkin_cmake_args' from command line to 'None'
[0.271s] Level 5:colcon.colcon_core.verb:set package 'fake_robot' build argument 'catkin_skip_building_tests' from command line to 'False'
[0.271s] DEBUG:colcon.colcon_core.verb:Building package 'fake_robot' with the following arguments: {'ament_cmake_args': None, 'build_base': '/home/studamr/ros2_ws_exer01/src/build/fake_robot', 'catkin_cmake_args': None, 'catkin_skip_building_tests': False, 'cmake_args': None, 'cmake_clean_cache': False, 'cmake_clean_first': False, 'cmake_force_configure': False, 'cmake_target': None, 'cmake_target_skip_unavailable': False, 'install_base': '/home/studamr/ros2_ws_exer01/src/install/fake_robot', 'merge_install': False, 'path': '/home/studamr/ros2_ws_exer01/src/fake_robot', 'symlink_install': False, 'test_result_base': None}
[0.271s] Level 5:colcon.colcon_core.verb:set package 'kalman_positioning' build argument 'cmake_args' from command line to 'None'
[0.271s] Level 5:colcon.colcon_core.verb:set package 'kalman_positioning' build argument 'cmake_target' from command line to 'None'
[0.271s] Level 5:colcon.colcon_core.verb:set package 'kalman_positioning' build argument 'cmake_target_skip_unavailable' from command line to 'False'
[0.271s] Level 5:colcon.colcon_core.verb:set package 'kalman_positioning' build argument 'cmake_clean_cache' from command line to 'False'
[0.271s] Level 5:colcon.colcon_core.verb:set package 'kalman_positioning' build argument 'cmake_clean_first' from command line to 'False'
[0.271s] Level 5:colcon.colcon_core.verb:set package 'kalman_positioning' build argument 'cmake_force_configure' from command line to 'False'
[0.271s] Level 5:colcon.colcon_core.verb:set package 'kalman_positioning' build argument 'ament_cmake_args' from command line to 'None'
[0.271s] Level 5:colcon.colcon_core.verb:set package 'kalman_positioning' build argument 'catkin_cmake_args' from command line to 'None'
[0.271s] Level 5:colcon.colcon_core.verb:set package 'kalman_positioning' build argument 'catkin_skip_building_tests' from command line to 'False'
[0.271s] DEBUG:colcon.colcon_core.verb:Building package 'kalman_positioning' with the following arguments: {'ament_cmake_args': None, 'build_base': '/home/studamr/ros2_ws_exer01/src/build/kalman_positioning', 'catkin_cmake_args': None, 'catkin_skip_building_tests': False, 'cmake_args': None, 'cmake_clean_cache': False, 'cmake_clean_first': False, 'cmake_force_configure': False, 'cmake_target': None, 'cmake_target_skip_unavailable': False, 'install_base': '/home/studamr/ros2_ws_exer01/src/install/kalman_positioning', 'merge_install': False, 'path': '/home/studamr/ros2_ws_exer01/src/kalman_positioning', 'symlink_install': False, 'test_result_base': None}
[0.272s] INFO:colcon.colcon_core.executor:Executing jobs using 'parallel' executor
[0.273s] DEBUG:colcon.colcon_parallel_executor.executor.parallel:run_until_complete
[0.274s] INFO:colcon.colcon_ros.task.ament_cmake.build:Building ROS package in '/home/studamr/ros2_ws_exer01/src/fake_robot' with build type 'ament_cmake'
[0.274s] INFO:colcon.colcon_cmake.task.cmake.build:Building CMake package in '/home/studamr/ros2_ws_exer01/src/fake_robot'
[0.277s] INFO:colcon.colcon_core.plugin_system:Skipping extension 'colcon_core.shell.bat': Not used on non-Windows systems
[0.278s] INFO:colcon.colcon_core.shell:Skip shell extension 'powershell' for command environment: Not usable outside of PowerShell
[0.278s] DEBUG:colcon.colcon_core.shell:Skip shell extension 'dsv' for command environment
[0.283s] INFO:colcon.colcon_ros.task.ament_cmake.build:Building ROS package in '/home/studamr/ros2_ws_exer01/src/kalman_positioning' with build type 'ament_cmake'
[0.283s] INFO:colcon.colcon_cmake.task.cmake.build:Building CMake package in '/home/studamr/ros2_ws_exer01/src/kalman_positioning'
[0.284s] INFO:colcon.colcon_core.shell:Skip shell extension 'powershell' for command environment: Not usable outside of PowerShell
[0.284s] DEBUG:colcon.colcon_core.shell:Skip shell extension 'dsv' for command environment
[0.295s] DEBUG:colcon.colcon_core.event_handler.log_command:Invoking command in '/home/studamr/ros2_ws_exer01/src/build/fake_robot': CMAKE_PREFIX_PATH=${CMAKE_PREFIX_PATH}:/opt/ros/kilted DEBUGINFOD_URLS=https://debuginfod.ubuntu.com /usr/bin/cmake /home/studamr/ros2_ws_exer01/src/fake_robot -DCMAKE_INSTALL_PREFIX=/home/studamr/ros2_ws_exer01/src/install/fake_robot
[0.308s] DEBUG:colcon.colcon_core.event_handler.log_command:Invoking command in '/home/studamr/ros2_ws_exer01/src/build/kalman_positioning': CMAKE_PREFIX_PATH=${CMAKE_PREFIX_PATH}:/opt/ros/kilted DEBUGINFOD_URLS=https://debuginfod.ubuntu.com /usr/bin/cmake /home/studamr/ros2_ws_exer01/src/kalman_positioning -DCMAKE_INSTALL_PREFIX=/home/studamr/ros2_ws_exer01/src/install/kalman_positioning
[2.466s] DEBUG:colcon.colcon_core.event_handler.log_command:Invoked command in '/home/studamr/ros2_ws_exer01/src/build/fake_robot' returned '0': CMAKE_PREFIX_PATH=${CMAKE_PREFIX_PATH}:/opt/ros/kilted DEBUGINFOD_URLS=https://debuginfod.ubuntu.com /usr/bin/cmake /home/studamr/ros2_ws_exer01/src/fake_robot -DCMAKE_INSTALL_PREFIX=/home/studamr/ros2_ws_exer01/src/install/fake_robot
[2.469s] DEBUG:colcon.colcon_core.event_handler.log_command:Invoking command in '/home/studamr/ros2_ws_exer01/src/build/fake_robot': CMAKE_PREFIX_PATH=${CMAKE_PREFIX_PATH}:/opt/ros/kilted DEBUGINFOD_URLS=https://debuginfod.ubuntu.com /usr/bin/cmake --build /home/studamr/ros2_ws_exer01/src/build/fake_robot -- -j4 -l4
[2.948s] DEBUG:colcon.colcon_core.event_handler.log_command:Invoked command in '/home/studamr/ros2_ws_exer01/src/build/kalman_positioning' returned '0': CMAKE_PREFIX_PATH=${CMAKE_PREFIX_PATH}:/opt/ros/kilted DEBUGINFOD_URLS=https://debuginfod.ubuntu.com /usr/bin/cmake /home/studamr/ros2_ws_exer01/src/kalman_positioning -DCMAKE_INSTALL_PREFIX=/home/studamr/ros2_ws_exer01/src/install/kalman_positioning
[2.950s] DEBUG:colcon.colcon_core.event_handler.log_command:Invoking command in '/home/studamr/ros2_ws_exer01/src/build/kalman_positioning': CMAKE_PREFIX_PATH=${CMAKE_PREFIX_PATH}:/opt/ros/kilted DEBUGINFOD_URLS=https://debuginfod.ubuntu.com /usr/bin/cmake --build /home/studamr/ros2_ws_exer01/src/build/kalman_positioning -- -j4 -l4
[13.191s] DEBUG:colcon.colcon_core.event_handler.log_command:Invoked command in '/home/studamr/ros2_ws_exer01/src/build/fake_robot' returned '0': CMAKE_PREFIX_PATH=${CMAKE_PREFIX_PATH}:/opt/ros/kilted DEBUGINFOD_URLS=https://debuginfod.ubuntu.com /usr/bin/cmake --build /home/studamr/ros2_ws_exer01/src/build/fake_robot -- -j4 -l4
[13.197s] DEBUG:colcon.colcon_core.event_handler.log_command:Invoking command in '/home/studamr/ros2_ws_exer01/src/build/fake_robot': CMAKE_PREFIX_PATH=${CMAKE_PREFIX_PATH}:/opt/ros/kilted DEBUGINFOD_URLS=https://debuginfod.ubuntu.com /usr/bin/cmake --install /home/studamr/ros2_ws_exer01/src/build/fake_robot
[13.225s] Level 1:colcon.colcon_core.environment:create_environment_scripts_only(fake_robot)
[13.226s] DEBUG:colcon.colcon_core.event_handler.log_command:Invoked command in '/home/studamr/ros2_ws_exer01/src/build/fake_robot' returned '0': CMAKE_PREFIX_PATH=${CMAKE_PREFIX_PATH}:/opt/ros/kilted DEBUGINFOD_URLS=https://debuginfod.ubuntu.com /usr/bin/cmake --install /home/studamr/ros2_ws_exer01/src/build/fake_robot
[13.229s] Level 1:colcon.colcon_core.environment:checking '/home/studamr/ros2_ws_exer01/src/install/fake_robot' for CMake module files
[13.230s] Level 1:colcon.colcon_core.environment:checking '/home/studamr/ros2_ws_exer01/src/install/fake_robot' for CMake config files
[13.230s] Level 1:colcon.colcon_core.shell:create_environment_hook('fake_robot', 'cmake_prefix_path')
[13.231s] INFO:colcon.colcon_core.shell:Creating environment hook '/home/studamr/ros2_ws_exer01/src/install/fake_robot/share/fake_robot/hook/cmake_prefix_path.ps1'
[13.232s] INFO:colcon.colcon_core.shell:Creating environment descriptor '/home/studamr/ros2_ws_exer01/src/install/fake_robot/share/fake_robot/hook/cmake_prefix_path.dsv'
[13.232s] INFO:colcon.colcon_core.shell:Creating environment hook '/home/studamr/ros2_ws_exer01/src/install/fake_robot/share/fake_robot/hook/cmake_prefix_path.sh'
[13.237s] Level 1:colcon.colcon_core.environment:checking '/home/studamr/ros2_ws_exer01/src/install/fake_robot/lib'
[13.237s] Level 1:colcon.colcon_core.environment:checking '/home/studamr/ros2_ws_exer01/src/install/fake_robot/bin'
[13.237s] Level 1:colcon.colcon_core.environment:checking '/home/studamr/ros2_ws_exer01/src/install/fake_robot/lib/pkgconfig/fake_robot.pc'
[13.237s] Level 1:colcon.colcon_core.environment:checking '/home/studamr/ros2_ws_exer01/src/install/fake_robot/lib/python3.12/site-packages'
[13.238s] Level 1:colcon.colcon_core.environment:checking '/home/studamr/ros2_ws_exer01/src/install/fake_robot/bin'
[13.238s] INFO:colcon.colcon_core.shell:Creating package script '/home/studamr/ros2_ws_exer01/src/install/fake_robot/share/fake_robot/package.ps1'
[13.239s] INFO:colcon.colcon_core.shell:Creating package descriptor '/home/studamr/ros2_ws_exer01/src/install/fake_robot/share/fake_robot/package.dsv'
[13.240s] INFO:colcon.colcon_core.shell:Creating package script '/home/studamr/ros2_ws_exer01/src/install/fake_robot/share/fake_robot/package.sh'
[13.240s] INFO:colcon.colcon_core.shell:Creating package script '/home/studamr/ros2_ws_exer01/src/install/fake_robot/share/fake_robot/package.bash'
[13.241s] INFO:colcon.colcon_core.shell:Creating package script '/home/studamr/ros2_ws_exer01/src/install/fake_robot/share/fake_robot/package.zsh'
[13.241s] Level 1:colcon.colcon_core.environment:create_file_with_runtime_dependencies(/home/studamr/ros2_ws_exer01/src/install/fake_robot/share/colcon-core/packages/fake_robot)
[13.242s] Level 1:colcon.colcon_core.environment:create_environment_scripts_only(fake_robot)
[13.242s] Level 1:colcon.colcon_core.environment:checking '/home/studamr/ros2_ws_exer01/src/install/fake_robot' for CMake module files
[13.243s] Level 1:colcon.colcon_core.environment:checking '/home/studamr/ros2_ws_exer01/src/install/fake_robot' for CMake config files
[13.243s] Level 1:colcon.colcon_core.shell:create_environment_hook('fake_robot', 'cmake_prefix_path')
[13.243s] INFO:colcon.colcon_core.shell:Creating environment hook '/home/studamr/ros2_ws_exer01/src/install/fake_robot/share/fake_robot/hook/cmake_prefix_path.ps1'
[13.244s] INFO:colcon.colcon_core.shell:Creating environment descriptor '/home/studamr/ros2_ws_exer01/src/install/fake_robot/share/fake_robot/hook/cmake_prefix_path.dsv'
[13.245s] INFO:colcon.colcon_core.shell:Creating environment hook '/home/studamr/ros2_ws_exer01/src/install/fake_robot/share/fake_robot/hook/cmake_prefix_path.sh'
[13.246s] Level 1:colcon.colcon_core.environment:checking '/home/studamr/ros2_ws_exer01/src/install/fake_robot/lib'
[13.246s] Level 1:colcon.colcon_core.environment:checking '/home/studamr/ros2_ws_exer01/src/install/fake_robot/bin'
[13.246s] Level 1:colcon.colcon_core.environment:checking '/home/studamr/ros2_ws_exer01/src/install/fake_robot/lib/pkgconfig/fake_robot.pc'
[13.247s] Level 1:colcon.colcon_core.environment:checking '/home/studamr/ros2_ws_exer01/src/install/fake_robot/lib/python3.12/site-packages'
[13.247s] Level 1:colcon.colcon_core.environment:checking '/home/studamr/ros2_ws_exer01/src/install/fake_robot/bin'
[13.247s] INFO:colcon.colcon_core.shell:Creating package script '/home/studamr/ros2_ws_exer01/src/install/fake_robot/share/fake_robot/package.ps1'
[13.248s] INFO:colcon.colcon_core.shell:Creating package descriptor '/home/studamr/ros2_ws_exer01/src/install/fake_robot/share/fake_robot/package.dsv'
[13.249s] INFO:colcon.colcon_core.shell:Creating package script '/home/studamr/ros2_ws_exer01/src/install/fake_robot/share/fake_robot/package.sh'
[13.250s] INFO:colcon.colcon_core.shell:Creating package script '/home/studamr/ros2_ws_exer01/src/install/fake_robot/share/fake_robot/package.bash'
[13.251s] INFO:colcon.colcon_core.shell:Creating package script '/home/studamr/ros2_ws_exer01/src/install/fake_robot/share/fake_robot/package.zsh'
[13.252s] Level 1:colcon.colcon_core.environment:create_file_with_runtime_dependencies(/home/studamr/ros2_ws_exer01/src/install/fake_robot/share/colcon-core/packages/fake_robot)
[35.422s] DEBUG:colcon.colcon_core.event_handler.log_command:Invoked command in '/home/studamr/ros2_ws_exer01/src/build/kalman_positioning' returned '0': CMAKE_PREFIX_PATH=${CMAKE_PREFIX_PATH}:/opt/ros/kilted DEBUGINFOD_URLS=https://debuginfod.ubuntu.com /usr/bin/cmake --build /home/studamr/ros2_ws_exer01/src/build/kalman_positioning -- -j4 -l4
[35.425s] DEBUG:colcon.colcon_core.event_handler.log_command:Invoking command in '/home/studamr/ros2_ws_exer01/src/build/kalman_positioning': CMAKE_PREFIX_PATH=${CMAKE_PREFIX_PATH}:/opt/ros/kilted DEBUGINFOD_URLS=https://debuginfod.ubuntu.com /usr/bin/cmake --install /home/studamr/ros2_ws_exer01/src/build/kalman_positioning
[35.462s] DEBUG:colcon.colcon_core.event_handler.log_command:Invoked command in '/home/studamr/ros2_ws_exer01/src/build/kalman_positioning' returned '1': CMAKE_PREFIX_PATH=${CMAKE_PREFIX_PATH}:/opt/ros/kilted DEBUGINFOD_URLS=https://debuginfod.ubuntu.com /usr/bin/cmake --install /home/studamr/ros2_ws_exer01/src/build/kalman_positioning
[35.463s] Level 1:colcon.colcon_core.environment:create_environment_scripts_only(kalman_positioning)
[35.463s] Level 1:colcon.colcon_core.environment:checking '/home/studamr/ros2_ws_exer01/src/install/kalman_positioning' for CMake module files
[35.464s] Level 1:colcon.colcon_core.environment:checking '/home/studamr/ros2_ws_exer01/src/install/kalman_positioning' for CMake config files
[35.465s] Level 1:colcon.colcon_core.environment:checking '/home/studamr/ros2_ws_exer01/src/install/kalman_positioning/lib'
[35.465s] Level 1:colcon.colcon_core.environment:checking '/home/studamr/ros2_ws_exer01/src/install/kalman_positioning/bin'
[35.465s] Level 1:colcon.colcon_core.environment:checking '/home/studamr/ros2_ws_exer01/src/install/kalman_positioning/lib/pkgconfig/kalman_positioning.pc'
[35.465s] Level 1:colcon.colcon_core.environment:checking '/home/studamr/ros2_ws_exer01/src/install/kalman_positioning/lib/python3.12/site-packages'
[35.466s] Level 1:colcon.colcon_core.environment:checking '/home/studamr/ros2_ws_exer01/src/install/kalman_positioning/bin'
[35.466s] INFO:colcon.colcon_core.shell:Creating package script '/home/studamr/ros2_ws_exer01/src/install/kalman_positioning/share/kalman_positioning/package.ps1'
[35.467s] INFO:colcon.colcon_core.shell:Creating package descriptor '/home/studamr/ros2_ws_exer01/src/install/kalman_positioning/share/kalman_positioning/package.dsv'
[35.469s] INFO:colcon.colcon_core.shell:Creating package script '/home/studamr/ros2_ws_exer01/src/install/kalman_positioning/share/kalman_positioning/package.sh'
[35.469s] INFO:colcon.colcon_core.shell:Creating package script '/home/studamr/ros2_ws_exer01/src/install/kalman_positioning/share/kalman_positioning/package.bash'
[35.471s] INFO:colcon.colcon_core.shell:Creating package script '/home/studamr/ros2_ws_exer01/src/install/kalman_positioning/share/kalman_positioning/package.zsh'
[35.472s] Level 1:colcon.colcon_core.environment:create_file_with_runtime_dependencies(/home/studamr/ros2_ws_exer01/src/install/kalman_positioning/share/colcon-core/packages/kalman_positioning)
[35.473s] DEBUG:colcon.colcon_parallel_executor.executor.parallel:closing loop
[35.473s] DEBUG:colcon.colcon_parallel_executor.executor.parallel:loop closed
[35.473s] DEBUG:colcon.colcon_parallel_executor.executor.parallel:run_until_complete finished with '1'
[35.473s] DEBUG:colcon.colcon_core.event_reactor:joining thread
[35.503s] INFO:colcon.colcon_core.plugin_system:Skipping extension 'colcon_notification.desktop_notification.terminal_notifier': Not used on non-Darwin systems
[35.503s] INFO:colcon.colcon_core.plugin_system:Skipping extension 'colcon_notification.desktop_notification.win32': Not used on non-Windows systems
[35.503s] INFO:colcon.colcon_notification.desktop_notification:Sending desktop notification using 'notify2'
[35.536s] DEBUG:colcon.colcon_core.event_reactor:joined thread
[35.537s] INFO:colcon.colcon_core.shell:Creating prefix script '/home/studamr/ros2_ws_exer01/src/install/local_setup.ps1'
[35.538s] INFO:colcon.colcon_core.shell:Creating prefix util module '/home/studamr/ros2_ws_exer01/src/install/_local_setup_util_ps1.py'
[35.540s] INFO:colcon.colcon_core.shell:Creating prefix chain script '/home/studamr/ros2_ws_exer01/src/install/setup.ps1'
[35.541s] INFO:colcon.colcon_core.shell:Creating prefix script '/home/studamr/ros2_ws_exer01/src/install/local_setup.sh'
[35.542s] INFO:colcon.colcon_core.shell:Creating prefix util module '/home/studamr/ros2_ws_exer01/src/install/_local_setup_util_sh.py'
[35.544s] INFO:colcon.colcon_core.shell:Creating prefix chain script '/home/studamr/ros2_ws_exer01/src/install/setup.sh'
[35.546s] INFO:colcon.colcon_core.shell:Creating prefix script '/home/studamr/ros2_ws_exer01/src/install/local_setup.bash'
[35.546s] INFO:colcon.colcon_core.shell:Creating prefix chain script '/home/studamr/ros2_ws_exer01/src/install/setup.bash'
[35.548s] INFO:colcon.colcon_core.shell:Creating prefix script '/home/studamr/ros2_ws_exer01/src/install/local_setup.zsh'
[35.549s] INFO:colcon.colcon_core.shell:Creating prefix chain script '/home/studamr/ros2_ws_exer01/src/install/setup.zsh'
