[0.264s] DEBUG:colcon:Command line arguments: ['/usr/bin/colcon', 'build']
[0.265s] DEBUG:colcon:Parsed command line arguments: Namespace(log_base=None, log_level=None, verb_name='build', build_base='build', install_base='install', merge_install=False, symlink_install=False, test_result_base=None, continue_on_error=False, executor='parallel', parallel_workers=4, event_handlers=None, ignore_user_meta=False, metas=['./colcon.meta'], base_paths=['.'], packages_ignore=None, packages_ignore_regex=None, paths=None, packages_up_to=None, packages_up_to_regex=None, packages_above=None, packages_above_and_dependencies=None, packages_above_depth=None, packages_select_by_dep=None, packages_skip_by_dep=None, packages_skip_up_to=None, packages_select_build_failed=False, packages_skip_build_finished=False, packages_select_test_failures=False, packages_skip_test_passed=False, packages_select=None, packages_skip=None, packages_select_regex=None, packages_skip_regex=None, packages_start=None, packages_end=None, allow_overriding=[], cmake_args=None, cmake_target=None, cmake_target_skip_unavailable=False, cmake_clean_cache=False, cmake_clean_first=False, cmake_force_configure=False, ament_cmake_args=None, catkin_cmake_args=None, catkin_skip_building_tests=False, mixin_files=None, mixin=None, verb_parser=<colcon_mixin.mixin.mixin_argument.MixinArgumentDecorator object at 0x7b525a387d40>, verb_extension=<colcon_core.verb.build.BuildVerb object at 0x7b525a385130>, main=<bound method BuildVerb.main of <colcon_core.verb.build.BuildVerb object at 0x7b525a385130>>, mixin_verb=('build',))
[0.363s] Level 1:colcon.colcon_core.package_discovery:discover_packages(colcon_meta) check parameters
[0.363s] Level 1:colcon.colcon_core.package_discovery:discover_packages(recursive) check parameters
[0.363s] Level 1:colcon.colcon_core.package_discovery:discover_packages(ignore) check parameters
[0.363s] Level 1:colcon.colcon_core.package_discovery:discover_packages(path) check parameters
[0.363s] Level 1:colcon.colcon_core.package_discovery:discover_packages(colcon_meta) discover
[0.364s] Level 1:colcon.colcon_core.package_discovery:discover_packages(recursive) discover
[0.364s] INFO:colcon.colcon_core.package_discovery:Crawling recursively for packages in '/home/studamr/ros2_ws_exer01/src'
[0.364s] Level 1:colcon.colcon_core.package_identification:_identify(.) by extensions ['ignore', 'ignore_ament_install']
[0.364s] Level 1:colcon.colcon_core.package_identification:_identify(.) by extension 'ignore'
[0.365s] Level 1:colcon.colcon_core.package_identification:_identify(.) by extension 'ignore_ament_install'
[0.365s] Level 1:colcon.colcon_core.package_identification:_identify(.) by extensions ['colcon_pkg']
[0.365s] Level 1:colcon.colcon_core.package_identification:_identify(.) by extension 'colcon_pkg'
[0.365s] Level 1:colcon.colcon_core.package_identification:_identify(.) by extensions ['colcon_meta']
[0.365s] Level 1:colcon.colcon_core.package_identification:_identify(.) by extension 'colcon_meta'
[0.365s] Level 1:colcon.colcon_core.package_identification:_identify(.) by extensions ['ros']
[0.365s] Level 1:colcon.colcon_core.package_identification:_identify(.) by extension 'ros'
[0.420s] Level 1:colcon.colcon_core.package_identification:_identify(.) by extensions ['cmake', 'python']
[0.420s] Level 1:colcon.colcon_core.package_identification:_identify(.) by extension 'cmake'
[0.420s] Level 1:colcon.colcon_core.package_identification:_identify(.) by extension 'python'
[0.420s] Level 1:colcon.colcon_core.package_identification:_identify(.) by extensions ['python_setup_py']
[0.420s] Level 1:colcon.colcon_core.package_identification:_identify(.) by extension 'python_setup_py'
[0.422s] Level 1:colcon.colcon_core.package_identification:_identify(build) by extensions ['ignore', 'ignore_ament_install']
[0.423s] Level 1:colcon.colcon_core.package_identification:_identify(build) by extension 'ignore'
[0.423s] Level 1:colcon.colcon_core.package_identification:_identify(build) ignored
[0.424s] Level 1:colcon.colcon_core.package_identification:_identify(fake_robot) by extensions ['ignore', 'ignore_ament_install']
[0.425s] Level 1:colcon.colcon_core.package_identification:_identify(fake_robot) by extension 'ignore'
[0.425s] Level 1:colcon.colcon_core.package_identification:_identify(fake_robot) by extension 'ignore_ament_install'
[0.425s] Level 1:colcon.colcon_core.package_identification:_identify(fake_robot) by extensions ['colcon_pkg']
[0.425s] Level 1:colcon.colcon_core.package_identification:_identify(fake_robot) by extension 'colcon_pkg'
[0.425s] Level 1:colcon.colcon_core.package_identification:_identify(fake_robot) by extensions ['colcon_meta']
[0.425s] Level 1:colcon.colcon_core.package_identification:_identify(fake_robot) by extension 'colcon_meta'
[0.425s] Level 1:colcon.colcon_core.package_identification:_identify(fake_robot) by extensions ['ros']
[0.425s] Level 1:colcon.colcon_core.package_identification:_identify(fake_robot) by extension 'ros'
[0.430s] DEBUG:colcon.colcon_core.package_identification:Package 'fake_robot' with type 'ros.ament_cmake' and name 'fake_robot'
[0.433s] Level 1:colcon.colcon_core.package_identification:_identify(install) by extensions ['ignore', 'ignore_ament_install']
[0.433s] Level 1:colcon.colcon_core.package_identification:_identify(install) by extension 'ignore'
[0.433s] Level 1:colcon.colcon_core.package_identification:_identify(install) ignored
[0.433s] Level 1:colcon.colcon_core.package_identification:_identify(kalman_positioning) by extensions ['ignore', 'ignore_ament_install']
[0.433s] Level 1:colcon.colcon_core.package_identification:_identify(kalman_positioning) by extension 'ignore'
[0.433s] Level 1:colcon.colcon_core.package_identification:_identify(kalman_positioning) by extension 'ignore_ament_install'
[0.433s] Level 1:colcon.colcon_core.package_identification:_identify(kalman_positioning) by extensions ['colcon_pkg']
[0.433s] Level 1:colcon.colcon_core.package_identification:_identify(kalman_positioning) by extension 'colcon_pkg'
[0.433s] Level 1:colcon.colcon_core.package_identification:_identify(kalman_positioning) by extensions ['colcon_meta']
[0.434s] Level 1:colcon.colcon_core.package_identification:_identify(kalman_positioning) by extension 'colcon_meta'
[0.434s] Level 1:colcon.colcon_core.package_identification:_identify(kalman_positioning) by extensions ['ros']
[0.434s] Level 1:colcon.colcon_core.package_identification:_identify(kalman_positioning) by extension 'ros'
[0.435s] DEBUG:colcon.colcon_core.package_identification:Package 'kalman_positioning' with type 'ros.ament_cmake' and name 'kalman_positioning'
[0.435s] Level 1:colcon.colcon_core.package_identification:_identify(log) by extensions ['ignore', 'ignore_ament_install']
[0.435s] Level 1:colcon.colcon_core.package_identification:_identify(log) by extension 'ignore'
[0.435s] Level 1:colcon.colcon_core.package_identification:_identify(log) ignored
[0.435s] Level 1:colcon.colcon_core.package_discovery:discover_packages(recursive) using defaults
[0.435s] Level 1:colcon.colcon_core.package_discovery:discover_packages(ignore) discover
[0.435s] Level 1:colcon.colcon_core.package_discovery:discover_packages(ignore) using defaults
[0.435s] Level 1:colcon.colcon_core.package_discovery:discover_packages(path) discover
[0.435s] Level 1:colcon.colcon_core.package_discovery:discover_packages(path) using defaults
[0.468s] Level 1:colcon.colcon_core.package_discovery:discover_packages(prefix_path) check parameters
[0.468s] Level 1:colcon.colcon_core.package_discovery:discover_packages(prefix_path) discover
[0.496s] DEBUG:colcon.colcon_installed_package_information.package_discovery:Found 322 installed packages in /opt/ros/kilted
[0.500s] Level 1:colcon.colcon_core.package_discovery:discover_packages(prefix_path) using defaults
[0.547s] Level 5:colcon.colcon_core.verb:set package 'fake_robot' build argument 'cmake_args' from command line to 'None'
[0.548s] Level 5:colcon.colcon_core.verb:set package 'fake_robot' build argument 'cmake_target' from command line to 'None'
[0.548s] Level 5:colcon.colcon_core.verb:set package 'fake_robot' build argument 'cmake_target_skip_unavailable' from command line to 'False'
[0.548s] Level 5:colcon.colcon_core.verb:set package 'fake_robot' build argument 'cmake_clean_cache' from command line to 'False'
[0.548s] Level 5:colcon.colcon_core.verb:set package 'fake_robot' build argument 'cmake_clean_first' from command line to 'False'
[0.548s] Level 5:colcon.colcon_core.verb:set package 'fake_robot' build argument 'cmake_force_configure' from command line to 'False'
[0.548s] Level 5:colcon.colcon_core.verb:set package 'fake_robot' build argument 'ament_cmake_args' from command line to 'None'
[0.548s] Level 5:colcon.colcon_core.verb:set package 'fake_robot' build argument 'catkin_cmake_args' from command line to 'None'
[0.548s] Level 5:colcon.colcon_core.verb:set package 'fake_robot' build argument 'catkin_skip_building_tests' from command line to 'False'
[0.548s] DEBUG:colcon.colcon_core.verb:Building package 'fake_robot' with the following arguments: {'ament_cmake_args': None, 'build_base': '/home/studamr/ros2_ws_exer01/src/build/fake_robot', 'catkin_cmake_args': None, 'catkin_skip_building_tests': False, 'cmake_args': None, 'cmake_clean_cache': False, 'cmake_clean_first': False, 'cmake_force_configure': False, 'cmake_target': None, 'cmake_target_skip_unavailable': False, 'install_base': '/home/studamr/ros2_ws_exer01/src/install/fake_robot', 'merge_install': False, 'path': '/home/studamr/ros2_ws_exer01/src/fake_robot', 'symlink_install': False, 'test_result_base': None}
[0.548s] Level 5:colcon.colcon_core.verb:set package 'kalman_positioning' build argument 'cmake_args' from command line to 'None'
[0.549s] Level 5:colcon.colcon_core.verb:set package 'kalman_positioning' build argument 'cmake_target' from command line to 'None'
[0.549s] Level 5:colcon.colcon_core.verb:set package 'kalman_positioning' build argument 'cmake_target_skip_unavailable' from command line to 'False'
[0.549s] Level 5:colcon.colcon_core.verb:set package 'kalman_positioning' build argument 'cmake_clean_cache' from command line to 'False'
[0.549s] Level 5:colcon.colcon_core.verb:set package 'kalman_positioning' build argument 'cmake_clean_first' from command line to 'False'
[0.549s] Level 5:colcon.colcon_core.verb:set package 'kalman_positioning' build argument 'cmake_force_configure' from command line to 'False'
[0.549s] Level 5:colcon.colcon_core.verb:set package 'kalman_positioning' build argument 'ament_cmake_args' from command line to 'None'
[0.549s] Level 5:colcon.colcon_core.verb:set package 'kalman_positioning' build argument 'catkin_cmake_args' from command line to 'None'
[0.549s] Level 5:colcon.colcon_core.verb:set package 'kalman_positioning' build argument 'catkin_skip_building_tests' from command line to 'False'
[0.549s] DEBUG:colcon.colcon_core.verb:Building package 'kalman_positioning' with the following arguments: {'ament_cmake_args': None, 'build_base': '/home/studamr/ros2_ws_exer01/src/build/kalman_positioning', 'catkin_cmake_args': None, 'catkin_skip_building_tests': False, 'cmake_args': None, 'cmake_clean_cache': False, 'cmake_clean_first': False, 'cmake_force_configure': False, 'cmake_target': None, 'cmake_target_skip_unavailable': False, 'install_base': '/home/studamr/ros2_ws_exer01/src/install/kalman_positioning', 'merge_install': False, 'path': '/home/studamr/ros2_ws_exer01/src/kalman_positioning', 'symlink_install': False, 'test_result_base': None}
[0.549s] INFO:colcon.colcon_core.executor:Executing jobs using 'parallel' executor
[0.552s] DEBUG:colcon.colcon_parallel_executor.executor.parallel:run_until_complete
[0.552s] INFO:colcon.colcon_ros.task.ament_cmake.build:Building ROS package in '/home/studamr/ros2_ws_exer01/src/fake_robot' with build type 'ament_cmake'
[0.553s] INFO:colcon.colcon_cmake.task.cmake.build:Building CMake package in '/home/studamr/ros2_ws_exer01/src/fake_robot'
[0.566s] INFO:colcon.colcon_core.plugin_system:Skipping extension 'colcon_core.shell.bat': Not used on non-Windows systems
[0.566s] INFO:colcon.colcon_core.shell:Skip shell extension 'powershell' for command environment: Not usable outside of PowerShell
[0.566s] DEBUG:colcon.colcon_core.shell:Skip shell extension 'dsv' for command environment
[0.576s] INFO:colcon.colcon_ros.task.ament_cmake.build:Building ROS package in '/home/studamr/ros2_ws_exer01/src/kalman_positioning' with build type 'ament_cmake'
[0.577s] INFO:colcon.colcon_cmake.task.cmake.build:Building CMake package in '/home/studamr/ros2_ws_exer01/src/kalman_positioning'
[0.577s] INFO:colcon.colcon_core.shell:Skip shell extension 'powershell' for command environment: Not usable outside of PowerShell
[0.578s] DEBUG:colcon.colcon_core.shell:Skip shell extension 'dsv' for command environment
[0.601s] DEBUG:colcon.colcon_core.event_handler.log_command:Invoking command in '/home/studamr/ros2_ws_exer01/src/build/fake_robot': CMAKE_PREFIX_PATH=${CMAKE_PREFIX_PATH}:/opt/ros/kilted DEBUGINFOD_URLS=https://debuginfod.ubuntu.com /usr/bin/cmake --build /home/studamr/ros2_ws_exer01/src/build/fake_robot -- -j4 -l4
[0.633s] DEBUG:colcon.colcon_core.event_handler.log_command:Invoking command in '/home/studamr/ros2_ws_exer01/src/build/kalman_positioning': CMAKE_PREFIX_PATH=${CMAKE_PREFIX_PATH}:/opt/ros/kilted DEBUGINFOD_URLS=https://debuginfod.ubuntu.com /usr/bin/cmake --build /home/studamr/ros2_ws_exer01/src/build/kalman_positioning -- -j4 -l4
[0.818s] DEBUG:colcon.colcon_core.event_handler.log_command:Invoked command in '/home/studamr/ros2_ws_exer01/src/build/fake_robot' returned '0': CMAKE_PREFIX_PATH=${CMAKE_PREFIX_PATH}:/opt/ros/kilted DEBUGINFOD_URLS=https://debuginfod.ubuntu.com /usr/bin/cmake --build /home/studamr/ros2_ws_exer01/src/build/fake_robot -- -j4 -l4
[0.845s] DEBUG:colcon.colcon_core.event_handler.log_command:Invoking command in '/home/studamr/ros2_ws_exer01/src/build/fake_robot': CMAKE_PREFIX_PATH=${CMAKE_PREFIX_PATH}:/opt/ros/kilted DEBUGINFOD_URLS=https://debuginfod.ubuntu.com /usr/bin/cmake --install /home/studamr/ros2_ws_exer01/src/build/fake_robot
[0.880s] Level 1:colcon.colcon_core.environment:create_environment_scripts_only(fake_robot)
[0.881s] DEBUG:colcon.colcon_core.event_handler.log_command:Invoked command in '/home/studamr/ros2_ws_exer01/src/build/fake_robot' returned '0': CMAKE_PREFIX_PATH=${CMAKE_PREFIX_PATH}:/opt/ros/kilted DEBUGINFOD_URLS=https://debuginfod.ubuntu.com /usr/bin/cmake --install /home/studamr/ros2_ws_exer01/src/build/fake_robot
[0.897s] Level 1:colcon.colcon_core.environment:checking '/home/studamr/ros2_ws_exer01/src/install/fake_robot' for CMake module files
[0.905s] Level 1:colcon.colcon_core.environment:checking '/home/studamr/ros2_ws_exer01/src/install/fake_robot' for CMake config files
[0.924s] Level 1:colcon.colcon_core.shell:create_environment_hook('fake_robot', 'cmake_prefix_path')
[0.924s] INFO:colcon.colcon_core.shell:Creating environment hook '/home/studamr/ros2_ws_exer01/src/install/fake_robot/share/fake_robot/hook/cmake_prefix_path.ps1'
[0.926s] INFO:colcon.colcon_core.shell:Creating environment descriptor '/home/studamr/ros2_ws_exer01/src/install/fake_robot/share/fake_robot/hook/cmake_prefix_path.dsv'
[0.929s] INFO:colcon.colcon_core.shell:Creating environment hook '/home/studamr/ros2_ws_exer01/src/install/fake_robot/share/fake_robot/hook/cmake_prefix_path.sh'
[0.932s] Level 1:colcon.colcon_core.environment:checking '/home/studamr/ros2_ws_exer01/src/install/fake_robot/lib'
[0.934s] Level 1:colcon.colcon_core.environment:checking '/home/studamr/ros2_ws_exer01/src/install/fake_robot/bin'
[0.935s] Level 1:colcon.colcon_core.environment:checking '/home/studamr/ros2_ws_exer01/src/install/fake_robot/lib/pkgconfig/fake_robot.pc'
[0.935s] Level 1:colcon.colcon_core.environment:checking '/home/studamr/ros2_ws_exer01/src/install/fake_robot/lib/python3.12/site-packages'
[0.936s] Level 1:colcon.colcon_core.environment:checking '/home/studamr/ros2_ws_exer01/src/install/fake_robot/bin'
[0.937s] INFO:colcon.colcon_core.shell:Creating package script '/home/studamr/ros2_ws_exer01/src/install/fake_robot/share/fake_robot/package.ps1'
[0.939s] INFO:colcon.colcon_core.shell:Creating package descriptor '/home/studamr/ros2_ws_exer01/src/install/fake_robot/share/fake_robot/package.dsv'
[0.941s] INFO:colcon.colcon_core.shell:Creating package script '/home/studamr/ros2_ws_exer01/src/install/fake_robot/share/fake_robot/package.sh'
[0.943s] INFO:colcon.colcon_core.shell:Creating package script '/home/studamr/ros2_ws_exer01/src/install/fake_robot/share/fake_robot/package.bash'
[0.945s] INFO:colcon.colcon_core.shell:Creating package script '/home/studamr/ros2_ws_exer01/src/install/fake_robot/share/fake_robot/package.zsh'
[0.948s] Level 1:colcon.colcon_core.environment:create_file_with_runtime_dependencies(/home/studamr/ros2_ws_exer01/src/install/fake_robot/share/colcon-core/packages/fake_robot)
[0.950s] Level 1:colcon.colcon_core.environment:create_environment_scripts_only(fake_robot)
[0.951s] Level 1:colcon.colcon_core.environment:checking '/home/studamr/ros2_ws_exer01/src/install/fake_robot' for CMake module files
[0.952s] Level 1:colcon.colcon_core.environment:checking '/home/studamr/ros2_ws_exer01/src/install/fake_robot' for CMake config files
[0.952s] Level 1:colcon.colcon_core.shell:create_environment_hook('fake_robot', 'cmake_prefix_path')
[0.952s] INFO:colcon.colcon_core.shell:Creating environment hook '/home/studamr/ros2_ws_exer01/src/install/fake_robot/share/fake_robot/hook/cmake_prefix_path.ps1'
[0.954s] INFO:colcon.colcon_core.shell:Creating environment descriptor '/home/studamr/ros2_ws_exer01/src/install/fake_robot/share/fake_robot/hook/cmake_prefix_path.dsv'
[0.958s] INFO:colcon.colcon_core.shell:Creating environment hook '/home/studamr/ros2_ws_exer01/src/install/fake_robot/share/fake_robot/hook/cmake_prefix_path.sh'
[0.961s] Level 1:colcon.colcon_core.environment:checking '/home/studamr/ros2_ws_exer01/src/install/fake_robot/lib'
[0.961s] Level 1:colcon.colcon_core.environment:checking '/home/studamr/ros2_ws_exer01/src/install/fake_robot/bin'
[0.961s] Level 1:colcon.colcon_core.environment:checking '/home/studamr/ros2_ws_exer01/src/install/fake_robot/lib/pkgconfig/fake_robot.pc'
[0.961s] Level 1:colcon.colcon_core.environment:checking '/home/studamr/ros2_ws_exer01/src/install/fake_robot/lib/python3.12/site-packages'
[0.962s] Level 1:colcon.colcon_core.environment:checking '/home/studamr/ros2_ws_exer01/src/install/fake_robot/bin'
[0.963s] INFO:colcon.colcon_core.shell:Creating package script '/home/studamr/ros2_ws_exer01/src/install/fake_robot/share/fake_robot/package.ps1'
[0.965s] INFO:colcon.colcon_core.shell:Creating package descriptor '/home/studamr/ros2_ws_exer01/src/install/fake_robot/share/fake_robot/package.dsv'
[0.967s] INFO:colcon.colcon_core.shell:Creating package script '/home/studamr/ros2_ws_exer01/src/install/fake_robot/share/fake_robot/package.sh'
[0.970s] INFO:colcon.colcon_core.shell:Creating package script '/home/studamr/ros2_ws_exer01/src/install/fake_robot/share/fake_robot/package.bash'
[0.971s] INFO:colcon.colcon_core.shell:Creating package script '/home/studamr/ros2_ws_exer01/src/install/fake_robot/share/fake_robot/package.zsh'
[0.973s] Level 1:colcon.colcon_core.environment:create_file_with_runtime_dependencies(/home/studamr/ros2_ws_exer01/src/install/fake_robot/share/colcon-core/packages/fake_robot)
[0.985s] DEBUG:colcon.colcon_core.event_handler.log_command:Invoked command in '/home/studamr/ros2_ws_exer01/src/build/kalman_positioning' returned '0': CMAKE_PREFIX_PATH=${CMAKE_PREFIX_PATH}:/opt/ros/kilted DEBUGINFOD_URLS=https://debuginfod.ubuntu.com /usr/bin/cmake --build /home/studamr/ros2_ws_exer01/src/build/kalman_positioning -- -j4 -l4
[0.986s] DEBUG:colcon.colcon_core.event_handler.log_command:Invoking command in '/home/studamr/ros2_ws_exer01/src/build/kalman_positioning': CMAKE_PREFIX_PATH=${CMAKE_PREFIX_PATH}:/opt/ros/kilted DEBUGINFOD_URLS=https://debuginfod.ubuntu.com /usr/bin/cmake --install /home/studamr/ros2_ws_exer01/src/build/kalman_positioning
[1.044s] Level 1:colcon.colcon_core.environment:create_environment_scripts_only(kalman_positioning)
[1.045s] Level 1:colcon.colcon_core.environment:checking '/home/studamr/ros2_ws_exer01/src/install/kalman_positioning' for CMake module files
[1.047s] DEBUG:colcon.colcon_core.event_handler.log_command:Invoked command in '/home/studamr/ros2_ws_exer01/src/build/kalman_positioning' returned '0': CMAKE_PREFIX_PATH=${CMAKE_PREFIX_PATH}:/opt/ros/kilted DEBUGINFOD_URLS=https://debuginfod.ubuntu.com /usr/bin/cmake --install /home/studamr/ros2_ws_exer01/src/build/kalman_positioning
[1.049s] Level 1:colcon.colcon_core.environment:checking '/home/studamr/ros2_ws_exer01/src/install/kalman_positioning' for CMake config files
[1.059s] Level 1:colcon.colcon_core.shell:create_environment_hook('kalman_positioning', 'cmake_prefix_path')
[1.060s] INFO:colcon.colcon_core.shell:Creating environment hook '/home/studamr/ros2_ws_exer01/src/install/kalman_positioning/share/kalman_positioning/hook/cmake_prefix_path.ps1'
[1.065s] INFO:colcon.colcon_core.shell:Creating environment descriptor '/home/studamr/ros2_ws_exer01/src/install/kalman_positioning/share/kalman_positioning/hook/cmake_prefix_path.dsv'
[1.066s] INFO:colcon.colcon_core.shell:Creating environment hook '/home/studamr/ros2_ws_exer01/src/install/kalman_positioning/share/kalman_positioning/hook/cmake_prefix_path.sh'
[1.067s] Level 1:colcon.colcon_core.environment:checking '/home/studamr/ros2_ws_exer01/src/install/kalman_positioning/lib'
[1.070s] Level 1:colcon.colcon_core.environment:checking '/home/studamr/ros2_ws_exer01/src/install/kalman_positioning/bin'
[1.071s] Level 1:colcon.colcon_core.environment:checking '/home/studamr/ros2_ws_exer01/src/install/kalman_positioning/lib/pkgconfig/kalman_positioning.pc'
[1.072s] Level 1:colcon.colcon_core.environment:checking '/home/studamr/ros2_ws_exer01/src/install/kalman_positioning/lib/python3.12/site-packages'
[1.073s] Level 1:colcon.colcon_core.environment:checking '/home/studamr/ros2_ws_exer01/src/install/kalman_positioning/bin'
[1.073s] INFO:colcon.colcon_core.shell:Creating package script '/home/studamr/ros2_ws_exer01/src/install/kalman_positioning/share/kalman_positioning/package.ps1'
[1.075s] INFO:colcon.colcon_core.shell:Creating package descriptor '/home/studamr/ros2_ws_exer01/src/install/kalman_positioning/share/kalman_positioning/package.dsv'
[1.077s] INFO:colcon.colcon_core.shell:Creating package script '/home/studamr/ros2_ws_exer01/src/install/kalman_positioning/share/kalman_positioning/package.sh'
[1.078s] INFO:colcon.colcon_core.shell:Creating package script '/home/studamr/ros2_ws_exer01/src/install/kalman_positioning/share/kalman_positioning/package.bash'
[1.079s] INFO:colcon.colcon_core.shell:Creating package script '/home/studamr/ros2_ws_exer01/src/install/kalman_positioning/share/kalman_positioning/package.zsh'
[1.080s] Level 1:colcon.colcon_core.environment:create_file_with_runtime_dependencies(/home/studamr/ros2_ws_exer01/src/install/kalman_positioning/share/colcon-core/packages/kalman_positioning)
[1.082s] Level 1:colcon.colcon_core.environment:create_environment_scripts_only(kalman_positioning)
[1.083s] Level 1:colcon.colcon_core.environment:checking '/home/studamr/ros2_ws_exer01/src/install/kalman_positioning' for CMake module files
[1.085s] Level 1:colcon.colcon_core.environment:checking '/home/studamr/ros2_ws_exer01/src/install/kalman_positioning' for CMake config files
[1.086s] Level 1:colcon.colcon_core.shell:create_environment_hook('kalman_positioning', 'cmake_prefix_path')
[1.086s] INFO:colcon.colcon_core.shell:Creating environment hook '/home/studamr/ros2_ws_exer01/src/install/kalman_positioning/share/kalman_positioning/hook/cmake_prefix_path.ps1'
[1.089s] INFO:colcon.colcon_core.shell:Creating environment descriptor '/home/studamr/ros2_ws_exer01/src/install/kalman_positioning/share/kalman_positioning/hook/cmake_prefix_path.dsv'
[1.090s] INFO:colcon.colcon_core.shell:Creating environment hook '/home/studamr/ros2_ws_exer01/src/install/kalman_positioning/share/kalman_positioning/hook/cmake_prefix_path.sh'
[1.092s] Level 1:colcon.colcon_core.environment:checking '/home/studamr/ros2_ws_exer01/src/install/kalman_positioning/lib'
[1.092s] Level 1:colcon.colcon_core.environment:checking '/home/studamr/ros2_ws_exer01/src/install/kalman_positioning/bin'
[1.094s] Level 1:colcon.colcon_core.environment:checking '/home/studamr/ros2_ws_exer01/src/install/kalman_positioning/lib/pkgconfig/kalman_positioning.pc'
[1.095s] Level 1:colcon.colcon_core.environment:checking '/home/studamr/ros2_ws_exer01/src/install/kalman_positioning/lib/python3.12/site-packages'
[1.095s] Level 1:colcon.colcon_core.environment:checking '/home/studamr/ros2_ws_exer01/src/install/kalman_positioning/bin'
[1.096s] INFO:colcon.colcon_core.shell:Creating package script '/home/studamr/ros2_ws_exer01/src/install/kalman_positioning/share/kalman_positioning/package.ps1'
[1.097s] INFO:colcon.colcon_core.shell:Creating package descriptor '/home/studamr/ros2_ws_exer01/src/install/kalman_positioning/share/kalman_positioning/package.dsv'
[1.099s] INFO:colcon.colcon_core.shell:Creating package script '/home/studamr/ros2_ws_exer01/src/install/kalman_positioning/share/kalman_positioning/package.sh'
[1.100s] INFO:colcon.colcon_core.shell:Creating package script '/home/studamr/ros2_ws_exer01/src/install/kalman_positioning/share/kalman_positioning/package.bash'
[1.103s] INFO:colcon.colcon_core.shell:Creating package script '/home/studamr/ros2_ws_exer01/src/install/kalman_positioning/share/kalman_positioning/package.zsh'
[1.105s] Level 1:colcon.colcon_core.environment:create_file_with_runtime_dependencies(/home/studamr/ros2_ws_exer01/src/install/kalman_positioning/share/colcon-core/packages/kalman_positioning)
[1.106s] DEBUG:colcon.colcon_parallel_executor.executor.parallel:closing loop
[1.108s] DEBUG:colcon.colcon_parallel_executor.executor.parallel:loop closed
[1.108s] DEBUG:colcon.colcon_parallel_executor.executor.parallel:run_until_complete finished with '0'
[1.108s] DEBUG:colcon.colcon_core.event_reactor:joining thread
[1.123s] INFO:colcon.colcon_core.plugin_system:Skipping extension 'colcon_notification.desktop_notification.terminal_notifier': Not used on non-Darwin systems
[1.124s] INFO:colcon.colcon_core.plugin_system:Skipping extension 'colcon_notification.desktop_notification.win32': Not used on non-Windows systems
[1.124s] INFO:colcon.colcon_notification.desktop_notification:Sending desktop notification using 'notify2'
[1.187s] DEBUG:colcon.colcon_core.event_reactor:joined thread
[1.187s] INFO:colcon.colcon_core.shell:Creating prefix script '/home/studamr/ros2_ws_exer01/src/install/local_setup.ps1'
[1.189s] INFO:colcon.colcon_core.shell:Creating prefix util module '/home/studamr/ros2_ws_exer01/src/install/_local_setup_util_ps1.py'
[1.191s] INFO:colcon.colcon_core.shell:Creating prefix chain script '/home/studamr/ros2_ws_exer01/src/install/setup.ps1'
[1.192s] INFO:colcon.colcon_core.shell:Creating prefix script '/home/studamr/ros2_ws_exer01/src/install/local_setup.sh'
[1.193s] INFO:colcon.colcon_core.shell:Creating prefix util module '/home/studamr/ros2_ws_exer01/src/install/_local_setup_util_sh.py'
[1.195s] INFO:colcon.colcon_core.shell:Creating prefix chain script '/home/studamr/ros2_ws_exer01/src/install/setup.sh'
[1.196s] INFO:colcon.colcon_core.shell:Creating prefix script '/home/studamr/ros2_ws_exer01/src/install/local_setup.bash'
[1.197s] INFO:colcon.colcon_core.shell:Creating prefix chain script '/home/studamr/ros2_ws_exer01/src/install/setup.bash'
[1.199s] INFO:colcon.colcon_core.shell:Creating prefix script '/home/studamr/ros2_ws_exer01/src/install/local_setup.zsh'
[1.200s] INFO:colcon.colcon_core.shell:Creating prefix chain script '/home/studamr/ros2_ws_exer01/src/install/setup.zsh'
